
synthesis -f "Lab4_SmartTekbotRemote_Lab4_SmartTekbotRemote_lattice.synproj"
synthesis:  version Diamond (64-bit) 3.1.0.96

Copyright (c) 1991-1994 by NeoCAD Inc. All rights reserved.
Copyright (c) 1995 AT&T Corp.   All rights reserved.
Copyright (c) 1995-2001 Lucent Technologies Inc.  All rights reserved.
Copyright (c) 2001 Agere Systems   All rights reserved.
Copyright (c) 2002-2014 Lattice Semiconductor Corporation,  All rights reserved.
Wed May 28 15:17:28 2014


Command Line:  synthesis -f Lab4_SmartTekbotRemote_Lab4_SmartTekbotRemote_lattice.synproj -gui 

-- all messages logged in file synthesis.log

Synthesis options:
The -a option is MachXO2.
The -s option is 4.
The -t option is TQFP144.
The -d option is LCMXO2-7000HE.
Using package TQFP144.
Using performance grade 4.
INFO:                                                           

INFO: ##########################################################

INFO: ### Lattice Family : MachXO2A

INFO: ### Device  : LCMXO2-7000HE

INFO: ### Package : TQFP144

INFO: ### Speed   : 4

INFO: ##########################################################

INFO:                                                           

Optimization goal = Balanced
Top-level module name = Section5_Top.
Target frequency = 200.000000 MHz.
Maximum fanout = 1000.
Timing path count = 3
BRAM utilization = 100.000000 %
DSP usage = true (default)
DSP utilization = 100 % (default)
fsm_encoding_style = auto
resolve_mixed_drivers = 0
INFO: fix_gated_clocks = 1

Mux style = Auto
Use Carry Chain = true
carry_chain_length = 0
Use IO Insertion = TRUE
Use IO Reg = TRUE
Resource Sharing = TRUE
Propagate Constants = TRUE
Remove Duplicate Registers = TRUE
force_gsr = auto
ROM style = auto
RAM style = auto
The -comp option is FALSE.
The -syn option is FALSE.
-p C:/lscc/diamond/3.1_x64/bin/nt64/Lab5_TekBotSM (searchpath added)
-p C:/lscc/diamond/3.1_x64/ispfpga/xo2c00/data (searchpath added)
-p C:/lscc/diamond/3.1_x64/bin/nt64/Lab5_TekBotSM/Lab4_SmartTekbotRemote (searchpath added)
-p C:/lscc/diamond/3.1_x64/bin/nt64/Lab5_TekBotSM (searchpath added)
Verilog design file = C:/lscc/diamond/3.1_x64/bin/nt64/Lab5_TekBotSM/clock_counter.v
Verilog design file = C:/lscc/diamond/3.1_x64/bin/nt64/Lab5_TekBotSM/Section5_SM.v
Verilog design file = C:/lscc/diamond/3.1_x64/bin/nt64/Lab5_TekBotSM/Section5_Top.v
NGD file = Lab4_SmartTekbotRemote_Lab4_SmartTekbotRemote.ngd
-sdc option: SDC file input not used.
-lpf option: Output file option is OFF.
Hardtimer checking is enabled (default). The -dt option is not used.
The -r option is OFF. [ Remove LOC Properties is OFF. ]
-- Technology check ok...

Compile design.
Compile Design Begin
Top module name (Verilog): Section5_Top
    <postMsg mid="35901018" type="Info"    dynamic="2" navigation="2" arg0="c:/lscc/diamond/3.1_x64/bin/nt64/lab5_tekbotsm/section5_top.v(1): " arg1="Section5_Top" arg2="c:/lscc/diamond/3.1_x64/bin/nt64/lab5_tekbotsm/section5_top.v" arg3="1"  />
    <postMsg mid="35901018" type="Info"    dynamic="2" navigation="2" arg0="C:/lscc/diamond/3.1_x64/ispfpga/userware/NT/SYNTHESIS_HEADERS/machxo2.v(1793): " arg1="OSCH(NOM_FREQ=&quot;2.08&quot;)" arg2="C:/lscc/diamond/3.1_x64/ispfpga/userware/NT/SYNTHESIS_HEADERS/machxo2.v" arg3="1793"  />
    <postMsg mid="35901018" type="Info"    dynamic="2" navigation="2" arg0="c:/lscc/diamond/3.1_x64/bin/nt64/lab5_tekbotsm/clock_counter.v(1): " arg1="clock_counter" arg2="c:/lscc/diamond/3.1_x64/bin/nt64/lab5_tekbotsm/clock_counter.v" arg3="1"  />
    <postMsg mid="35901018" type="Info"    dynamic="2" navigation="2" arg0="c:/lscc/diamond/3.1_x64/bin/nt64/lab5_tekbotsm/section5_sm.v(1): " arg1="Sec5_SM" arg2="c:/lscc/diamond/3.1_x64/bin/nt64/lab5_tekbotsm/section5_sm.v" arg3="1"  />
Last elaborated design is Section5_Top()
Loading NGL library 'C:/lscc/diamond/3.1_x64/ispfpga/xo2c00a/data/xo2alib.ngl'...
Loading NGL library 'C:/lscc/diamond/3.1_x64/ispfpga/xo2c00/data/xo2clib.ngl'...
Loading NGL library 'C:/lscc/diamond/3.1_x64/ispfpga/mg5g00/data/mg5glib.ngl'...
Loading NGL library 'C:/lscc/diamond/3.1_x64/ispfpga/or5g00/data/orc5glib.ngl'...
Loading device for application map from file 'xo2c7000.nph' in environment: C:/lscc/diamond/3.1_x64/ispfpga.
Package Status:                     Final          Version 1.36
Top-level module name = Section5_Top.

Extracted state machine for register: \FSM_1/state

State machine has 8 states with original encoding

original encoding -> new encoding (OneHot Encoding)

 000 -> 00000001

 001 -> 00000010

 010 -> 00000100

 011 -> 00001000

 100 -> 00010000

 101 -> 00100000

 110 -> 01000000

 111 -> 10000000

 Number of Reachable States for this State Machine are 7 





    <postMsg mid="35935010" type="Warning" dynamic="3" navigation="0" arg0="" arg1="0" arg2="\FSM_1/state_FSM"  />
GSR instance connected to net reset_n_c.
    <postMsg mid="35001609" type="Warning" dynamic="0" navigation="0"  />
INFO: Applying 200.000000 MHz constraint to all clocks

Results of NGD DRC are available in Section5_Top_drc.log.
Loading NGL library 'C:/lscc/diamond/3.1_x64/ispfpga/xo2c00a/data/xo2alib.ngl'...
Loading NGL library 'C:/lscc/diamond/3.1_x64/ispfpga/xo2c00/data/xo2clib.ngl'...
Loading NGL library 'C:/lscc/diamond/3.1_x64/ispfpga/mg5g00/data/mg5glib.ngl'...
Loading NGL library 'C:/lscc/diamond/3.1_x64/ispfpga/or5g00/data/orc5glib.ngl'...


Running DRC...

    <postMsg mid="1166052" type="Warning" dynamic="2" navigation="0" arg0="logical" arg1="counter_1/dff_11_51_52_add_4_1/S0"  />
    <postMsg mid="1166052" type="Warning" dynamic="2" navigation="0" arg0="logical" arg1="counter_1/dff_11_51_52_add_4_19/CO"  />
    <postMsg mid="1163101" type="Warning" dynamic="1" navigation="0" arg0="2"  />

Design Results:
     63 blocks expanded
completed the first expansion
All blocks are expanded and NGD expansion is successful.
Writing NGD file Lab4_SmartTekbotRemote_Lab4_SmartTekbotRemote.ngd.

################### Begin Area Report (Section5_Top)######################
Number of register bits => 27 of 5148 (0 % )
CCU2D => 10
FD1S3AX => 7
FD1S3AY => 1
FD1S3IX => 19
GSR => 1
IB => 3
LUT4 => 14
OB => 4
OSCH => 1
################### End Area Report ##################

################### Begin Clock Report ######################
Clock Nets
Number of Clocks: 2
  Net : clk, loads : 20
  Net : clk_2, loads : 7
Clock Enable Nets
Number of Clock Enables: 0
Highest fanout non-clock nets
Top 10 highest fanout non-clock nets:
  Net : n29, loads : 20
  Net : n33, loads : 5
  Net : DigitalLDir_c, loads : 3
  Net : n27, loads : 3
  Net : n30, loads : 3
  Net : DigitalRDir_c, loads : 2
  Net : count_0, loads : 2
  Net : count_18, loads : 2
  Net : count_15, loads : 2
  Net : count_16, loads : 2
################### End Clock Report ##################

Timing Report Summary
--------------
--------------------------------------------------------------------------------
Constraint                              |   Constraint|       Actual|Levels
--------------------------------------------------------------------------------
                                        |             |             |
create_clock -period 5.000000 -name     |             |             |
clk1 [get_nets clk]                     |            -|            -|     0  
                                        |             |             |
create_clock -period 5.000000 -name     |             |             |
clk0 [get_nets clk_2]                   |  200.000 MHz|  208.899 MHz|     3  
                                        |             |             |
--------------------------------------------------------------------------------


All constraints were met.


Peak Memory Usage: 59.316  MB

--------------------------------------------------------------
Elapsed CPU time for LSE flow : 0.686  secs
--------------------------------------------------------------

map -a "MachXO2" -p LCMXO2-7000HE -t TQFP144 -s 4 -oc Commercial   "Lab4_SmartTekbotRemote_Lab4_SmartTekbotRemote.ngd" -o "Lab4_SmartTekbotRemote_Lab4_SmartTekbotRemote_map.ncd" -pr "Lab4_SmartTekbotRemote_Lab4_SmartTekbotRemote.prf" -mp "Lab4_SmartTekbotRemote_Lab4_SmartTekbotRemote.mrp" "C:/lscc/diamond/3.1_x64/bin/nt64/Lab5_TekBotSM/Lab4_SmartTekbotRemote.lpf" -c 0            
map:  version Diamond (64-bit) 3.1.0.96

Copyright (c) 1991-1994 by NeoCAD Inc. All rights reserved.
Copyright (c) 1995 AT&T Corp.   All rights reserved.
Copyright (c) 1995-2001 Lucent Technologies Inc.  All rights reserved.
Copyright (c) 2001 Agere Systems   All rights reserved.
Copyright (c) 2002-2014 Lattice Semiconductor Corporation,  All rights reserved.
   Process the file: Lab4_SmartTekbotRemote_Lab4_SmartTekbotRemote.ngd
   Picdevice="LCMXO2-7000HE"

   Pictype="TQFP144"

   Picspeed=4

   Remove unused logic

   Do not produce over sized NCDs.

Part used: LCMXO2-7000HETQFP144, Performance used: 4.

    <postMsg mid="1100679" type="Warning" dynamic="2" navigation="2" arg0="C:/lscc/diamond/3.1_x64/bin/nt64/Lab5_TekBotSM/Lab4_SmartTekbotRemote.lpf(3): Semantic error in &quot;LOCATE COMP &quot;A&quot; SITE &quot;1&quot; ;&quot;: " arg1="A" arg2="C:/lscc/diamond/3.1_x64/bin/nt64/Lab5_TekBotSM/Lab4_SmartTekbotRemote.lpf" arg3="3"  />
    <postMsg mid="1100679" type="Warning" dynamic="2" navigation="2" arg0="C:/lscc/diamond/3.1_x64/bin/nt64/Lab5_TekBotSM/Lab4_SmartTekbotRemote.lpf(4): Semantic error in &quot;LOCATE COMP &quot;B&quot; SITE &quot;2&quot; ;&quot;: " arg1="B" arg2="C:/lscc/diamond/3.1_x64/bin/nt64/Lab5_TekBotSM/Lab4_SmartTekbotRemote.lpf" arg3="4"  />
    <postMsg mid="1100679" type="Warning" dynamic="2" navigation="2" arg0="C:/lscc/diamond/3.1_x64/bin/nt64/Lab5_TekBotSM/Lab4_SmartTekbotRemote.lpf(5): Semantic error in &quot;LOCATE COMP &quot;C&quot; SITE &quot;3&quot; ;&quot;: " arg1="C" arg2="C:/lscc/diamond/3.1_x64/bin/nt64/Lab5_TekBotSM/Lab4_SmartTekbotRemote.lpf" arg3="5"  />
    <postMsg mid="1100679" type="Warning" dynamic="2" navigation="2" arg0="C:/lscc/diamond/3.1_x64/bin/nt64/Lab5_TekBotSM/Lab4_SmartTekbotRemote.lpf(6): Semantic error in &quot;LOCATE COMP &quot;Le&quot; SITE &quot;140&quot; ;&quot;: " arg1="Le" arg2="C:/lscc/diamond/3.1_x64/bin/nt64/Lab5_TekBotSM/Lab4_SmartTekbotRemote.lpf" arg3="6"  />
    <postMsg mid="1100679" type="Warning" dynamic="2" navigation="2" arg0="C:/lscc/diamond/3.1_x64/bin/nt64/Lab5_TekBotSM/Lab4_SmartTekbotRemote.lpf(7): Semantic error in &quot;LOCATE COMP &quot;Ld&quot; SITE &quot;141&quot; ;&quot;: " arg1="Ld" arg2="C:/lscc/diamond/3.1_x64/bin/nt64/Lab5_TekBotSM/Lab4_SmartTekbotRemote.lpf" arg3="7"  />
    <postMsg mid="1100679" type="Warning" dynamic="2" navigation="2" arg0="C:/lscc/diamond/3.1_x64/bin/nt64/Lab5_TekBotSM/Lab4_SmartTekbotRemote.lpf(8): Semantic error in &quot;LOCATE COMP &quot;Rd&quot; SITE &quot;142&quot; ;&quot;: " arg1="Rd" arg2="C:/lscc/diamond/3.1_x64/bin/nt64/Lab5_TekBotSM/Lab4_SmartTekbotRemote.lpf" arg3="8"  />
    <postMsg mid="1100679" type="Warning" dynamic="2" navigation="2" arg0="C:/lscc/diamond/3.1_x64/bin/nt64/Lab5_TekBotSM/Lab4_SmartTekbotRemote.lpf(9): Semantic error in &quot;LOCATE COMP &quot;Re&quot; SITE &quot;143&quot; ;&quot;: " arg1="Re" arg2="C:/lscc/diamond/3.1_x64/bin/nt64/Lab5_TekBotSM/Lab4_SmartTekbotRemote.lpf" arg3="9"  />
    <postMsg mid="1100679" type="Warning" dynamic="2" navigation="2" arg0="C:/lscc/diamond/3.1_x64/bin/nt64/Lab5_TekBotSM/Lab4_SmartTekbotRemote.lpf(10): Semantic error in &quot;LOCATE COMP &quot;AnalogLDir&quot; SITE &quot;13&quot; ;&quot;: " arg1="AnalogLDir" arg2="C:/lscc/diamond/3.1_x64/bin/nt64/Lab5_TekBotSM/Lab4_SmartTekbotRemote.lpf" arg3="10"  />
    <postMsg mid="1100679" type="Warning" dynamic="2" navigation="2" arg0="C:/lscc/diamond/3.1_x64/bin/nt64/Lab5_TekBotSM/Lab4_SmartTekbotRemote.lpf(11): Semantic error in &quot;LOCATE COMP &quot;AnalogRDir&quot; SITE &quot;14&quot; ;&quot;: " arg1="AnalogRDir" arg2="C:/lscc/diamond/3.1_x64/bin/nt64/Lab5_TekBotSM/Lab4_SmartTekbotRemote.lpf" arg3="11"  />
    <postMsg mid="1100679" type="Warning" dynamic="2" navigation="2" arg0="C:/lscc/diamond/3.1_x64/bin/nt64/Lab5_TekBotSM/Lab4_SmartTekbotRemote.lpf(12): Semantic error in &quot;LOCATE COMP &quot;Rdir&quot; SITE &quot;119&quot; ;&quot;: " arg1="Rdir" arg2="C:/lscc/diamond/3.1_x64/bin/nt64/Lab5_TekBotSM/Lab4_SmartTekbotRemote.lpf" arg3="12"  />
    <postMsg mid="1100679" type="Warning" dynamic="2" navigation="2" arg0="C:/lscc/diamond/3.1_x64/bin/nt64/Lab5_TekBotSM/Lab4_SmartTekbotRemote.lpf(13): Semantic error in &quot;LOCATE COMP &quot;Ren&quot; SITE &quot;120&quot; ;&quot;: " arg1="Ren" arg2="C:/lscc/diamond/3.1_x64/bin/nt64/Lab5_TekBotSM/Lab4_SmartTekbotRemote.lpf" arg3="13"  />
    <postMsg mid="1100679" type="Warning" dynamic="2" navigation="2" arg0="C:/lscc/diamond/3.1_x64/bin/nt64/Lab5_TekBotSM/Lab4_SmartTekbotRemote.lpf(14): Semantic error in &quot;LOCATE COMP &quot;Len&quot; SITE &quot;117&quot; ;&quot;: " arg1="Len" arg2="C:/lscc/diamond/3.1_x64/bin/nt64/Lab5_TekBotSM/Lab4_SmartTekbotRemote.lpf" arg3="14"  />
    <postMsg mid="1100679" type="Warning" dynamic="2" navigation="2" arg0="C:/lscc/diamond/3.1_x64/bin/nt64/Lab5_TekBotSM/Lab4_SmartTekbotRemote.lpf(15): Semantic error in &quot;LOCATE COMP &quot;Ldir&quot; SITE &quot;115&quot; ;&quot;: " arg1="Ldir" arg2="C:/lscc/diamond/3.1_x64/bin/nt64/Lab5_TekBotSM/Lab4_SmartTekbotRemote.lpf" arg3="15"  />
    <postMsg mid="1100644" type="Warning" dynamic="2" navigation="2" arg0="C:/lscc/diamond/3.1_x64/bin/nt64/Lab5_TekBotSM/Lab4_SmartTekbotRemote.lpf(16): Semantic error in &quot;IOBUF PORT &quot;A&quot; PULLMODE=UP ;&quot;: " arg1="A" arg2="C:/lscc/diamond/3.1_x64/bin/nt64/Lab5_TekBotSM/Lab4_SmartTekbotRemote.lpf" arg3="16"  />
    <postMsg mid="1100644" type="Warning" dynamic="2" navigation="2" arg0="C:/lscc/diamond/3.1_x64/bin/nt64/Lab5_TekBotSM/Lab4_SmartTekbotRemote.lpf(17): Semantic error in &quot;IOBUF PORT &quot;AnalogLDir&quot; PULLMODE=NONE ;&quot;: " arg1="AnalogLDir" arg2="C:/lscc/diamond/3.1_x64/bin/nt64/Lab5_TekBotSM/Lab4_SmartTekbotRemote.lpf" arg3="17"  />
    <postMsg mid="1100644" type="Warning" dynamic="2" navigation="2" arg0="C:/lscc/diamond/3.1_x64/bin/nt64/Lab5_TekBotSM/Lab4_SmartTekbotRemote.lpf(18): Semantic error in &quot;IOBUF PORT &quot;AnalogRDir&quot; PULLMODE=NONE ;&quot;: " arg1="AnalogRDir" arg2="C:/lscc/diamond/3.1_x64/bin/nt64/Lab5_TekBotSM/Lab4_SmartTekbotRemote.lpf" arg3="18"  />
    <postMsg mid="1100644" type="Warning" dynamic="2" navigation="2" arg0="C:/lscc/diamond/3.1_x64/bin/nt64/Lab5_TekBotSM/Lab4_SmartTekbotRemote.lpf(19): Semantic error in &quot;IOBUF PORT &quot;B&quot; PULLMODE=UP ;&quot;: " arg1="B" arg2="C:/lscc/diamond/3.1_x64/bin/nt64/Lab5_TekBotSM/Lab4_SmartTekbotRemote.lpf" arg3="19"  />
    <postMsg mid="1100644" type="Warning" dynamic="2" navigation="2" arg0="C:/lscc/diamond/3.1_x64/bin/nt64/Lab5_TekBotSM/Lab4_SmartTekbotRemote.lpf(20): Semantic error in &quot;IOBUF PORT &quot;C&quot; PULLMODE=UP ;&quot;: " arg1="C" arg2="C:/lscc/diamond/3.1_x64/bin/nt64/Lab5_TekBotSM/Lab4_SmartTekbotRemote.lpf" arg3="20"  />
    <postMsg mid="1100644" type="Warning" dynamic="2" navigation="2" arg0="C:/lscc/diamond/3.1_x64/bin/nt64/Lab5_TekBotSM/Lab4_SmartTekbotRemote.lpf(21): Semantic error in &quot;IOBUF PORT &quot;Ldir&quot; PULLMODE=NONE ;&quot;: " arg1="Ldir" arg2="C:/lscc/diamond/3.1_x64/bin/nt64/Lab5_TekBotSM/Lab4_SmartTekbotRemote.lpf" arg3="21"  />
    <postMsg mid="1100644" type="Warning" dynamic="2" navigation="2" arg0="C:/lscc/diamond/3.1_x64/bin/nt64/Lab5_TekBotSM/Lab4_SmartTekbotRemote.lpf(22): Semantic error in &quot;IOBUF PORT &quot;Len&quot; PULLMODE=NONE ;&quot;: " arg1="Len" arg2="C:/lscc/diamond/3.1_x64/bin/nt64/Lab5_TekBotSM/Lab4_SmartTekbotRemote.lpf" arg3="22"  />
    <postMsg mid="1100644" type="Warning" dynamic="2" navigation="2" arg0="C:/lscc/diamond/3.1_x64/bin/nt64/Lab5_TekBotSM/Lab4_SmartTekbotRemote.lpf(23): Semantic error in &quot;IOBUF PORT &quot;Rdir&quot; PULLMODE=NONE ;&quot;: " arg1="Rdir" arg2="C:/lscc/diamond/3.1_x64/bin/nt64/Lab5_TekBotSM/Lab4_SmartTekbotRemote.lpf" arg3="23"  />
    <postMsg mid="1100644" type="Warning" dynamic="2" navigation="2" arg0="C:/lscc/diamond/3.1_x64/bin/nt64/Lab5_TekBotSM/Lab4_SmartTekbotRemote.lpf(24): Semantic error in &quot;IOBUF PORT &quot;Ren&quot; PULLMODE=NONE ;&quot;: " arg1="Ren" arg2="C:/lscc/diamond/3.1_x64/bin/nt64/Lab5_TekBotSM/Lab4_SmartTekbotRemote.lpf" arg3="24"  />
    <postMsg mid="1104062" type="Warning" dynamic="2" navigation="0" arg0="" arg1="22 semantic errors"  />
Loading device for application map from file 'xo2c7000.nph' in environment: C:/lscc/diamond/3.1_x64/ispfpga.
Package Status:                     Final          Version 1.36

Running general design DRC...

Removing unused logic...

Optimizing...




Design Summary:
   Number of registers:     27 out of  7209 (0%)
      PFU registers:           27 out of  6864 (0%)
      PIO registers:            0 out of   345 (0%)
   Number of SLICEs:        18 out of  3432 (1%)
      SLICEs as Logic/ROM:     18 out of  3432 (1%)
      SLICEs as RAM:            0 out of  2574 (0%)
      SLICEs as Carry:         10 out of  3432 (0%)
   Number of LUT4s:         35 out of  6864 (1%)
      Number of logic LUTs:       15
      Number of distributed RAM:   0 (0 LUT4s)
      Number of ripple logic:     10 (20 LUT4s)
      Number of shift registers:   0
   Number of PIO sites used: 7 + 4(JTAG) out of 115 (10%)
   Number of block RAMs:  0 out of 26 (0%)
   Number of GSRs:  1 out of 1 (100%)
   EFB used :       No
   JTAG used :      No
   Readback used :  No
   Oscillator used :  Yes
   Startup used :   No
   POR :            On
   Bandgap :        On
   Number of Power Controller:  0 out of 1 (0%)
   Number of Dynamic Bank Controller (BCINRD):  0 out of 6 (0%)
   Number of Dynamic Bank Controller (BCLVDSO):  0 out of 1 (0%)
   Number of DCCA:  0 out of 8 (0%)
   Number of DCMA:  0 out of 2 (0%)
   Number of PLLs:  0 out of 2 (0%)
   Number of DQSDLLs:  0 out of 2 (0%)
   Number of CLKDIVC:  0 out of 4 (0%)
   Number of ECLKSYNCA:  0 out of 4 (0%)
   Number of ECLKBRIDGECS:  0 out of 2 (0%)
   Notes:-
      1. Total number of LUT4s = (Number of logic LUT4s) + 2*(Number of distributed RAMs) + 2*(Number of ripple logic)
      2. Number of logic LUT4s does not include count of distributed RAM and ripple logic.
   Number of clocks:  2
     Net clk: 11 loads, 11 rising, 0 falling (Driver: osc_int )
     Net clk_2: 4 loads, 4 rising, 0 falling (Driver: counter_1/clk_o_13 )
   Number of Clock Enables:  0
   Number of LSRs:  1
     Net counter_1/n29: 10 loads, 10 LSLICEs
   Number of nets driven by tri-state buffers:  0
   Top 10 highest fanout non-clock nets:
     Net counter_1/n29: 11 loads
     Net FSM_1/n33: 5 loads
     Net DigitalLDir_c: 3 loads
     Net FSM_1/n27: 3 loads
     Net FSM_1/n30: 3 loads
     Net counter_1/count_0: 2 loads
     Net counter_1/count_11: 2 loads
     Net counter_1/count_13: 2 loads
     Net counter_1/count_14: 2 loads
     Net counter_1/count_15: 2 loads
    <postMsg mid="51001230" type="Warning" dynamic="1" navigation="0" arg0="C:/lscc/diamond/3.1_x64/bin/nt64/Lab5_TekBotSM/Lab4_SmartTekbotRemote.lpf"  />
 

   Number of warnings:  24
   Number of errors:    0



Total CPU Time: 0 secs  
Total REAL Time: 0 secs  
Peak Memory Usage: 60 MB

Dumping design to file Lab4_SmartTekbotRemote_Lab4_SmartTekbotRemote_map.ncd.

mpartrce -p "Lab4_SmartTekbotRemote_Lab4_SmartTekbotRemote.p2t" -f "Lab4_SmartTekbotRemote_Lab4_SmartTekbotRemote.p3t" -tf "Lab4_SmartTekbotRemote_Lab4_SmartTekbotRemote.pt" "Lab4_SmartTekbotRemote_Lab4_SmartTekbotRemote_map.ncd" "Lab4_SmartTekbotRemote_Lab4_SmartTekbotRemote.ncd"

---- MParTrce Tool ----
Removing old design directory at request of -rem command line option to this program.
Running par. Please wait . . .

Lattice Place and Route Report for Design "Lab4_SmartTekbotRemote_Lab4_SmartTekbotRemote_map.ncd"
Wed May 28 15:17:30 2014

PAR: Place And Route Diamond (64-bit) 3.1.0.96.
Command Line: par -w -l 5 -i 6 -t 1 -c 0 -e 0 -gui -exp parUseNBR=1:parCDP=0:parCDR=0:parPathBased=OFF Lab4_SmartTekbotRemote_Lab4_SmartTekbotRemote_map.ncd Lab4_SmartTekbotRemote_Lab4_SmartTekbotRemote.dir/5_1.ncd Lab4_SmartTekbotRemote_Lab4_SmartTekbotRemote.prf
Preference file: Lab4_SmartTekbotRemote_Lab4_SmartTekbotRemote.prf.
Placement level-cost: 5-1.
Routing Iterations: 6

Loading design for application par from file Lab4_SmartTekbotRemote_Lab4_SmartTekbotRemote_map.ncd.
Design name: Section5_Top
NCD version: 3.2
Vendor:      LATTICE
Device:      LCMXO2-7000HE
Package:     TQFP144
Performance: 4
Loading device for application par from file 'xo2c7000.nph' in environment: C:/lscc/diamond/3.1_x64/ispfpga.
Package Status:                     Final          Version 1.36
Performance Hardware Data Status:   Final)         Version 23.4
License checked out.


Ignore Preference Error(s):  True
Device utilization summary:

   PIO (prelim)    7+4(JTAG)/336     3% used
                   7+4(JTAG)/115     10% bonded

   SLICE             18/3432         <1% used

   GSR                1/1           100% used
   OSC                1/1           100% used


Number of Signals: 74
Number of Connections: 129

Pin Constraint Summary:
   6 out of 6 pins locked (100% locked).

The following 1 signal is selected to use the primary clock routing resources:
    clk (driver: osc_int, clk load #: 11)


The following 1 signal is selected to use the secondary clock routing resources:
    counter_1/n29 (driver: counter_1/SLICE_14, clk load #: 0, sr load #: 10, ce load #: 0)

Signal reset_n_c is selected as Global Set/Reset.
.
Starting Placer Phase 0.
..........
Finished Placer Phase 0.  REAL time: 2 secs 

Starting Placer Phase 1.
...................
Placer score = 8269.
Finished Placer Phase 1.  REAL time: 8 secs 

Starting Placer Phase 2.
.
Placer score =  8269
Finished Placer Phase 2.  REAL time: 8 secs 


------------------ Clock Report ------------------

Global Clock Resources:
  CLK_PIN    : 0 out of 8 (0%)
  PLL        : 0 out of 2 (0%)
  DCM        : 0 out of 2 (0%)
  DCC        : 0 out of 8 (0%)

Quadrants All (TL, TR, BL, BR) - Global Clocks:
  PRIMARY "clk" from OSC on comp "osc_int" on site "OSC", clk load = 11
  SECONDARY "counter_1/n29" from F1 on comp "counter_1/SLICE_14" on site "R21C18B", clk load = 0, ce load = 0, sr load = 10

  PRIMARY  : 1 out of 8 (12%)
  SECONDARY: 1 out of 8 (12%)

Edge Clocks:
  No edge clock selected.

--------------- End of Clock Report ---------------


I/O Usage Summary (final):
   7 + 4(JTAG) out of 336 (3.3%) PIO sites used.
   7 + 4(JTAG) out of 115 (9.6%) bonded PIO sites used.
   Number of PIO comps: 7; differential: 0
   Number of Vref pins used: 0

I/O Bank Usage Summary:
+----------+---------------+------------+-----------+
| I/O Bank | Usage         | Bank Vccio | Bank Vref |
+----------+---------------+------------+-----------+
| 0        | 6 / 28 ( 21%) | 2.5V       | -         |
| 1        | 0 / 29 (  0%) | -          | -         |
| 2        | 0 / 29 (  0%) | -          | -         |
| 3        | 0 / 9 (  0%)  | -          | -         |
| 4        | 0 / 10 (  0%) | -          | -         |
| 5        | 1 / 10 ( 10%) | 2.5V       | -         |
+----------+---------------+------------+-----------+

Total placer CPU time: 7 secs 

Dumping design to file Lab4_SmartTekbotRemote_Lab4_SmartTekbotRemote.dir/5_1.ncd.

0 connections routed; 129 unrouted.
Starting router resource preassignment

    <postMsg mid="66011008" type="Warning" dynamic="0" navigation="0"  />
   Signal=clk_2 loads=5 clock_loads=4

Completed router resource preassignment. Real time: 10 secs 

Start NBR router at 15:17:40 05/28/14

*****************************************************************
Info: NBR allows conflicts(one node used by more than one signal)
      in the earlier iterations. In each iteration, it tries to  
      solve the conflicts while keeping the critical connections 
      routed as short as possible. The routing process is said to
      be completed when no conflicts exist and all connections   
      are routed.                                                
Note: NBR uses a different method to calculate timing slacks. The
      worst slack and total negative slack may not be the same as
      that in TRCE report. You should always run TRCE to verify  
      your design. Thanks.                                       
*****************************************************************

Start NBR special constraint process at 15:17:40 05/28/14

Start NBR section for initial routing
Level 4, iteration 1
1(0.00%) conflict; 0(0.00%) untouched conn; 0 (nbr) score; 
Estimated worst slack/total negative slack<setup>: 469.407ns/0.000ns; real time: 10 secs 

Info: Initial congestion level at 75% usage is 0
Info: Initial congestion area  at 75% usage is 0 (0.00%)

Start NBR section for normal routing
Level 4, iteration 1
0(0.00%) conflict; 0(0.00%) untouched conn; 0 (nbr) score; 
Estimated worst slack/total negative slack<setup>: 469.407ns/0.000ns; real time: 10 secs 

Start NBR section for re-routing
Level 4, iteration 1
0(0.00%) conflict; 0(0.00%) untouched conn; 0 (nbr) score; 
Estimated worst slack/total negative slack<setup>: 469.407ns/0.000ns; real time: 10 secs 

Start NBR section for post-routing

End NBR router with 0 unrouted connection

NBR Summary
-----------
  Number of unrouted connections : 0 (0.00%)
  Number of connections with timing violations : 0 (0.00%)
  Estimated worst slack<setup> : 469.407ns
  Timing score<setup> : 0
-----------
Notes: The timing info is calculated for SETUP only and all PAR_ADJs are ignored.



Hold time optimization iteration 0:
All hold time violations have been successfully corrected in speed grade M

Total CPU time 9 secs 
Total REAL time: 10 secs 
Completely routed.
End of route.  129 routed (100.00%); 0 unrouted.
Checking DRC ... 
No errors found.

Hold time timing score: 0, hold timing errors: 0

Timing score: 0 

Dumping design to file Lab4_SmartTekbotRemote_Lab4_SmartTekbotRemote.dir/5_1.ncd.


PAR_SUMMARY::Run status = completed
PAR_SUMMARY::Number of unrouted conns = 0
PAR_SUMMARY::Worst  slack<setup/<ns>> = 469.407
PAR_SUMMARY::Timing score<setup/<ns>> = 0.000
PAR_SUMMARY::Worst  slack<hold /<ns>> = 0.372
PAR_SUMMARY::Timing score<hold /<ns>> = 0.000
PAR_SUMMARY::Number of errors = 0

Total CPU  time to completion: 10 secs 
Total REAL time to completion: 11 secs 

par done!

Copyright (c) 1991-1994 by NeoCAD Inc. All rights reserved.
Copyright (c) 1995 AT&T Corp.   All rights reserved.
Copyright (c) 1995-2001 Lucent Technologies Inc.  All rights reserved.
Copyright (c) 2001 Agere Systems   All rights reserved.
Copyright (c) 2002-2014 Lattice Semiconductor Corporation,  All rights reserved.
Exiting par with exit code 0
Exiting mpartrce with exit code 0

bitgen -f "Lab4_SmartTekbotRemote_Lab4_SmartTekbotRemote.t2b" -w "Lab4_SmartTekbotRemote_Lab4_SmartTekbotRemote.ncd" -jedec "Lab4_SmartTekbotRemote_Lab4_SmartTekbotRemote.prf"


BITGEN: Bitstream Generator Diamond (64-bit) 3.1.0.96
Copyright (c) 1991-1994 by NeoCAD Inc. All rights reserved.
Copyright (c) 1995 AT&T Corp.   All rights reserved.
Copyright (c) 1995-2001 Lucent Technologies Inc.  All rights reserved.
Copyright (c) 2001 Agere Systems   All rights reserved.
Copyright (c) 2002-2014 Lattice Semiconductor Corporation,  All rights reserved.


Loading design for application Bitgen from file Lab4_SmartTekbotRemote_Lab4_SmartTekbotRemote.ncd.
Design name: Section5_Top
NCD version: 3.2
Vendor:      LATTICE
Device:      LCMXO2-7000HE
Package:     TQFP144
Performance: 4
Loading device for application Bitgen from file 'xo2c7000.nph' in environment: C:/lscc/diamond/3.1_x64/ispfpga.
Package Status:                     Final          Version 1.36
Performance Hardware Data Status:   Final)         Version 23.4

Running DRC.
DRC detected 0 errors and 0 warnings.
Reading Preference File from Lab4_SmartTekbotRemote_Lab4_SmartTekbotRemote.prf...

Preference Summary:
+---------------------------------+---------------------------------+
|  Preference                     |  Current Setting                |
+---------------------------------+---------------------------------+
|                         RamCfg  |                        Reset**  |
+---------------------------------+---------------------------------+
|                     MCCLK_FREQ  |                         2.08**  |
+---------------------------------+---------------------------------+
|                  CONFIG_SECURE  |                          OFF**  |
+---------------------------------+---------------------------------+
|                      JTAG_PORT  |                       ENABLE**  |
+---------------------------------+---------------------------------+
|                       SDM_PORT  |                      DISABLE**  |
+---------------------------------+---------------------------------+
|                 SLAVE_SPI_PORT  |                      DISABLE**  |
+---------------------------------+---------------------------------+
|                MASTER_SPI_PORT  |                      DISABLE**  |
+---------------------------------+---------------------------------+
|                       I2C_PORT  |                      DISABLE**  |
+---------------------------------+---------------------------------+
|        MUX_CONFIGURATION_PORTS  |                      DISABLE**  |
+---------------------------------+---------------------------------+
|                  CONFIGURATION  |                          CFG**  |
+---------------------------------+---------------------------------+
|                COMPRESS_CONFIG  |                           ON**  |
+---------------------------------+---------------------------------+
|                        MY_ASSP  |                          OFF**  |
+---------------------------------+---------------------------------+
|               ONE_TIME_PROGRAM  |                          OFF**  |
+---------------------------------+---------------------------------+
|                 ENABLE_TRANSFR  |                      DISABLE**  |
+---------------------------------+---------------------------------+
|                  SHAREDEBRINIT  |                      DISABLE**  |
+---------------------------------+---------------------------------+
 *  Default setting.
 ** The specified setting matches the default setting.


Creating bit map...
 
Bitstream Status:   Final           Version 1.83
 
Saving bit stream in "Lab4_SmartTekbotRemote_Lab4_SmartTekbotRemote.jed".
 
===========
UFM Summary
===========
UFM Size:        2046 Pages (128*2046 Bits)
UFM Utilization: General Purpose Flash Memory
 
Available General Purpose Flash Memory: 2046 Pages (Page 0 to Page 2045)
Initialized UFM Pages:                     0 Page
 
