         Lattice Mapping Report File for Design Module 'Section5_Top'

Design Information
------------------

Command line:   map -a MachXO2 -p LCMXO2-7000HE -t TQFP144 -s 4 -oc Commercial
     Lab4_SmartTekbotRemote_Lab4_SmartTekbotRemote.ngd -o
     Lab4_SmartTekbotRemote_Lab4_SmartTekbotRemote_map.ncd -pr
     Lab4_SmartTekbotRemote_Lab4_SmartTekbotRemote.prf -mp
     Lab4_SmartTekbotRemote_Lab4_SmartTekbotRemote.mrp
     C:/lscc/diamond/3.1_x64/bin/nt64/Lab5_TekBotSM/Lab4_SmartTekbotRemote.lpf
     -c 0 -gui
Target Vendor:  LATTICE
Target Device:  LCMXO2-7000HETQFP144
Target Performance:   4
Mapper:  xo2c00,  version:  Diamond (64-bit) 3.1.0.96
Mapped on:  05/28/14  15:17:29

Design Summary
--------------

   Number of registers:     27 out of  7209 (0%)
      PFU registers:           27 out of  6864 (0%)
      PIO registers:            0 out of   345 (0%)
   Number of SLICEs:        18 out of  3432 (1%)
      SLICEs as Logic/ROM:     18 out of  3432 (1%)
      SLICEs as RAM:            0 out of  2574 (0%)
      SLICEs as Carry:         10 out of  3432 (0%)
   Number of LUT4s:         35 out of  6864 (1%)
      Number of logic LUTs:       15
      Number of distributed RAM:   0 (0 LUT4s)
      Number of ripple logic:     10 (20 LUT4s)
      Number of shift registers:   0
   Number of PIO sites used: 7 + 4(JTAG) out of 115 (10%)
   Number of block RAMs:  0 out of 26 (0%)
   Number of GSRs:  1 out of 1 (100%)
   EFB used :       No
   JTAG used :      No
   Readback used :  No
   Oscillator used :  Yes
   Startup used :   No
   POR :            On
   Bandgap :        On
   Number of Power Controller:  0 out of 1 (0%)
   Number of Dynamic Bank Controller (BCINRD):  0 out of 6 (0%)
   Number of Dynamic Bank Controller (BCLVDSO):  0 out of 1 (0%)
   Number of DCCA:  0 out of 8 (0%)
   Number of DCMA:  0 out of 2 (0%)
   Number of PLLs:  0 out of 2 (0%)
   Number of DQSDLLs:  0 out of 2 (0%)
   Number of CLKDIVC:  0 out of 4 (0%)
   Number of ECLKSYNCA:  0 out of 4 (0%)
   Number of ECLKBRIDGECS:  0 out of 2 (0%)
   Notes:-
      1. Total number of LUT4s = (Number of logic LUT4s) + 2*(Number of
     distributed RAMs) + 2*(Number of ripple logic)
      2. Number of logic LUT4s does not include count of distributed RAM and
     ripple logic.
   Number of clocks:  2
     Net clk: 11 loads, 11 rising, 0 falling (Driver: osc_int )

                                    Page 1




Design:  Section5_Top                                  Date:  05/28/14  15:17:29

Design Summary (cont)
---------------------
     Net clk_2: 4 loads, 4 rising, 0 falling (Driver: counter_1/clk_o_13 )
   Number of Clock Enables:  0
   Number of LSRs:  1
     Net counter_1/n29: 10 loads, 10 LSLICEs
   Number of nets driven by tri-state buffers:  0
   Top 10 highest fanout non-clock nets:
     Net counter_1/n29: 11 loads
     Net FSM_1/n33: 5 loads
     Net DigitalLDir_c: 3 loads
     Net FSM_1/n27: 3 loads
     Net FSM_1/n30: 3 loads
     Net counter_1/count_0: 2 loads
     Net counter_1/count_11: 2 loads
     Net counter_1/count_13: 2 loads
     Net counter_1/count_14: 2 loads
     Net counter_1/count_15: 2 loads




   Number of warnings:  24
   Number of errors:    0

Design Errors/Warnings
----------------------

WARNING - map: C:/lscc/diamond/3.1_x64/bin/nt64/Lab5_TekBotSM/Lab4_SmartTekbotRe
     mote.lpf(3): Semantic error in "LOCATE COMP "A" SITE "1" ;": COMP "A" not
     found in design. Disable this preference.
WARNING - map: C:/lscc/diamond/3.1_x64/bin/nt64/Lab5_TekBotSM/Lab4_SmartTekbotRe
     mote.lpf(4): Semantic error in "LOCATE COMP "B" SITE "2" ;": COMP "B" not
     found in design. Disable this preference.
WARNING - map: C:/lscc/diamond/3.1_x64/bin/nt64/Lab5_TekBotSM/Lab4_SmartTekbotRe
     mote.lpf(5): Semantic error in "LOCATE COMP "C" SITE "3" ;": COMP "C" not
     found in design. Disable this preference.
WARNING - map: C:/lscc/diamond/3.1_x64/bin/nt64/Lab5_TekBotSM/Lab4_SmartTekbotRe
     mote.lpf(6): Semantic error in "LOCATE COMP "Le" SITE "140" ;": COMP "Le"
     not found in design. Disable this preference.
WARNING - map: C:/lscc/diamond/3.1_x64/bin/nt64/Lab5_TekBotSM/Lab4_SmartTekbotRe
     mote.lpf(7): Semantic error in "LOCATE COMP "Ld" SITE "141" ;": COMP "Ld"
     not found in design. Disable this preference.
WARNING - map: C:/lscc/diamond/3.1_x64/bin/nt64/Lab5_TekBotSM/Lab4_SmartTekbotRe
     mote.lpf(8): Semantic error in "LOCATE COMP "Rd" SITE "142" ;": COMP "Rd"
     not found in design. Disable this preference.
WARNING - map: C:/lscc/diamond/3.1_x64/bin/nt64/Lab5_TekBotSM/Lab4_SmartTekbotRe
     mote.lpf(9): Semantic error in "LOCATE COMP "Re" SITE "143" ;": COMP "Re"
     not found in design. Disable this preference.
WARNING - map: C:/lscc/diamond/3.1_x64/bin/nt64/Lab5_TekBotSM/Lab4_SmartTekbotRe
     mote.lpf(10): Semantic error in "LOCATE COMP "AnalogLDir" SITE "13" ;":
     COMP "AnalogLDir" not found in design. Disable this preference.
WARNING - map: C:/lscc/diamond/3.1_x64/bin/nt64/Lab5_TekBotSM/Lab4_SmartTekbotRe
     mote.lpf(11): Semantic error in "LOCATE COMP "AnalogRDir" SITE "14" ;":
     COMP "AnalogRDir" not found in design. Disable this preference.
WARNING - map: C:/lscc/diamond/3.1_x64/bin/nt64/Lab5_TekBotSM/Lab4_SmartTekbotRe
     mote.lpf(12): Semantic error in "LOCATE COMP "Rdir" SITE "119" ;": COMP
     "Rdir" not found in design. Disable this preference.

                                    Page 2




Design:  Section5_Top                                  Date:  05/28/14  15:17:29

Design Errors/Warnings (cont)
-----------------------------
WARNING - map: C:/lscc/diamond/3.1_x64/bin/nt64/Lab5_TekBotSM/Lab4_SmartTekbotRe
     mote.lpf(13): Semantic error in "LOCATE COMP "Ren" SITE "120" ;": COMP
     "Ren" not found in design. Disable this preference.
WARNING - map: C:/lscc/diamond/3.1_x64/bin/nt64/Lab5_TekBotSM/Lab4_SmartTekbotRe
     mote.lpf(14): Semantic error in "LOCATE COMP "Len" SITE "117" ;": COMP
     "Len" not found in design. Disable this preference.
WARNING - map: C:/lscc/diamond/3.1_x64/bin/nt64/Lab5_TekBotSM/Lab4_SmartTekbotRe
     mote.lpf(15): Semantic error in "LOCATE COMP "Ldir" SITE "115" ;": COMP
     "Ldir" not found in design. Disable this preference.
WARNING - map: C:/lscc/diamond/3.1_x64/bin/nt64/Lab5_TekBotSM/Lab4_SmartTekbotRe
     mote.lpf(16): Semantic error in "IOBUF PORT "A" PULLMODE=UP ;": Port "A"
     does not exist in the design. Disable this preference.
WARNING - map: C:/lscc/diamond/3.1_x64/bin/nt64/Lab5_TekBotSM/Lab4_SmartTekbotRe
     mote.lpf(17): Semantic error in "IOBUF PORT "AnalogLDir" PULLMODE=NONE ;":
     Port "AnalogLDir" does not exist in the design. Disable this preference.
WARNING - map: C:/lscc/diamond/3.1_x64/bin/nt64/Lab5_TekBotSM/Lab4_SmartTekbotRe
     mote.lpf(18): Semantic error in "IOBUF PORT "AnalogRDir" PULLMODE=NONE ;":
     Port "AnalogRDir" does not exist in the design. Disable this preference.
WARNING - map: C:/lscc/diamond/3.1_x64/bin/nt64/Lab5_TekBotSM/Lab4_SmartTekbotRe
     mote.lpf(19): Semantic error in "IOBUF PORT "B" PULLMODE=UP ;": Port "B"
     does not exist in the design. Disable this preference.
WARNING - map: C:/lscc/diamond/3.1_x64/bin/nt64/Lab5_TekBotSM/Lab4_SmartTekbotRe
     mote.lpf(20): Semantic error in "IOBUF PORT "C" PULLMODE=UP ;": Port "C"
     does not exist in the design. Disable this preference.
WARNING - map: C:/lscc/diamond/3.1_x64/bin/nt64/Lab5_TekBotSM/Lab4_SmartTekbotRe
     mote.lpf(21): Semantic error in "IOBUF PORT "Ldir" PULLMODE=NONE ;": Port
     "Ldir" does not exist in the design. Disable this preference.
WARNING - map: C:/lscc/diamond/3.1_x64/bin/nt64/Lab5_TekBotSM/Lab4_SmartTekbotRe
     mote.lpf(22): Semantic error in "IOBUF PORT "Len" PULLMODE=NONE ;": Port
     "Len" does not exist in the design. Disable this preference.
WARNING - map: C:/lscc/diamond/3.1_x64/bin/nt64/Lab5_TekBotSM/Lab4_SmartTekbotRe
     mote.lpf(23): Semantic error in "IOBUF PORT "Rdir" PULLMODE=NONE ;": Port
     "Rdir" does not exist in the design. Disable this preference.
WARNING - map: C:/lscc/diamond/3.1_x64/bin/nt64/Lab5_TekBotSM/Lab4_SmartTekbotRe
     mote.lpf(24): Semantic error in "IOBUF PORT "Ren" PULLMODE=NONE ;": Port
     "Ren" does not exist in the design. Disable this preference.
WARNING - map: Preference parsing results:  22 semantic errors detected
WARNING - map: There are semantic errors in the preference file
     C:/lscc/diamond/3.1_x64/bin/nt64/Lab5_TekBotSM/Lab4_SmartTekbotRemote.lpf.

IO (PIO) Attributes
-------------------

+---------------------+-----------+-----------+------------+
| IO Name             | Direction | Levelmode | IO         |
|                     |           |  IO_TYPE  | Register   |
+---------------------+-----------+-----------+------------+
| outputs[2]          | OUTPUT    | LVCMOS25  |            |
+---------------------+-----------+-----------+------------+
| outputs[3]          | OUTPUT    | LVCMOS25  |            |
+---------------------+-----------+-----------+------------+
| outputs[1]          | OUTPUT    | LVCMOS25  |            |
+---------------------+-----------+-----------+------------+
| outputs[0]          | OUTPUT    | LVCMOS25  |            |
+---------------------+-----------+-----------+------------+
| DigitalLDir         | INPUT     | LVCMOS25  |            |

                                    Page 3




Design:  Section5_Top                                  Date:  05/28/14  15:17:29

IO (PIO) Attributes (cont)
--------------------------
+---------------------+-----------+-----------+------------+
| DigitalRDir         | INPUT     | LVCMOS25  |            |
+---------------------+-----------+-----------+------------+
| reset_n             | INPUT     | LVCMOS25  |            |
+---------------------+-----------+-----------+------------+

Removed logic
-------------

Block i201 undriven or does not drive anything - clipped.
Signal VCC_net undriven or does not drive anything - clipped.
Signal counter_1/dff_11_51_52_add_4_19/CO undriven or does not drive anything -
     clipped.
Signal counter_1/dff_11_51_52_add_4_1/S0 undriven or does not drive anything -
     clipped.
Signal counter_1/dff_11_51_52_add_4_1/CI undriven or does not drive anything -
     clipped.

Memory Usage
------------


OSC Summary
-----------

OSC 1:                                     Pin/Node Value
  OSC Instance Name:                                osc_int
  OSC Type:                                         OSCH
  STDBY Input:                                      NONE
  OSC Output:                              NODE     clk
  OSC Nominal Frequency (MHz):                      2.08

ASIC Components
---------------

Instance Name: osc_int
         Type: OSCH

GSR Usage
---------

GSR Component:
   The Global Set Reset (GSR) resource has been used to implement a global reset
        of the design. The reset signal used for GSR control is 'reset_n_c'.

GSR Property:
   The design components with GSR property set to ENABLED will respond to global
        set reset while the components with GSR property set to DISABLED will
        not.

Components with synchronous local reset also reset by asynchronous GSR
----------------------------------------------------------------------

These components have the GSR property set to ENABLED and the local reset is
     synchronous. The components will respond to the synchronous local reset and
     to the unrelated asynchronous reset signal 'reset_n_c' via the GSR
     component.

Type and number of components of the type:

                                    Page 4




Design:  Section5_Top                                  Date:  05/28/14  15:17:29

GSR Usage (cont)
----------------
   Register = 19

Type and instance name of component:
   Register : counter_1/dff_11_51_52__i1
   Register : counter_1/dff_11_51_52__i19
   Register : counter_1/dff_11_51_52__i18
   Register : counter_1/dff_11_51_52__i17
   Register : counter_1/dff_11_51_52__i16
   Register : counter_1/dff_11_51_52__i15
   Register : counter_1/dff_11_51_52__i14
   Register : counter_1/dff_11_51_52__i13
   Register : counter_1/dff_11_51_52__i12
   Register : counter_1/dff_11_51_52__i11
   Register : counter_1/dff_11_51_52__i10
   Register : counter_1/dff_11_51_52__i9
   Register : counter_1/dff_11_51_52__i8
   Register : counter_1/dff_11_51_52__i7
   Register : counter_1/dff_11_51_52__i6
   Register : counter_1/dff_11_51_52__i5
   Register : counter_1/dff_11_51_52__i4
   Register : counter_1/dff_11_51_52__i3
   Register : counter_1/dff_11_51_52__i2

Run Time and Memory Usage
-------------------------

   Total CPU Time: 0 secs
   Total REAL Time: 0 secs
   Peak Memory Usage: 60 MB





























                                    Page 5


Copyright (c) 1991-1994 by NeoCAD Inc. All rights reserved.
Copyright (c) 1995
     AT&T Corp.   All rights reserved.
Copyright (c) 1995-2001 Lucent
     Technologies Inc.  All rights reserved.
Copyright (c) 2001 Agere Systems
     All rights reserved.
Copyright (c) 2002-2014 Lattice Semiconductor
     Corporation,  All rights reserved.
