designverincludedir -clear
designverlibrarysim -PL -clear
designverlibrarysim -L -clear
designverlibrarysim -PL pmi_work
designverlibrarysim ovi_machxo2
designverdefinemacro -clear
addfile C:/lscc/diamond/3.1_x64/bin/nt64/Lab3_7SegDisplayDriver/section3/section3_schematic.v
# Adding file C:\lscc\diamond\3.1_x64\bin\nt64\Lab3_7SegDisplayDriver\section3\section3_schematic.v ... Done
addfile C:/lscc/diamond/3.1_x64/bin/nt64/Lab3_7SegDisplayDriver/section3_schematic_tf.v
# Adding file C:\lscc\diamond\3.1_x64\bin\nt64\Lab3_7SegDisplayDriver\section3_schematic_tf.v ... Done
vlib C:/lscc/diamond/3.1_x64/bin/nt64/Lab3_7SegDisplayDriver/section3_simulation/work
# Warning: Library work already exists
adel -all
# Library contents cleared.
vlog -dbg -work work C:/lscc/diamond/3.1_x64/bin/nt64/Lab3_7SegDisplayDriver/section3/section3_schematic.v
# Compile...
# Pass 1. Scanning modules hierarchy.
# Pass 2. Processing instantiations.
# Pass 3. Processing behavioral statements.
# ELB/DAG code generating.
# Unit top modules: section3_schematic.
# $root top modules: section3_schematic.
# Compile success 0 Errors 0 Warnings  Analysis time: 0[s].
# done
vlog -dbg -work work C:/lscc/diamond/3.1_x64/bin/nt64/Lab3_7SegDisplayDriver/section3_schematic_tf.v
# Compile...
# Pass 1. Scanning modules hierarchy.
# Info: VCP2113 Module \$root found in current working library.
# Info: VCP2113 Module section3_schematic found in current working library.
# Pass 2. Processing instantiations.
# Pass 3. Processing behavioral statements.
# ELB/DAG code generating.
# Info: VCP2113 Module \$root found in current working library.
# Unit top modules: section3_schematic_tf.
# $root top modules: section3_schematic_tf.
# Compile success 0 Errors 0 Warnings  Analysis time: 0[s].
# done
module section3_schematic_tf
# ELBREAD: Elaboration process.
# ELBREAD: Warning: Module 'section3_schematic' does not have a `timescale directive, but previous modules do.
# ELBREAD: Elaboration time 0.0 [s].
vsim +access +r section3_schematic_tf -PL pmi_work -L ovi_machxo2
# ELBREAD: Elaboration process.
# ELBREAD: Warning: Module 'section3_schematic' does not have a `timescale directive, but previous modules do.
# ELBREAD: Elaboration time 0.0 [s].
# vsim: Stack memory: 32MB
# vsim: Retval memory: 32MB
# 
# KERNEL: Main thread initiated.
# KERNEL: Kernel process initialization phase.
# KERNEL: Time resolution set to 1ps.
# ELAB2: Elaboration final pass...
# ELAB2: Create instances ...
# ELAB2: Create instances complete.
# SLP: Started
# SLP: Elaboration phase ...
# SLP: Elaboration phase ... done : 0.0 [s]
# SLP: Generation phase ...
# SLP: Generation phase ... done : 0.7 [s]
# SLP: Finished : 0.9 [s]
# SLP: 36 (97.30%) primitives and 1 (2.70%) other processes in SLP
# SLP: 202 (100.00%) signals in SLP and 0 interface signals
# ELAB2: Elaboration final pass complete - time: 2.4 [s].
# KERNEL: SLP loading done - time: 0.0 [s].
# KERNEL: Warning: You are using the Active-HDL Lattice Edition. The performance of simulation is running at a reduced rate.
# KERNEL: Warning: Contact Aldec for available upgrade options - sales@aldec.com.
# KERNEL: SLP simulation initialization done - time: 0.0 [s].
# KERNEL: Kernel process initialization done.
# Allocation: Simulator allocated 5276 kB (elbread=1024 elab2=4106 kernel=144 sdf=0)
# KERNEL: ASDB file was created in location C:\lscc\diamond\3.1_x64\bin\nt64\Lab3_7SegDisplayDriver\section3_simulation\src\wave.asdb
#  10:32 AM, Wednesday, May 07, 2014
#  Simulation has been initialized
#  Selected Top-Level: section3_schematic_tf (section3_schematic_tf)
add wave *
# 11 signal(s) traced.
run 1000ns
# Waveform file 'untitled.awc' connected to 'C:/lscc/diamond/3.1_x64/bin/nt64/Lab3_7SegDisplayDriver/section3_simulation/src/wave.asdb'.
# KERNEL: stopped at time: 1 us
# KERNEL: Simulation has finished. There are no more test vectors to simulate.
#  Simulation has been stopped
