Active-HDL 9.3.2744.4995  2014-04-23 01:01:43

Elaboration top modules:
Verilog Module                Lab2_TekbotRemote_schematic_tf


------------------------------------------------------------------------------------------------------
Verilog Module                 | Library     | Info | Compiler Version         | Compilation Options
------------------------------------------------------------------------------------------------------
Lab2_TekbotRemote_schematic_tf | work        |      | 9.3.2744.4995  (Windows) | -l work -dbg
Lab2_TekbotRemote_schematic    | work        |      | 9.3.2744.4995  (Windows) | -l work -dbg
OR3                            | ovi_machxo2 |      | 9.3.2744.4995  (Windows) | -vendor lattice -v2k
AND2                           | ovi_machxo2 |      | 9.3.2744.4995  (Windows) | -vendor lattice -v2k
OR2                            | ovi_machxo2 |      | 9.3.2744.4995  (Windows) | -vendor lattice -v2k
INV                            | ovi_machxo2 |      | 9.3.2744.4995  (Windows) | -vendor lattice -v2k
------------------------------------------------------------------------------------------------------

------------------------------------------------------------------------------------------------------
Library                        | Comment
------------------------------------------------------------------------------------------------------
ovi_machxo2                    | LATTICE Diamond 3.1, MACHXO2 VERILOG LIBRARY
work                           | None
------------------------------------------------------------------------------------------------------


Simulation Options: vsim +access +r Lab2_TekbotRemote_schematic_tf -PL pmi_work -L ovi_machxo2


The performance of simulation is reduced. Version Lattice Edition
