10 1 1
10 1 1
10 1 1
13 8 192 224 1
13 8 208 208 1
13 0 176 160 176 512
13 0 176 160 128 160
13 8 336 304 1
13 8 128 160 1
13 8 144 160 1
13 8 144 160 1
13 8 144 160 1
13 8 128 160 1
13 8 128 160 1
13 5 96 160 A
13 5 240 128 B
13 5 352 128 C
13 5 448 128 D
13 7 96 160
13 5 128 128 A
13 8 96 160 0
13 8 128 128 0
13 7 240 128
13 5 224 112 B
13 8 240 128 0
13 8 224 112 0
13 7 224 112
13 5 224 128 B
13 8 224 112 0
13 8 224 128 0
13 7 352 128
13 5 320 128 C
13 8 352 128 0
13 8 320 128 0
13 7 448 128
13 5 400 128 D
13 8 448 128 0
13 8 400 128 0
13 7 400 128
13 5 416 128 D
13 8 400 128 0
13 8 416 128 0
13 2 128 160 176 160
13 0 128 160 176 160
13 0 176 208 176 160
13 2 176 160 176 208
13 2 176 208 176 512
13 0 128 224 128 512
13 0 128 512 176 512
13 0 128 224 128 160
13 0 128 160 176 160
13 2 128 160 176 160
13 0 128 128 128 160
13 2 128 512 176 512
13 0 128 2576 128 512
17 0 inv 128 128 0
13 7 224 128
13 7 320 128
13 7 416 128
13 5 288 128 B
13 5 384 128 C
13 5 480 128 D
13 8 224 128 0
13 8 320 128 0
13 8 416 128 0
13 8 288 128 0
13 8 384 128 0
13 8 480 128 0
13 7 384 128
13 7 480 128
13 5 544 112 C
13 5 640 112 D
13 8 384 128 0
13 8 480 128 0
13 8 544 112 0
13 8 640 112 0
13 7 544 112
13 5 512 128 C
13 8 544 112 0
13 8 512 128 0
13 7 640 112
13 5 720 112 D
13 8 640 112 0
13 8 720 112 0
13 7 720 112
13 5 704 128 D
13 8 720 112 0
13 8 704 128 0
13 0 224 176 224 2576
13 0 288 128 288 2576
17 0 inv 288 128 0
13 7 512 128
13 5 448 128 C
13 8 512 128 0
13 8 448 128 0
13 7 704 128
13 5 576 112 D
13 8 704 128 0
13 8 576 112 0
17 0 inv 448 144 0
13 7 576 112
13 5 592 128 D
13 8 576 112 0
13 8 592 128 0
17 0 3
17 0 inv 448 128 0
17 0 inv 592 128 0
13 0 384 176 384 2576
13 0 448 128 448 2576
13 0 448 128 448 176
13 0 448 176 448 2576
13 0 544 176 544 2576
13 0 592 128 592 2576
13 0 592 128 592 176
13 0 592 176 592 2576
13 0 688 176 688 2576
17 0 and4 864 192 0
17 0 and4 864 304 0
17 0 and4 864 416 0
17 0 and4 864 528 0
13 0 864 240 224 240
13 0 864 272 384 272
13 0 864 304 544 304
13 0 864 336 592 336
13 0 864 352 224 352
13 0 864 384 288 384
13 0 864 416 544 416
13 0 864 448 592 448
13 0 864 464 128 464
13 0 864 496 288 496
13 0 288 496 288 480
13 0 880 528 544 528
13 0 544 528 864 528
13 0 864 528 880 528
13 0 544 528 544 544
13 0 880 560 592 560
13 0 592 560 864 560
13 0 864 560 880 560
13 0 864 576 128 576
13 0 864 608 384 608
13 0 384 608 384 624
13 0 864 640 448 640
13 0 864 672 592 672
17 0 or4 1200 352 0
13 0 1008 288 1200 288
13 0 1200 288 1200 400
13 0 1008 624 1200 624
13 0 1200 624 1200 496
13 0 1008 512 1104 512
13 0 1104 512 1104 464
13 0 1104 464 1200 464
13 0 1008 400 1104 400
13 0 1104 400 1104 432
13 0 1104 432 1200 432
13 0 1344 448 1408 448
13 5 1408 448 SegA
13 2 128 576 864 576
13 2 384 608 864 608
13 2 1008 624 1200 624
13 2 448 640 864 640
13 2 592 672 864 672
17 0 8
17 0 and4 864 528 0
13 0 128 576 864 576
13 0 848 608 864 608
13 0 384 608 848 608
13 0 1008 624 1200 624
13 0 832 640 864 640
13 0 448 640 832 640
13 0 816 672 864 672
13 0 592 672 816 672
13 2 128 576 864 576
13 2 384 608 864 608
13 2 1008 624 1200 624
13 2 448 640 864 640
13 2 592 672 864 672
17 0 8
17 0 and4 864 528 0
13 0 128 576 864 576
13 0 848 608 864 608
13 0 384 608 848 608
13 0 1008 624 1200 624
13 0 832 640 864 640
13 0 448 640 832 640
13 0 816 672 864 672
13 0 592 672 816 672
17 0 and4 864 640 0
17 0 and3 864 752 0
17 0 and3 864 832 0
17 0 and3 864 912 0
13 0 864 688 224 688
13 0 864 704 288 704
13 2 288 704 864 704
13 0 864 720 288 720
13 0 864 752 544 752
13 0 864 784 592 784
13 0 864 800 288 800
13 0 864 832 448 832
13 0 864 864 688 864
13 0 864 880 128 880
13 0 864 912 288 912
13 0 864 944 688 944
13 0 880 960 128 960
13 0 128 960 864 960
13 0 864 960 880 960
13 2 864 960 880 960
13 2 128 960 864 960
13 0 864 960 128 960
13 0 864 992 448 992
13 0 864 1024 592 1024
17 0 or4 1200 784 0
13 0 1200 832 1200 736
13 0 1200 736 1168 736
13 0 1008 736 1168 736
13 0 1008 992 1200 992
13 0 1200 992 1200 928
13 0 1008 912 1136 912
13 0 1136 912 1136 896
13 0 1136 896 1216 896
13 0 1136 896 1200 896
13 0 1200 896 1216 896
13 2 1200 896 1216 896
13 2 1136 896 1200 896
13 0 1136 896 1200 896
13 0 1200 864 1136 864
13 0 1136 864 1136 832
13 0 1136 832 1008 832
13 0 1344 880 1376 880
13 5 1376 880 SegB
13 2 1344 880 1376 880
13 0 1344 880 1376 880
17 0 and4 864 992 0
17 0 and3 864 1104 0
17 0 and3 864 1184 0
13 0 864 1040 224 1040
13 0 864 1072 384 1072
13 0 864 1104 448 1104
13 0 448 1104 448 1120
13 0 864 1136 688 1136
13 0 688 1136 688 1152
13 0 864 1152 128 1152
13 0 864 1184 288 1184
13 0 864 1216 688 1216
13 0 864 1232 128 1232
13 0 864 1264 288 1264
13 0 864 1296 448 1296
10 1 101
17 0 17
17 0 16
17 0 15
17 0 14
17 0 13
17 0 12
17 0 11
17 0 10
17 0 9
17 0 8
17 0 7
17 0 6
17 0 5
17 0 4
17 0 3
17 0 2
17 0 1
13 2 224 240 864 240
13 2 384 272 864 272
13 2 1008 288 1200 288
13 2 544 304 864 304
13 2 592 336 864 336
13 2 224 352 864 352
13 2 288 384 864 384
13 2 1008 400 1104 400
13 2 544 416 864 416
13 2 1104 432 1200 432
13 2 592 448 864 448
13 2 1344 448 1408 448
13 2 128 464 864 464
13 2 1104 464 1200 464
13 2 288 496 864 496
13 2 1008 512 1104 512
13 2 544 528 880 528
13 2 592 560 880 560
13 2 128 576 864 576
13 2 384 608 864 608
13 2 1008 624 1200 624
13 2 448 640 864 640
13 2 592 672 864 672
13 2 224 688 864 688
13 2 288 720 864 720
13 2 1008 736 1200 736
13 2 544 752 864 752
13 2 592 784 864 784
13 2 288 800 864 800
13 2 448 832 864 832
13 2 1008 832 1136 832
13 2 688 864 864 864
13 2 1136 864 1200 864
13 2 128 880 864 880
13 2 1344 880 1376 880
13 2 1136 896 1200 896
13 2 288 912 864 912
13 2 1008 912 1136 912
13 2 688 944 864 944
13 2 128 960 864 960
13 2 448 992 864 992
13 2 1008 992 1200 992
13 2 592 1024 864 1024
13 2 224 1040 864 1040
13 2 384 1072 864 1072
13 2 448 1104 864 1104
13 2 688 1136 864 1136
13 2 128 1152 864 1152
13 2 288 1184 864 1184
13 2 688 1216 864 1216
13 2 128 1232 864 1232
13 2 288 1264 864 1264
13 2 448 1296 864 1296
13 0 128 128 128 464
13 2 128 128 128 464
13 0 128 464 128 576
13 2 128 464 128 576
13 0 128 576 128 880
13 2 128 576 128 880
13 0 128 880 128 960
13 2 128 880 128 960
13 0 128 960 128 1152
13 2 128 960 128 1152
13 0 128 1152 128 1232
13 2 128 1152 128 1232
13 2 128 1232 128 2576
13 0 224 176 224 240
13 2 224 176 224 240
13 0 224 240 224 352
13 2 224 240 224 352
13 0 224 352 224 688
13 2 224 352 224 688
13 0 224 688 224 1040
13 2 224 688 224 1040
13 2 224 1040 224 2576
13 0 288 128 288 384
13 2 288 128 288 384
13 0 288 384 288 496
13 2 288 384 288 496
13 0 288 496 288 720
13 2 288 496 288 720
13 0 288 720 288 800
13 2 288 720 288 800
13 0 288 800 288 912
13 2 288 800 288 912
13 0 288 912 288 1184
13 2 288 912 288 1184
13 0 288 1184 288 1264
13 2 288 1184 288 1264
13 2 288 1264 288 2576
13 0 384 176 384 272
13 2 384 176 384 272
13 0 384 272 384 608
13 2 384 272 384 608
13 0 384 608 384 1072
13 2 384 608 384 1072
13 2 384 1072 384 2576
13 0 448 128 448 640
13 2 448 128 448 640
13 0 448 640 448 832
13 2 448 640 448 832
13 0 448 832 448 992
13 2 448 832 448 992
13 0 448 992 448 1104
13 2 448 992 448 1104
13 0 448 1104 448 1296
13 2 448 1104 448 1296
13 2 448 1296 448 2576
13 0 544 176 544 304
13 2 544 176 544 304
13 0 544 304 544 416
13 2 544 304 544 416
13 0 544 416 544 528
13 2 544 416 544 528
13 0 544 528 544 752
13 2 544 528 544 752
13 2 544 752 544 2576
13 0 592 128 592 336
13 2 592 128 592 336
13 0 592 336 592 448
13 2 592 336 592 448
13 0 592 448 592 560
13 2 592 448 592 560
13 0 592 560 592 672
13 2 592 560 592 672
13 0 592 672 592 784
13 2 592 672 592 784
13 0 592 784 592 1024
13 2 592 784 592 1024
13 2 592 1024 592 2576
13 0 688 176 688 864
13 2 688 176 688 864
13 0 688 864 688 944
13 2 688 864 688 944
13 0 688 944 688 1136
13 2 688 944 688 1136
13 0 688 1136 688 1216
13 2 688 1136 688 1216
13 2 688 1216 688 2576
13 2 1104 400 1104 432
13 2 1104 464 1104 512
13 2 1136 832 1136 864
13 2 1136 896 1136 912
13 2 1200 288 1200 400
13 2 1200 496 1200 624
13 2 1200 736 1200 832
13 2 1200 928 1200 992
13 7 1408 448
13 7 1376 880
13 7 128 128
13 7 288 128
13 7 448 128
13 7 592 128
13 8 1408 448 0
13 8 1376 880 0
13 8 128 128 0
13 8 288 128 0
13 8 448 128 0
13 8 592 128 0
10 1 1
10 1 1
10 3 1
13 0 1200 928 1200 992
13 0 1200 736 1200 832
13 0 1200 496 1200 624
13 0 1200 288 1200 400
13 0 1136 896 1136 912
13 0 1136 832 1136 864
13 0 1104 464 1104 512
13 0 1104 400 1104 432
13 0 688 1216 688 2576
13 0 688 1136 688 1216
13 0 688 944 688 1136
13 0 688 864 688 944
13 0 688 176 688 864
13 0 592 1024 592 2576
13 0 592 784 592 1024
13 0 592 672 592 784
13 0 592 560 592 672
13 0 592 448 592 560
13 0 592 336 592 448
13 0 592 128 592 336
13 0 544 752 544 2576
13 0 544 528 544 752
13 0 544 416 544 528
13 0 544 304 544 416
13 0 544 176 544 304
13 0 448 1296 448 2576
13 0 448 1104 448 1296
13 0 448 992 448 1104
13 0 448 832 448 992
13 0 448 640 448 832
13 0 448 128 448 640
13 0 384 1072 384 2576
13 0 384 608 384 1072
13 0 384 272 384 608
13 0 384 176 384 272
13 0 288 1264 288 2576
13 0 288 1184 288 1264
13 0 288 912 288 1184
13 0 288 800 288 912
13 0 288 720 288 800
13 0 288 496 288 720
13 0 288 384 288 496
13 0 288 128 288 384
13 0 224 1040 224 2576
13 0 224 688 224 1040
13 0 224 352 224 688
13 0 224 240 224 352
13 0 224 176 224 240
13 0 128 1232 128 2576
13 0 128 1152 128 1232
13 0 128 960 128 1152
13 0 128 880 128 960
13 0 128 576 128 880
13 0 128 464 128 576
13 0 128 128 128 464
13 0 448 1296 864 1296
13 0 288 1264 864 1264
13 0 128 1232 864 1232
13 0 688 1216 864 1216
13 0 288 1184 864 1184
13 0 128 1152 864 1152
13 0 688 1136 864 1136
13 0 448 1104 864 1104
13 0 384 1072 864 1072
13 0 224 1040 864 1040
13 0 592 1024 864 1024
13 0 1008 992 1200 992
13 0 448 992 864 992
13 0 128 960 864 960
13 0 688 944 864 944
13 0 1008 912 1136 912
13 0 288 912 864 912
13 0 1136 896 1200 896
13 0 1344 880 1376 880
13 0 128 880 864 880
13 0 1136 864 1200 864
13 0 688 864 864 864
13 0 1008 832 1136 832
13 0 448 832 864 832
13 0 288 800 864 800
13 0 592 784 864 784
13 0 544 752 864 752
13 0 1008 736 1200 736
13 0 288 720 864 720
13 0 224 688 864 688
13 0 592 672 864 672
13 0 448 640 864 640
13 0 1008 624 1200 624
13 0 384 608 864 608
13 0 128 576 864 576
13 0 592 560 880 560
13 0 544 528 880 528
13 0 1008 512 1104 512
13 0 288 496 864 496
13 0 1104 464 1200 464
13 0 128 464 864 464
13 0 1344 448 1408 448
13 0 592 448 864 448
13 0 1104 432 1200 432
13 0 544 416 864 416
13 0 1008 400 1104 400
13 0 288 384 864 384
13 0 224 352 864 352
13 0 592 336 864 336
13 0 544 304 864 304
13 0 1008 288 1200 288
13 0 384 272 864 272
13 0 224 240 864 240
13 5 592 128 D
13 5 448 128 C
13 5 288 128 B
13 5 128 128 A
13 5 1376 880 SegB
13 5 1408 448 SegA
13 8 592 128 0
13 8 448 128 0
13 8 288 128 0
13 8 128 128 0
13 8 1376 880 0
13 8 1408 448 0
17 0 and3 864 1184 0
17 0 and3 864 1104 0
17 0 and4 864 992 0
17 0 or4 1200 784 0
17 0 and3 864 912 0
17 0 and3 864 832 0
17 0 and3 864 752 0
17 0 and4 864 640 0
17 0 or4 1200 352 0
17 0 and4 864 528 0
17 0 and4 864 416 0
17 0 and4 864 304 0
17 0 and4 864 192 0
17 0 inv 592 128 0
17 0 inv 448 128 0
17 0 inv 288 128 0
17 0 inv 128 128 0
10 1 1
10 1 1
17 0 and4 864 1264 0
17 0 and4 864 1376 0
17 0 and4 864 1488 0
17 0 and3 864 1600 0
17 0 or3 1200 1088 0
13 0 1200 1136 1200 1088
13 0 1200 1088 1008 1088
13 0 1008 1264 1200 1264
13 0 1200 1264 1200 1248
13 0 1200 1248 1200 1200
13 0 1200 1168 1008 1168
13 0 1008 1168 1008 1184
13 0 1344 1168 1392 1168
13 5 1392 1168 SegC
13 0 864 1312 224 1312
13 0 864 1344 288 1344
13 0 864 1376 384 1376
13 2 384 1376 864 1376
13 0 864 1376 544 1376
13 0 544 1376 544 1392
13 0 864 1408 688 1408
13 0 880 1408 224 1408
13 0 224 1408 864 1408
13 0 864 1408 880 1408
13 2 864 1408 880 1408
13 2 224 1408 688 1408
13 0 864 1424 224 1424
13 0 864 1456 384 1456
13 0 864 1488 544 1488
13 0 880 1520 592 1520
13 0 592 1520 864 1520
13 0 864 1520 880 1520
13 0 864 1536 128 1536
13 0 864 1568 384 1568
13 0 864 1600 448 1600
13 0 864 1632 592 1632
13 0 864 1648 288 1648
13 0 864 1680 448 1680
13 0 864 1712 592 1712
17 0 or4 1200 1424 0
13 0 1008 1360 1200 1360
13 0 1200 1360 1200 1472
13 0 1008 1680 1200 1680
13 0 1200 1680 1200 1568
13 0 1008 1584 1120 1584
13 0 1120 1584 1120 1536
13 0 1120 1536 1200 1536
13 0 1008 1472 1120 1472
13 0 1120 1472 1120 1504
13 0 1120 1504 1200 1504
13 0 1344 1520 1424 1520
13 5 1440 1520 SegD
13 5 1424 1520 SegD
13 7 1424 1520
13 7 1440 1520
13 5 1424 1520 SegD
17 0 21
17 0 and3 864 1600 0
17 0 and3 864 1680 0
17 0 and3 864 1760 0
17 0 and2 864 1856 0
13 0 864 1904 224 1904
13 0 864 1936 592 1936
13 0 864 1728 224 1728
13 0 864 1760 288 1760
13 0 864 1792 544 1792
13 0 864 1808 384 1808
13 0 864 1840 544 1840
13 0 864 1872 592 1872
17 0 or3 1216 1744 0
13 0 1008 1840 1216 1840
17 0 27
17 0 or3 1200 1760 0
13 2 1008 1840 1200 1840
13 2 1200 1840 1216 1840
17 0 27
17 0 or3 1216 1760 0
13 0 1008 1840 1216 1840
13 0 1216 1840 1232 1840
13 2 1216 1840 1232 1840
13 2 1008 1840 1216 1840
17 0 27
17 0 or3 1200 1760 0
13 0 1200 1840 1216 1840
13 0 1008 1840 1200 1840
17 0 27
17 0 or3 1216 1744 0
13 2 1008 1840 1216 1840
17 0 27
17 0 or3 1216 1760 0
13 0 1216 1840 1008 1840
13 0 1008 1760 1216 1760
13 0 1216 1760 1216 1808
13 0 1008 1920 1216 1920
13 0 1216 1920 1216 1872
13 0 1360 1840 1424 1840
13 5 1424 1840 SegE
13 2 224 1312 864 1312
13 2 288 1344 864 1344
13 2 1008 1360 1200 1360
13 2 544 1376 864 1376
13 2 688 1408 864 1408
17 0 18
17 0 and4 864 1264 0
13 0 224 1312 864 1312
13 0 848 1344 864 1344
13 0 288 1344 848 1344
13 0 1008 1360 1200 1360
13 0 832 1376 864 1376
13 0 544 1376 832 1376
13 0 816 1408 864 1408
13 0 688 1408 816 1408
13 2 224 1312 864 1312
13 2 288 1344 864 1344
13 2 1008 1360 1200 1360
13 2 544 1376 864 1376
13 2 688 1408 864 1408
17 0 18
17 0 and4 864 1264 0
13 0 224 1312 864 1312
13 0 848 1344 864 1344
13 0 288 1344 848 1344
13 0 1008 1360 1200 1360
13 0 832 1376 864 1376
13 0 544 1376 832 1376
13 0 816 1408 864 1408
13 0 688 1408 816 1408
17 0 and4 864 1920 0
13 2 384 1808 864 1808
13 2 544 1840 864 1840
13 2 1008 1840 1216 1840
13 2 592 1872 864 1872
17 0 25
17 0 and3 864 1760 0
13 0 384 1808 864 1808
13 0 848 1840 864 1840
13 0 544 1840 848 1840
13 0 1008 1840 1216 1840
13 0 832 1872 864 1872
13 0 592 1872 832 1872
17 0 and3 864 2032 0
17 0 and3 864 2112 0
17 0 and3 864 2192 0
13 0 864 1968 128 1968
13 0 864 2000 288 2000
13 0 864 2032 544 2032
13 0 864 2064 592 2064
13 0 880 2080 224 2080
13 0 224 2080 864 2080
13 0 864 2080 880 2080
13 2 864 2080 880 2080
13 2 224 2080 864 2080
13 0 864 2080 224 2080
13 0 864 2112 384 2112
13 0 864 2144 592 2144
13 0 864 2160 224 2160
13 0 864 2192 448 2192
13 0 864 2224 592 2224
13 0 592 2224 304 2224
13 2 304 2224 592 2224
13 0 864 2240 224 2240
13 0 864 2272 384 2272
13 0 864 2304 448 2304
13 2 1120 1504 1200 1504
13 2 1344 1520 1424 1520
13 2 1120 1536 1200 1536
13 2 1200 1360 1200 1472
13 2 1200 1568 1200 1680
17 0 23
17 0 or4 1200 1424 0
13 0 1120 1504 1200 1504
13 0 1344 1520 1424 1520
13 0 1184 1536 1200 1536
13 0 1120 1536 1184 1536
13 0 1200 1360 1200 1472
13 0 1200 1568 1200 1680
17 0 or4 1216 2048 0
13 0 1008 2016 1216 2016
13 0 1216 2016 1216 2096
13 0 1216 2192 1216 2272
13 0 1216 2272 1200 2272
13 0 1200 2272 1008 2272
13 0 1008 2192 1120 2192
13 0 1120 2192 1120 2160
13 0 1120 2160 1216 2160
13 0 1008 2112 1120 2112
13 0 1120 2112 1120 2144
13 0 1120 2144 1216 2144
13 0 1216 2144 1216 2128
13 0 1168 2144 1216 2144
13 2 1168 2144 1216 2144
13 2 1120 2144 1168 2144
13 0 1168 2128 1120 2128
13 0 1120 2128 1120 2144
13 0 1168 2128 1216 2128
13 0 1216 2128 1216 2144
13 2 1120 2128 1120 2144
13 0 1120 2144 1120 2128
13 2 1120 2128 1120 2144
13 2 1216 2128 1216 2144
13 0 1360 2144 1424 2144
13 5 1424 2144 SegF
17 0 and4 864 2272 0
17 0 and4 864 2384 0
17 0 and3 864 2496 0
13 2 688 1408 688 2576
13 0 688 2672 688 1408
13 2 592 2224 592 2576
13 0 592 2672 592 2224
13 2 544 2032 544 2576
13 0 544 2672 544 2032
13 2 448 2304 448 2576
13 0 448 2672 448 2304
13 2 448 2304 448 2672
13 0 448 2672 448 2304
13 2 384 2272 384 2576
13 0 384 2672 384 2272
13 2 288 2000 288 2576
13 0 288 2672 288 2000
13 2 224 2240 224 2576
13 0 224 2672 224 2240
13 2 128 1968 128 2576
13 0 128 2672 128 1968
13 0 864 2320 224 2320
13 0 864 2352 384 2352
13 2 384 2352 864 2352
13 2 224 2320 864 2320
13 0 864 2544 224 2544
13 0 864 2576 384 2576
13 0 864 2608 448 2608
13 0 864 2320 224 2320
13 0 224 2320 224 2336
13 0 864 2352 288 2352
13 0 864 2384 448 2384
13 0 864 2416 592 2416
13 0 864 2432 224 2432
13 0 224 2432 224 2448
13 0 864 2464 384 2464
13 0 864 2496 544 2496
13 0 864 2528 688 2528
17 0 or3 1216 2400 0
13 0 1008 2480 1216 2480
13 0 1008 2368 1216 2368
13 0 1216 2368 1216 2448
13 0 1008 2576 1216 2576
13 0 1216 2576 1216 2512
13 0 1360 2480 1440 2480
13 5 1440 2480 SegG
13 8 128 128 1
13 8 288 128 1
13 8 448 112 1
13 8 448 128 1
13 8 592 128 1
13 8 1424 448 2
13 8 1424 464 2
13 8 1408 448 2
13 8 1376 896 2
13 8 1376 880 2
13 8 1376 880 2
13 8 1376 1168 2
13 8 1376 1168 2
13 8 1376 1168 2
13 8 1376 1168 2
13 8 1376 1168 2
13 8 1392 1168 2
13 8 1392 1168 2
13 8 1424 1536 2
13 8 1424 1520 2
13 8 1424 1840 2
13 8 1424 2144 2
13 8 1440 2480 2
13 2 1344 1520 1424 1520
13 7 1424 1520
13 8 1424 1520 0
13 0 1344 1520 1408 1520
13 5 1408 1520 SegD
13 8 1424 1520 2
13 8 1408 1520 2
13 2 1344 1168 1392 1168
13 7 1392 1168
13 8 1392 1168 0
13 0 1344 1168 1408 1168
13 5 1408 1168 SegC
13 8 1392 1168 2
13 8 1408 1168 2
13 2 1344 880 1376 880
13 7 1376 880
13 8 1376 880 0
13 0 1392 880 1408 880
13 0 1344 880 1392 880
13 5 1408 880 SegB
13 8 1376 880 2
13 8 1408 880 2
13 2 224 2320 864 2320
13 2 288 2352 864 2352
13 2 1008 2368 1216 2368
13 2 448 2384 864 2384
13 2 592 2416 864 2416
17 0 33
17 0 and4 864 2272 0
13 0 224 2320 864 2320
13 0 848 2352 864 2352
13 0 288 2352 848 2352
13 0 1008 2368 1216 2368
13 0 832 2384 864 2384
13 0 448 2384 832 2384
13 0 816 2416 864 2416
13 0 592 2416 816 2416
13 0 256 2432 864 2432
13 2 256 2432 864 2432
13 2 224 2432 256 2432
13 0 864 2432 128 2432
13 0 400 2464 864 2464
13 2 400 2464 864 2464
13 2 384 2464 400 2464
13 0 864 2464 288 2464
