10 1 1
10 1 1
10 1 1
13 0 400 2576 864 2576
13 2 400 2576 864 2576
13 2 384 2576 400 2576
13 0 400 2576 384 2576
13 0 400 2576 864 2576
13 0 656 2544 864 2544
13 2 656 2544 864 2544
13 2 224 2544 656 2544
13 0 656 2544 224 2544
13 0 656 2544 864 2544
13 0 352 2464 864 2464
13 2 352 2464 864 2464
13 2 288 2464 352 2464
13 0 352 2464 288 2464
13 0 352 2464 864 2464
13 0 464 2608 864 2608
13 2 464 2608 864 2608
13 2 448 2608 464 2608
13 0 864 2608 544 2608
13 0 592 144 816 144
13 2 592 144 816 144
13 0 592 144 832 144
13 0 832 144 832 128
13 5 832 128 LED
13 5 832 128 LED
13 5 832 128 LED
13 5 832 144 LED
13 5 832 144 LED
13 5 832 144 LED
13 5 832 144 LED
13 5 832 144 LED
13 5 816 144 LED
13 5 832 128 LED
13 5 848 128 LED
13 5 832 128 LED
13 2 832 128 832 144
13 0 832 128 832 144
13 0 832 128 848 128
13 0 848 128 832 128
13 7 848 128
13 5 864 144 LED
13 8 848 128 0
13 8 864 144 0
13 2 832 128 832 144
13 0 608 144 832 144
13 2 608 144 832 144
13 2 592 144 608 144
13 0 688 176 864 176
13 0 864 176 864 144
13 8 864 144 2
13 0 848 176 864 176
13 2 848 176 864 176
13 2 688 176 848 176
13 0 848 176 688 176
13 0 848 176 864 176
13 0 128 144 128 128
13 2 128 128 128 144
13 2 128 144 128 176
13 0 128 144 128 176
13 0 128 144 128 128
13 0 128 160 128 128
13 2 128 128 128 160
13 2 128 160 128 176
13 0 128 128 224 128
13 0 224 128 224 176
13 0 128 208 128 176
13 2 128 176 128 208
13 2 128 208 128 464
13 0 128 224 128 464
13 0 128 224 128 176
17 0 17
17 0 inv 160 144 0
13 0 160 128 160 192
13 0 256 192 128 192
13 0 128 192 160 192
13 0 160 192 256 192
13 2 128 176 128 192
13 2 128 192 160 192
13 2 160 192 256 192
13 2 160 128 160 192
17 0 17
17 0 inv 96 144 0
13 0 128 192 96 192
13 0 96 192 192 192
13 0 96 160 96 192
13 0 96 160 160 160
13 0 160 128 160 160
13 2 160 128 160 160
13 2 96 160 160 160
13 2 96 160 96 192
13 2 128 192 192 192
13 2 96 192 128 192
17 0 17
17 0 inv 160 144 0
13 0 160 128 160 192
13 0 160 192 256 192
13 0 128 192 160 192
13 0 128 176 128 192
13 2 160 192 256 192
13 2 128 192 160 192
13 2 160 128 160 192
17 0 17
13 2 128 176 128 464
13 0 128 240 128 464
17 0 inv 112 144 0
13 0 208 192 208 240
13 0 208 240 176 240
13 0 176 240 128 240
13 0 112 192 112 160
13 0 112 160 144 160
13 0 144 160 144 128
13 2 144 128 224 128
13 2 128 128 144 128
13 2 144 128 144 160
13 0 224 128 224 160
13 0 224 160 144 160
13 0 224 128 128 128
13 2 288 128 288 176
13 2 288 176 288 384
13 2 384 176 384 272
17 0 16
17 0 inv 288 128 0
13 0 288 144 288 176
13 0 288 128 288 144
13 0 288 176 288 208
13 0 288 208 288 384
13 0 384 176 384 208
13 0 384 224 384 208
13 0 384 224 384 272
17 0 16
17 0 inv 288 128 0
13 0 288 144 288 128
13 2 288 128 288 144
13 2 288 144 288 176
13 7 288 128
13 8 288 128 0
13 5 336 112 B
13 8 288 128 1
13 8 336 112 1
13 2 288 176 288 384
13 2 384 176 384 272
17 0 16
17 0 inv 288 128 0
13 0 288 176 288 208
13 0 288 208 288 384
13 0 384 176 384 208
13 0 384 224 384 208
13 0 384 224 384 272
17 0 16
17 0 inv 272 96 0
13 0 336 112 272 112
13 0 272 112 272 144
13 0 272 144 272 224
13 0 272 224 304 224
13 0 304 224 384 224
13 0 368 144 368 176
13 0 368 176 352 176
13 0 352 176 288 176
13 0 384 192 384 176
13 2 384 176 384 192
13 2 384 192 384 224
13 0 384 192 384 224
13 0 384 192 384 176
13 0 384 192 384 176
13 2 384 176 384 192
13 2 384 192 384 224
13 0 448 160 448 128
13 2 448 128 448 160
13 2 448 160 448 176
17 0 15
17 0 inv 448 96 0
13 7 448 128
13 8 448 128 0
13 5 416 112 C
13 8 448 128 1
13 8 416 112 1
13 7 416 112
13 8 416 112 0
13 5 448 128 C
13 8 416 112 1
13 8 448 128 1
13 8 448 128 1
13 7 448 128
13 8 448 128 0
13 5 432 112 C
13 8 448 128 1
13 8 432 112 1
13 0 432 112 432 144
13 0 432 144 448 144
13 7 432 112
13 8 432 112 0
13 5 416 176 C
13 8 432 112 1
13 8 416 176 1
13 7 416 176
13 8 416 176 0
13 5 432 112 C
13 8 416 176 1
13 8 432 112 1
13 8 432 112 1
13 0 544 144 544 160
13 0 544 160 448 160
13 0 448 160 448 176
13 0 464 144 464 208
13 0 464 208 496 208
13 0 496 208 544 208
13 0 544 192 544 176
13 2 544 176 544 192
13 2 544 192 544 208
13 0 592 144 592 128
13 2 592 128 592 144
13 2 592 144 592 176
13 0 592 144 592 176
13 0 592 144 592 128
13 2 688 176 864 176
13 2 592 128 592 176
13 2 592 176 592 336
13 2 688 176 688 864
17 0 14
17 0 inv 592 128 0
13 0 688 176 864 176
13 0 592 144 592 176
13 0 592 128 592 144
13 0 592 176 592 208
13 0 592 208 592 336
13 0 688 176 688 208
13 0 688 224 688 208
13 0 688 224 688 864
13 0 592 144 592 128
13 2 592 128 592 144
13 2 592 144 592 176
13 7 592 128
13 8 592 128 0
13 5 592 112 D
13 8 592 128 1
13 8 592 112 1
17 0 14
17 0 inv 592 96 0
13 7 592 112
13 8 592 112 0
13 7 592 112
17 0 14
17 0 inv 592 80 0
13 5 592 96 D
13 5 592 96 D
13 8 592 112 1
13 8 592 112 1
13 8 592 96 1
13 8 592 96 1
13 0 592 96 592 128
13 0 688 128 688 160
13 0 688 160 672 160
13 0 672 160 592 160
13 0 592 160 592 176
13 0 608 128 608 208
13 0 608 208 688 208
13 2 608 208 688 208
13 2 608 128 608 208
13 0 592 160 592 176
13 2 592 160 592 176
13 0 672 160 592 160
13 2 592 160 672 160
13 2 672 160 688 160
13 2 688 128 688 160
13 2 592 96 592 128
13 7 592 96
13 8 592 96 0
17 0 14
17 0 inv 592 96 0
13 5 592 112 D
13 8 592 96 1
13 8 592 96 1
13 8 592 112 1
13 8 592 112 1
13 8 592 112 1
13 8 592 112 1
17 0 14
17 0 inv 592 128 0
13 7 592 112
13 8 592 112 0
13 5 592 128 D
13 8 592 112 1
13 8 592 128 1
13 8 592 128 1
13 0 592 144 592 176
13 0 592 128 592 144
13 0 688 224 688 864
13 2 688 224 688 864
13 0 688 224 688 208
13 2 688 208 688 224
13 2 688 176 688 208
13 0 592 208 592 336
13 2 592 208 592 336
13 2 592 176 592 208
13 0 592 128 592 144
13 2 592 128 592 144
13 2 592 144 592 176
13 2 688 176 864 176
17 0 14
17 0 inv 592 128 0
13 0 688 176 688 864
13 0 592 176 592 336
13 0 592 128 592 176
13 0 688 176 864 176
13 0 592 144 592 128
13 2 592 128 592 144
13 2 592 144 592 176
13 0 592 144 592 176
13 0 592 128 592 144
13 0 544 192 544 208
13 0 544 176 544 192
13 0 496 208 544 208
13 2 496 208 544 208
13 2 464 208 496 208
13 2 464 144 464 208
13 0 448 160 448 176
13 2 448 160 448 176
13 2 448 160 544 160
13 2 544 144 544 160
13 2 432 144 448 144
13 2 432 112 432 144
13 7 432 112
13 8 432 112 0
13 5 448 128 C
13 8 432 112 1
13 8 448 128 1
13 8 448 128 1
17 0 15
17 0 inv 448 128 0
13 0 448 160 448 176
13 0 448 128 448 160
13 0 384 192 384 224
13 0 384 176 384 192
13 0 384 192 384 176
13 2 384 176 384 192
13 2 384 192 384 224
13 0 384 192 384 224
13 0 384 176 384 192
13 0 352 176 288 176
13 2 288 176 352 176
13 2 352 176 368 176
13 2 368 144 368 176
13 0 304 224 384 224
13 2 304 224 384 224
13 2 272 224 304 224
13 2 272 144 272 224
13 2 272 112 272 144
13 2 272 112 336 112
17 0 16
17 0 inv 288 128 0
13 0 384 224 384 272
13 2 384 224 384 272
13 0 384 224 384 208
13 2 384 208 384 224
13 2 384 176 384 208
13 0 288 208 288 384
13 2 288 208 288 384
13 2 288 176 288 208
17 0 16
17 0 inv 288 128 0
13 0 384 176 384 272
13 0 288 176 288 384
13 7 336 112
13 8 336 112 0
13 5 288 128 B
13 8 336 112 1
13 8 288 128 1
13 8 288 128 1
13 0 288 144 288 176
13 0 288 128 288 144
13 0 384 224 384 272
13 2 384 224 384 272
13 0 384 224 384 208
13 2 384 208 384 224
13 2 384 176 384 208
13 0 288 208 288 384
13 2 288 208 288 384
13 2 288 176 288 208
13 0 288 128 288 144
13 2 288 128 288 144
13 2 288 144 288 176
17 0 16
17 0 inv 288 128 0
13 0 384 176 384 272
13 0 288 176 288 384
13 0 288 128 288 176
13 2 128 128 224 128
13 0 224 160 144 160
13 2 144 160 224 160
13 0 144 128 144 160
13 0 128 128 144 128
13 0 144 128 224 128
13 2 144 128 144 160
13 2 112 160 144 160
13 2 112 160 112 192
13 0 176 240 128 240
13 2 128 240 176 240
13 2 176 240 208 240
13 2 208 192 208 240
17 0 17
13 2 128 240 128 464
13 0 128 176 128 464
17 0 inv 128 128 0
13 0 128 224 128 176
13 2 128 176 128 224
13 2 128 224 128 464
13 0 128 208 128 464
13 0 128 176 128 208
13 2 224 128 224 176
13 2 128 128 224 128
13 0 128 160 128 176
13 0 128 128 128 160
13 0 128 144 128 128
13 2 128 128 128 144
13 2 128 144 128 176
13 0 128 144 128 176
13 0 128 128 128 144
13 0 352 256 208 256
13 2 208 256 352 256
13 0 128 160 128 128
13 2 128 128 128 160
13 2 128 160 128 176
13 0 128 160 128 176
13 0 128 160 128 128
13 0 128 160 128 128
13 2 128 128 128 160
13 2 128 160 128 176
13 7 128 128
13 8 128 128 0
13 5 112 96 A
13 8 128 128 1
13 8 112 96 1
17 0 17
17 0 inv 128 128 0
13 2 128 176 128 464
13 2 224 176 224 240
17 0 17
17 0 inv 128 160 0
13 0 128 208 128 240
13 0 128 240 128 464
13 0 224 208 224 240
13 0 224 256 224 240
13 0 224 256 224 240
17 0 inv 96 96 0
13 0 112 96 112 144
13 0 112 144 96 144
13 0 192 144 192 176
13 0 192 176 128 176
13 0 128 176 128 208
13 0 288 144 288 128
13 2 288 128 288 144
13 2 288 144 288 176
13 7 288 128
13 8 288 128 0
13 5 240 112 B
13 8 288 128 1
13 8 240 112 1
13 7 240 112
13 8 240 112 0
13 5 224 112 B
13 8 240 112 1
13 8 224 112 1
17 0 16
17 0 inv 288 128 0
17 0 inv 240 64 0
13 0 240 112 224 112
13 0 336 112 336 144
13 0 336 144 288 144
13 0 288 144 288 176
13 2 448 128 448 176
13 7 448 128
13 8 448 128 0
13 0 448 128 448 176
13 5 448 128 C
13 8 448 128 1
13 8 448 128 1
13 0 448 144 448 128
13 2 448 128 448 144
13 2 448 144 448 176
13 7 448 128
13 8 448 128 0
13 5 384 96 C
13 8 448 128 1
13 8 384 96 1
13 7 384 96
13 8 384 96 0
13 5 384 128 C
13 8 384 96 1
13 8 384 128 1
13 7 384 128
13 8 384 128 0
13 5 384 112 C
13 8 384 128 1
13 8 384 112 1
17 0 inv 400 64 0
13 0 400 112 384 112
13 0 496 112 496 144
13 0 496 144 464 144
13 0 464 144 464 176
13 0 592 144 592 128
13 2 592 128 592 144
13 2 592 144 592 176
13 0 592 144 592 176
13 0 592 144 592 128
13 0 592 144 592 128
13 2 592 128 592 144
13 2 592 144 592 176
13 7 592 128
13 8 592 128 0
13 5 560 112 D
13 8 592 128 1
13 8 560 112 1
13 7 560 112
13 8 560 112 0
13 5 560 112 D
13 8 560 112 1
13 8 560 112 1
17 0 inv 576 64 0
13 0 576 112 560 112
13 0 672 112 672 144
13 0 672 144 592 144
13 0 592 144 592 176
13 2 448 176 448 640
13 2 544 176 544 304
17 0 15
17 0 inv 464 144 0
13 0 464 192 464 224
13 0 464 224 448 224
13 0 448 224 448 640
13 0 560 192 560 224
13 0 560 240 560 224
13 0 560 240 544 240
13 0 544 240 544 304
13 2 288 144 336 144
13 2 288 144 288 176
13 2 288 176 288 384
13 2 384 176 384 272
17 0 16
17 0 inv 304 144 0
13 0 304 160 352 160
13 0 304 160 304 192
13 0 304 192 304 224
13 0 304 224 288 224
13 0 288 224 288 384
13 0 400 192 400 224
13 0 400 240 400 224
13 0 400 240 384 240
13 0 384 240 384 272
13 2 384 240 384 272
13 0 400 240 400 224
13 2 400 224 400 240
13 2 400 192 400 224
13 2 288 224 288 384
13 2 288 224 304 224
13 2 304 192 304 224
13 2 304 160 304 192
13 2 304 160 352 160
17 0 16
17 0 inv 288 128 0
13 0 384 176 384 272
13 0 288 176 288 384
13 0 288 144 288 176
13 0 288 144 336 144
13 0 464 176 464 192
13 2 448 224 464 224
13 2 464 144 464 192
13 2 464 192 464 224
13 2 560 192 560 240
17 0 15
17 0 inv 464 144 0
13 0 448 224 464 224
13 0 464 160 464 192
13 0 464 144 464 160
13 0 464 192 464 224
13 0 560 192 560 224
13 0 560 224 560 240
13 2 448 224 464 224
13 2 464 144 464 192
13 2 464 192 464 224
13 2 560 192 560 240
17 0 15
17 0 inv 464 144 0
13 0 448 224 464 224
13 0 464 160 464 192
13 0 464 144 464 160
13 0 464 192 464 224
13 0 560 192 560 224
13 0 560 224 560 240
13 2 448 224 464 224
13 2 464 144 464 192
13 2 464 192 464 224
13 2 560 192 560 240
17 0 15
17 0 inv 464 144 0
13 0 448 224 464 224
13 0 464 160 464 192
13 0 464 144 464 160
13 0 464 192 464 224
13 0 560 192 560 224
13 0 560 224 560 240
13 2 464 144 464 192
13 2 464 192 464 224
13 0 464 192 464 224
13 0 464 192 464 144
13 2 464 144 464 192
13 2 464 192 464 224
13 0 464 192 464 224
13 0 464 144 464 192
13 0 560 224 560 240
13 2 560 224 560 240
13 2 560 192 560 224
13 2 464 192 464 224
13 0 464 144 464 160
13 2 464 144 464 160
13 2 464 160 464 192
13 2 448 224 464 224
17 0 15
17 0 inv 464 144 0
13 0 560 192 560 240
13 0 464 192 464 224
13 0 464 144 464 192
13 0 448 224 464 224
13 0 560 224 560 240
13 2 560 224 560 240
13 2 560 192 560 224
13 2 464 192 464 224
13 0 464 144 464 160
13 2 464 144 464 160
13 2 464 160 464 192
13 2 448 224 464 224
17 0 15
17 0 inv 464 144 0
13 0 560 192 560 240
13 0 464 192 464 224
13 0 464 144 464 192
13 0 448 224 464 224
13 0 560 224 560 240
13 2 560 224 560 240
13 2 560 192 560 224
13 2 464 192 464 224
13 0 464 144 464 160
13 2 464 144 464 160
13 2 464 160 464 192
13 2 448 224 464 224
17 0 15
17 0 inv 464 144 0
13 0 560 192 560 240
13 0 464 192 464 224
13 0 464 144 464 192
13 0 448 224 464 224
13 0 464 176 464 192
13 2 464 176 464 192
13 2 544 240 544 304
13 0 560 240 560 224
13 2 560 224 560 240
13 2 560 192 560 224
13 2 448 224 448 640
13 2 448 224 464 224
13 2 464 192 464 224
17 0 15
17 0 inv 448 128 0
13 0 544 176 544 304
13 0 448 176 448 640
13 2 448 176 448 640
13 2 544 176 544 304
17 0 15
17 0 inv 480 128 0
13 0 480 176 480 208
13 0 480 208 448 208
13 0 448 208 448 640
13 0 576 176 576 208
13 0 576 224 576 208
13 0 576 224 544 224
13 0 544 224 544 304
13 0 464 176 480 176
13 0 752 1632 864 1632
13 2 752 1632 864 1632
13 2 592 1632 752 1632
13 0 864 1632 688 1632
13 0 688 1632 688 1616
13 0 816 240 864 240
13 2 816 240 864 240
13 2 224 240 816 240
13 0 816 240 224 240
13 0 816 240 864 240
13 0 816 240 864 240
13 2 816 240 864 240
13 2 224 240 816 240
13 0 816 240 224 240
13 0 816 240 864 240
13 0 688 592 688 176
13 2 688 176 688 592
13 2 688 592 688 864
13 0 688 592 688 864
13 0 688 592 688 176
13 0 720 576 864 576
13 2 720 576 864 576
13 2 128 576 720 576
13 0 720 576 128 576
13 0 720 576 864 576
13 0 736 448 864 448
13 2 736 448 864 448
13 2 592 448 736 448
13 0 864 448 688 448
13 2 592 144 672 144
13 2 688 176 864 176
13 2 592 144 592 176
13 2 592 176 592 336
13 2 688 176 688 448
17 0 14
17 0 inv 752 96 0
13 0 752 112 832 112
13 0 848 144 848 176
13 0 848 176 864 176
13 0 752 112 752 144
13 0 752 144 752 176
13 0 752 176 592 176
13 0 592 176 592 336
13 0 848 144 848 176
13 0 848 192 848 176
13 0 848 192 688 192
13 0 688 192 688 448
13 2 688 192 688 448
13 2 688 192 848 192
13 2 848 176 848 192
13 2 592 176 592 336
13 2 592 176 752 176
13 2 752 144 752 176
13 2 752 112 752 144
13 2 848 176 864 176
13 2 848 144 848 176
13 2 752 112 832 112
17 0 14
17 0 inv 592 128 0
13 0 688 176 688 448
13 0 592 176 592 336
13 0 592 144 592 176
13 0 688 176 864 176
13 0 592 144 672 144
13 2 592 144 672 144
13 2 688 176 864 176
13 2 592 144 592 176
13 2 592 176 592 336
13 2 688 176 688 448
17 0 14
17 0 inv 736 112 0
13 0 736 128 816 128
13 0 832 160 832 176
13 0 832 176 864 176
13 0 736 128 736 160
13 0 736 160 736 192
13 0 736 192 592 192
13 0 592 192 592 336
13 0 832 160 832 192
13 0 832 208 832 192
13 0 832 208 688 208
13 0 688 208 688 448
13 2 688 208 688 448
13 2 688 208 832 208
13 0 832 208 832 192
13 2 832 192 832 208
13 2 832 176 832 192
13 2 592 192 592 336
13 2 592 192 736 192
13 2 736 160 736 192
13 2 736 128 736 160
13 2 832 176 864 176
13 2 832 160 832 176
13 2 736 128 816 128
17 0 14
17 0 inv 592 128 0
13 0 688 176 688 448
13 0 592 176 592 336
13 0 592 144 592 176
13 0 688 176 864 176
13 0 592 144 672 144
