
synthesis -f "section3_section3_lattice.synproj"
synthesis:  version Diamond (64-bit) 3.1.0.96

Copyright (c) 1991-1994 by NeoCAD Inc. All rights reserved.
Copyright (c) 1995 AT&T Corp.   All rights reserved.
Copyright (c) 1995-2001 Lucent Technologies Inc.  All rights reserved.
Copyright (c) 2001 Agere Systems   All rights reserved.
Copyright (c) 2002-2014 Lattice Semiconductor Corporation,  All rights reserved.
Wed May 07 14:52:57 2014


Command Line:  synthesis -f section3_section3_lattice.synproj -gui 

-- all messages logged in file synthesis.log

Synthesis options:
The -a option is MachXO2.
The -s option is 4.
The -t option is TQFP144.
The -d option is LCMXO2-7000HC.
Using package TQFP144.
Using performance grade 4.
INFO:                                                           

INFO: ##########################################################

INFO: ### Lattice Family : MachXO2A

INFO: ### Device  : LCMXO2-7000HC

INFO: ### Package : TQFP144

INFO: ### Speed   : 4

INFO: ##########################################################

INFO:                                                           

Optimization goal = Balanced
Top-level module name = section3_schematic.
Target frequency = 200.000000 MHz.
Maximum fanout = 1000.
Timing path count = 3
BRAM utilization = 100.000000 %
DSP usage = true (default)
DSP utilization = 100 % (default)
fsm_encoding_style = auto
resolve_mixed_drivers = 0
INFO: fix_gated_clocks = 1

Mux style = Auto
Use Carry Chain = true
carry_chain_length = 0
Use IO Insertion = TRUE
Use IO Reg = TRUE
Resource Sharing = TRUE
Propagate Constants = TRUE
Remove Duplicate Registers = TRUE
force_gsr = auto
ROM style = auto
RAM style = auto
The -comp option is FALSE.
The -syn option is FALSE.
-p C:/lscc/diamond/3.1_x64/bin/nt64/Lab3_7SegDisplayDriver (searchpath added)
-p C:/lscc/diamond/3.1_x64/ispfpga/xo2c00/data (searchpath added)
-p C:/lscc/diamond/3.1_x64/bin/nt64/Lab3_7SegDisplayDriver/section3 (searchpath added)
-p C:/lscc/diamond/3.1_x64/bin/nt64/Lab3_7SegDisplayDriver (searchpath added)
Verilog design file = C:/lscc/diamond/3.1_x64/bin/nt64/Lab3_7SegDisplayDriver/section3/section3_schematic.v
NGD file = section3_section3.ngd
-sdc option: SDC file input not used.
-lpf option: Output file option is OFF.
Hardtimer checking is enabled (default). The -dt option is not used.
The -r option is OFF. [ Remove LOC Properties is OFF. ]
-- Technology check ok...

Compile design.
Compile Design Begin
Top module name (Verilog): section3_schematic
    <postMsg mid="35901018" type="Info"    dynamic="2" navigation="2" arg0="c:/lscc/diamond/3.1_x64/bin/nt64/lab3_7segdisplaydriver/section3/section3_schematic.v(3): " arg1="section3_schematic" arg2="c:/lscc/diamond/3.1_x64/bin/nt64/lab3_7segdisplaydriver/section3/section3_schematic.v" arg3="3"  />
    <postMsg mid="35901018" type="Info"    dynamic="2" navigation="2" arg0="C:/lscc/diamond/3.1_x64/ispfpga/userware/NT/SYNTHESIS_HEADERS/machxo2.v(43): " arg1="AND2" arg2="C:/lscc/diamond/3.1_x64/ispfpga/userware/NT/SYNTHESIS_HEADERS/machxo2.v" arg3="43"  />
    <postMsg mid="35901018" type="Info"    dynamic="2" navigation="2" arg0="C:/lscc/diamond/3.1_x64/ispfpga/userware/NT/SYNTHESIS_HEADERS/machxo2.v(936): " arg1="OR3" arg2="C:/lscc/diamond/3.1_x64/ispfpga/userware/NT/SYNTHESIS_HEADERS/machxo2.v" arg3="936"  />
    <postMsg mid="35901018" type="Info"    dynamic="2" navigation="2" arg0="C:/lscc/diamond/3.1_x64/ispfpga/userware/NT/SYNTHESIS_HEADERS/machxo2.v(49): " arg1="AND3" arg2="C:/lscc/diamond/3.1_x64/ispfpga/userware/NT/SYNTHESIS_HEADERS/machxo2.v" arg3="49"  />
    <postMsg mid="35901018" type="Info"    dynamic="2" navigation="2" arg0="C:/lscc/diamond/3.1_x64/ispfpga/userware/NT/SYNTHESIS_HEADERS/machxo2.v(943): " arg1="OR4" arg2="C:/lscc/diamond/3.1_x64/ispfpga/userware/NT/SYNTHESIS_HEADERS/machxo2.v" arg3="943"  />
    <postMsg mid="35901018" type="Info"    dynamic="2" navigation="2" arg0="C:/lscc/diamond/3.1_x64/ispfpga/userware/NT/SYNTHESIS_HEADERS/machxo2.v(56): " arg1="AND4" arg2="C:/lscc/diamond/3.1_x64/ispfpga/userware/NT/SYNTHESIS_HEADERS/machxo2.v" arg3="56"  />
    <postMsg mid="35901018" type="Info"    dynamic="2" navigation="2" arg0="C:/lscc/diamond/3.1_x64/ispfpga/userware/NT/SYNTHESIS_HEADERS/machxo2.v(563): " arg1="INV" arg2="C:/lscc/diamond/3.1_x64/ispfpga/userware/NT/SYNTHESIS_HEADERS/machxo2.v" arg3="563"  />
Last elaborated design is section3_schematic()
Loading NGL library 'C:/lscc/diamond/3.1_x64/ispfpga/xo2c00a/data/xo2alib.ngl'...
Loading NGL library 'C:/lscc/diamond/3.1_x64/ispfpga/xo2c00/data/xo2clib.ngl'...
Loading NGL library 'C:/lscc/diamond/3.1_x64/ispfpga/mg5g00/data/mg5glib.ngl'...
Loading NGL library 'C:/lscc/diamond/3.1_x64/ispfpga/or5g00/data/orc5glib.ngl'...
Loading device for application map from file 'xo2c7000.nph' in environment: C:/lscc/diamond/3.1_x64/ispfpga.
Package Status:                     Final          Version 1.36
Top-level module name = section3_schematic.



GSR instance connected to net n56.
GSR will not be inferred because no asynchronous signal was found in the netlist.
    <postMsg mid="35001609" type="Warning" dynamic="0" navigation="0"  />
INFO: Applying 200.000000 MHz constraint to all clocks

Results of NGD DRC are available in section3_schematic_drc.log.
Loading NGL library 'C:/lscc/diamond/3.1_x64/ispfpga/xo2c00a/data/xo2alib.ngl'...
Loading NGL library 'C:/lscc/diamond/3.1_x64/ispfpga/xo2c00/data/xo2clib.ngl'...
Loading NGL library 'C:/lscc/diamond/3.1_x64/ispfpga/mg5g00/data/mg5glib.ngl'...
Loading NGL library 'C:/lscc/diamond/3.1_x64/ispfpga/or5g00/data/orc5glib.ngl'...


Running DRC...

    <postMsg mid="1166052" type="Warning" dynamic="2" navigation="0" arg0="logical" arg1="GND_net"  />
    <postMsg mid="1163101" type="Warning" dynamic="1" navigation="0" arg0="1"  />

Design Results:
     56 blocks expanded
completed the first expansion
All blocks are expanded and NGD expansion is successful.
Writing NGD file section3_section3.ngd.

################### Begin Area Report (section3_schematic)######################
Number of register bits => 0 of 5148 (0 % )
AND2 => 1
AND3 => 12
AND4 => 12
GSR => 1
IB => 4
INV => 8
OB => 8
OR3 => 3
OR4 => 4
################### End Area Report ##################

################### Begin Clock Report ######################
Clock Nets
Number of Clocks: 0
Clock Enable Nets
Number of Clock Enables: 0
Highest fanout non-clock nets
Top 10 highest fanout non-clock nets:
  Net : N_43, loads : 14
  Net : N_35, loads : 14
  Net : N_45, loads : 13
  Net : N_44, loads : 11
  Net : N_46, loads : 11
  Net : N_39, loads : 10
  Net : LED_c, loads : 9
  Net : N_42, loads : 9
  Net : A_c, loads : 1
  Net : B_c, loads : 1
################### End Clock Report ##################

Peak Memory Usage: 56.980  MB

--------------------------------------------------------------
Elapsed CPU time for LSE flow : 0.421  secs
--------------------------------------------------------------

map -a "MachXO2" -p LCMXO2-7000HC -t TQFP144 -s 4 -oc Commercial   "section3_section3.ngd" -o "section3_section3_map.ncd" -pr "section3_section3.prf" -mp "section3_section3.mrp" "C:/lscc/diamond/3.1_x64/bin/nt64/Lab3_7SegDisplayDriver/section3.lpf" -c 0            
map:  version Diamond (64-bit) 3.1.0.96

Copyright (c) 1991-1994 by NeoCAD Inc. All rights reserved.
Copyright (c) 1995 AT&T Corp.   All rights reserved.
Copyright (c) 1995-2001 Lucent Technologies Inc.  All rights reserved.
Copyright (c) 2001 Agere Systems   All rights reserved.
Copyright (c) 2002-2014 Lattice Semiconductor Corporation,  All rights reserved.
   Process the file: section3_section3.ngd
   Picdevice="LCMXO2-7000HC"

   Pictype="TQFP144"

   Picspeed=4

   Remove unused logic

   Do not produce over sized NCDs.

Part used: LCMXO2-7000HCTQFP144, Performance used: 4.

Loading device for application map from file 'xo2c7000.nph' in environment: C:/lscc/diamond/3.1_x64/ispfpga.
Package Status:                     Final          Version 1.36

Running general design DRC...

Removing unused logic...

Optimizing...




Design Summary:
   Number of registers:      0 out of  7209 (0%)
      PFU registers:            0 out of  6864 (0%)
      PIO registers:            0 out of   345 (0%)
   Number of SLICEs:        16 out of  3432 (0%)
      SLICEs as Logic/ROM:     16 out of  3432 (0%)
      SLICEs as RAM:            0 out of  2574 (0%)
      SLICEs as Carry:          0 out of  3432 (0%)
   Number of LUT4s:         31 out of  6864 (0%)
      Number of logic LUTs:       31
      Number of distributed RAM:   0 (0 LUT4s)
      Number of ripple logic:      0 (0 LUT4s)
      Number of shift registers:   0
   Number of PIO sites used: 12 + 4(JTAG) out of 115 (14%)
   Number of block RAMs:  0 out of 26 (0%)
   Number of GSRs:  0 out of 1 (0%)
   EFB used :       No
   JTAG used :      No
   Readback used :  No
   Oscillator used :  No
   Startup used :   No
   POR :            On
   Bandgap :        On
   Number of Power Controller:  0 out of 1 (0%)
   Number of Dynamic Bank Controller (BCINRD):  0 out of 6 (0%)
   Number of Dynamic Bank Controller (BCLVDSO):  0 out of 1 (0%)
   Number of DCCA:  0 out of 8 (0%)
   Number of DCMA:  0 out of 2 (0%)
   Number of PLLs:  0 out of 2 (0%)
   Number of DQSDLLs:  0 out of 2 (0%)
   Number of CLKDIVC:  0 out of 4 (0%)
   Number of ECLKSYNCA:  0 out of 4 (0%)
   Number of ECLKBRIDGECS:  0 out of 2 (0%)
   Notes:-
      1. Total number of LUT4s = (Number of logic LUT4s) + 2*(Number of distributed RAMs) + 2*(Number of ripple logic)
      2. Number of logic LUT4s does not include count of distributed RAM and ripple logic.
   Number of clocks:  0
   Number of Clock Enables:  0
   Number of LSRs:  0
   Number of nets driven by tri-state buffers:  0
   Top 10 highest fanout non-clock nets:
     Net A_c: 22 loads
     Net B_c: 22 loads
     Net D_c: 22 loads
     Net C_c: 21 loads
     Net SegA_c: 1 loads
     Net SegB_c: 1 loads
     Net SegC_c: 1 loads
     Net SegD_c: 1 loads
     Net SegE_c: 1 loads
     Net SegF_c: 1 loads
 

   Number of warnings:  0
   Number of errors:    0



Total CPU Time: 0 secs  
Total REAL Time: 0 secs  
Peak Memory Usage: 59 MB

Dumping design to file section3_section3_map.ncd.

mpartrce -p "section3_section3.p2t" -f "section3_section3.p3t" -tf "section3_section3.pt" "section3_section3_map.ncd" "section3_section3.ncd"

---- MParTrce Tool ----
Removing old design directory at request of -rem command line option to this program.
Running par. Please wait . . .

Lattice Place and Route Report for Design "section3_section3_map.ncd"
Wed May 07 14:52:59 2014

PAR: Place And Route Diamond (64-bit) 3.1.0.96.
Command Line: par -w -l 5 -i 6 -t 1 -c 0 -e 0 -gui -exp parUseNBR=1:parCDP=0:parCDR=0:parPathBased=OFF section3_section3_map.ncd section3_section3.dir/5_1.ncd section3_section3.prf
Preference file: section3_section3.prf.
Placement level-cost: 5-1.
Routing Iterations: 6

Loading design for application par from file section3_section3_map.ncd.
Design name: section3_schematic
NCD version: 3.2
Vendor:      LATTICE
Device:      LCMXO2-7000HC
Package:     TQFP144
Performance: 4
Loading device for application par from file 'xo2c7000.nph' in environment: C:/lscc/diamond/3.1_x64/ispfpga.
Package Status:                     Final          Version 1.36
Performance Hardware Data Status:   Final)         Version 23.4
License checked out.


Ignore Preference Error(s):  True
Device utilization summary:

   PIO (prelim)   12+4(JTAG)/336     5% used
                  12+4(JTAG)/115     14% bonded

   SLICE             16/3432         <1% used



Number of Signals: 35
Number of Connections: 118

Pin Constraint Summary:
   12 out of 12 pins locked (100% locked).

No signal is selected as primary clock.


No signal is selected as secondary clock.

No signal is selected as Global Set/Reset.
Starting Placer Phase 0.

Finished Placer Phase 0.  REAL time: 0 secs 

Starting Placer Phase 1.
...................
Placer score = 16396.
Finished Placer Phase 1.  REAL time: 2 secs 

Starting Placer Phase 2.
.
Placer score =  16282
Finished Placer Phase 2.  REAL time: 2 secs 


------------------ Clock Report ------------------

Global Clock Resources:
  CLK_PIN    : 0 out of 8 (0%)
  PLL        : 0 out of 2 (0%)
  DCM        : 0 out of 2 (0%)
  DCC        : 0 out of 8 (0%)

Quadrants All (TL, TR, BL, BR) - Global Clocks:

  PRIMARY  : 0 out of 8 (0%)
  SECONDARY: 0 out of 8 (0%)

Edge Clocks:
  No edge clock selected.

--------------- End of Clock Report ---------------


I/O Usage Summary (final):
   12 + 4(JTAG) out of 336 (4.8%) PIO sites used.
   12 + 4(JTAG) out of 115 (13.9%) bonded PIO sites used.
   Number of PIO comps: 12; differential: 0
   Number of Vref pins used: 0

I/O Bank Usage Summary:
+----------+---------------+------------+-----------+
| I/O Bank | Usage         | Bank Vccio | Bank Vref |
+----------+---------------+------------+-----------+
| 0        | 7 / 28 ( 25%) | 2.5V       | -         |
| 1        | 1 / 29 (  3%) | 2.5V       | -         |
| 2        | 0 / 29 (  0%) | -          | -         |
| 3        | 0 / 9 (  0%)  | -          | -         |
| 4        | 2 / 10 ( 20%) | 2.5V       | -         |
| 5        | 2 / 10 ( 20%) | 2.5V       | -         |
+----------+---------------+------------+-----------+

Total placer CPU time: 2 secs 

Dumping design to file section3_section3.dir/5_1.ncd.


-----------------------------------------------------------------
INFO - par: ASE feature is off due to non timing-driven settings.  
-----------------------------------------------------------------

0 connections routed; 118 unrouted.
Starting router resource preassignment

Completed router resource preassignment. Real time: 3 secs 

Start NBR router at 14:53:02 05/07/14

*****************************************************************
Info: NBR allows conflicts(one node used by more than one signal)
      in the earlier iterations. In each iteration, it tries to  
      solve the conflicts while keeping the critical connections 
      routed as short as possible. The routing process is said to
      be completed when no conflicts exist and all connections   
      are routed.                                                
Note: NBR uses a different method to calculate timing slacks. The
      worst slack and total negative slack may not be the same as
      that in TRCE report. You should always run TRCE to verify  
      your design. Thanks.                                       
*****************************************************************

Start NBR special constraint process at 14:53:02 05/07/14

Start NBR section for initial routing
Level 4, iteration 1
1(0.00%) conflict; 0(0.00%) untouched conn; 0 (nbr) score; real time: 3 secs 

Info: Initial congestion level at 75% usage is 0
Info: Initial congestion area  at 75% usage is 0 (0.00%)

Start NBR section for normal routing
Level 4, iteration 1
0(0.00%) conflict; 0(0.00%) untouched conn; 0 (nbr) score; real time: 4 secs 

Start NBR section for re-routing
Level 4, iteration 1
0(0.00%) conflict; 0(0.00%) untouched conn; 0 (nbr) score; real time: 4 secs 

Start NBR section for post-routing

End NBR router with 0 unrouted connection

NBR Summary
-----------
  Number of unrouted connections : 0 (0.00%)
  Number of connections with timing violations : 0 (0.00%)
  Estimated worst slack<setup> : <n/a>
  Timing score<setup> : 0
-----------
Notes: The timing info is calculated for SETUP only and all PAR_ADJs are ignored.


Total CPU time 3 secs 
Total REAL time: 4 secs 
Completely routed.
End of route.  118 routed (100.00%); 0 unrouted.
Checking DRC ... 
No errors found.

Hold time timing score: 0, hold timing errors: 0

Timing score: 0 

Dumping design to file section3_section3.dir/5_1.ncd.

PAR_SUMMARY::Number of errors = 0

Total CPU  time to completion: 4 secs 
Total REAL time to completion: 4 secs 

par done!

Copyright (c) 1991-1994 by NeoCAD Inc. All rights reserved.
Copyright (c) 1995 AT&T Corp.   All rights reserved.
Copyright (c) 1995-2001 Lucent Technologies Inc.  All rights reserved.
Copyright (c) 2001 Agere Systems   All rights reserved.
Copyright (c) 2002-2014 Lattice Semiconductor Corporation,  All rights reserved.
Exiting par with exit code 0
Exiting mpartrce with exit code 0

bitgen -f "section3_section3.t2b" -w "section3_section3.ncd" -jedec "section3_section3.prf"


BITGEN: Bitstream Generator Diamond (64-bit) 3.1.0.96
Copyright (c) 1991-1994 by NeoCAD Inc. All rights reserved.
Copyright (c) 1995 AT&T Corp.   All rights reserved.
Copyright (c) 1995-2001 Lucent Technologies Inc.  All rights reserved.
Copyright (c) 2001 Agere Systems   All rights reserved.
Copyright (c) 2002-2014 Lattice Semiconductor Corporation,  All rights reserved.


Loading design for application Bitgen from file section3_section3.ncd.
Design name: section3_schematic
NCD version: 3.2
Vendor:      LATTICE
Device:      LCMXO2-7000HC
Package:     TQFP144
Performance: 4
Loading device for application Bitgen from file 'xo2c7000.nph' in environment: C:/lscc/diamond/3.1_x64/ispfpga.
Package Status:                     Final          Version 1.36
Performance Hardware Data Status:   Final)         Version 23.4

Running DRC.
DRC detected 0 errors and 0 warnings.
Reading Preference File from section3_section3.prf...

Preference Summary:
+---------------------------------+---------------------------------+
|  Preference                     |  Current Setting                |
+---------------------------------+---------------------------------+
|                         RamCfg  |                        Reset**  |
+---------------------------------+---------------------------------+
|                     MCCLK_FREQ  |                         2.08**  |
+---------------------------------+---------------------------------+
|                  CONFIG_SECURE  |                          OFF**  |
+---------------------------------+---------------------------------+
|                      JTAG_PORT  |                       ENABLE**  |
+---------------------------------+---------------------------------+
|                       SDM_PORT  |                      DISABLE**  |
+---------------------------------+---------------------------------+
|                 SLAVE_SPI_PORT  |                      DISABLE**  |
+---------------------------------+---------------------------------+
|                MASTER_SPI_PORT  |                      DISABLE**  |
+---------------------------------+---------------------------------+
|                       I2C_PORT  |                      DISABLE**  |
+---------------------------------+---------------------------------+
|        MUX_CONFIGURATION_PORTS  |                      DISABLE**  |
+---------------------------------+---------------------------------+
|                  CONFIGURATION  |                          CFG**  |
+---------------------------------+---------------------------------+
|                COMPRESS_CONFIG  |                           ON**  |
+---------------------------------+---------------------------------+
|                        MY_ASSP  |                          OFF**  |
+---------------------------------+---------------------------------+
|               ONE_TIME_PROGRAM  |                          OFF**  |
+---------------------------------+---------------------------------+
|                 ENABLE_TRANSFR  |                      DISABLE**  |
+---------------------------------+---------------------------------+
|                  SHAREDEBRINIT  |                      DISABLE**  |
+---------------------------------+---------------------------------+
 *  Default setting.
 ** The specified setting matches the default setting.


Creating bit map...
 
Bitstream Status:   Final           Version 1.83
 
Saving bit stream in "section3_section3.jed".
 
===========
UFM Summary
===========
UFM Size:        2046 Pages (128*2046 Bits)
UFM Utilization: General Purpose Flash Memory
 
Available General Purpose Flash Memory: 2046 Pages (Page 0 to Page 2045)
Initialized UFM Pages:                     0 Page
 
