10 1 1
10 1 1
10 1 1
17 0 5
13 2 1968 752 2000 752
13 7 2000 752
13 8 2000 752 0
13 0 1888 752 1920 752
13 5 1920 752 Ld
13 8 2000 752 2
13 8 1920 752 2
13 0 1888 752 1872 752
13 2 1856 912 1904 912
13 7 1904 912
13 8 1904 912 0
13 0 2016 912 2032 912
13 0 1856 912 2016 912
13 5 2032 912 Re
13 8 1904 912 2
13 8 2032 912 2
13 0 1952 912 2032 912
13 2 1952 912 2032 912
13 2 1856 912 1952 912
13 0 1952 912 1856 912
13 0 1952 912 2032 912
13 0 1952 912 2032 912
13 2 1952 912 2032 912
13 2 1856 912 1952 912
17 0 8
17 0 inv 1728 1024 0
17 0 inv 1904 864 0
17 0 8
13 0 1728 1072 1824 1072
13 2 1152 1072 2000 1072
13 7 2000 1072
13 8 2000 1072 0
13 0 1760 1072 1776 1072
13 0 1152 1072 1760 1072
13 5 1776 1072 Rd
13 8 2000 1072 2
13 8 1776 1072 2
13 2 1856 608 1904 608
13 7 1904 608
13 8 1904 608 0
13 0 2032 608 2048 608
13 0 1856 608 2032 608
13 5 2048 608 Le
13 8 1904 608 2
13 8 2048 608 2
13 0 1984 608 2048 608
13 2 1984 608 2048 608
13 2 1856 608 1984 608
13 0 2048 608 1856 608
13 0 1856 608 1856 624
13 2 1856 608 1856 624
13 2 1856 608 2048 608
13 0 2000 912 2032 912
13 0 1920 912 1856 912
13 0 1856 912 1904 912
13 0 1904 912 1920 912
13 2 1904 912 1920 912
13 2 1856 912 1904 912
13 0 1904 912 1856 912
17 0 inv 1904 560 0
13 0 1904 608 1840 608
13 0 1840 608 1856 608
13 0 1856 608 1904 608
13 2 1856 608 1904 608
13 2 1840 608 1856 608
13 0 1856 608 1904 608
13 0 2048 608 2000 608
13 2 2000 608 2048 608
13 7 2048 608
13 8 2048 608 0
13 0 2000 608 2032 608
13 5 2032 608 Le
13 8 2048 608 2
13 8 2032 608 2
