10 1 1
10 1 1
10 1 1
13 2 1136 864 1632 864
13 2 1040 864 1136 864
13 0 1136 864 1136 816
13 2 1136 816 1136 864
13 2 1136 864 1136 896
13 0 1136 864 1136 896
13 0 1136 864 1136 816
13 0 1136 864 1040 864
13 0 1136 864 1632 864
13 0 1136 832 1136 816
13 2 1136 816 1136 832
13 2 1136 832 1136 864
13 0 1136 832 1136 864
13 0 1136 832 1136 816
13 0 1136 848 1136 816
13 2 1136 816 1136 848
13 2 1136 848 1136 864
13 2 1136 864 1632 864
13 2 1040 864 1136 864
13 2 1136 864 1136 896
13 0 1136 864 1136 896
13 0 1136 864 1040 864
13 0 1136 864 1632 864
13 0 1136 880 1136 864
13 2 1136 864 1136 880
13 2 1136 880 1136 896
13 0 1136 816 1136 896
13 2 1152 672 1184 672
13 2 1056 672 1056 736
13 2 1152 592 1152 672
13 2 1152 672 1152 928
17 0 7
17 0 inv 1040 624 0
13 0 1136 672 1184 672
13 0 1040 672 1040 704
13 0 1040 720 1040 704
13 0 1040 720 1056 720
13 0 1056 720 1056 736
13 0 1136 640 1136 672
13 0 1136 640 1152 640
13 0 1152 592 1152 640
13 0 1136 672 1136 704
13 0 1136 704 1152 704
13 0 1152 704 1152 928
13 0 1136 688 1136 672
13 2 1136 672 1136 688
13 2 1136 688 1136 704
13 0 1152 688 1152 704
13 0 1152 704 1136 704
13 0 1152 688 1152 672
13 0 1152 672 1136 672
13 0 1136 656 1136 640
13 2 1136 640 1136 656
13 2 1136 656 1136 672
13 0 1152 656 1152 672
13 0 1152 672 1136 672
13 0 1152 656 1152 640
13 0 1152 640 1136 640
13 2 1136 672 1152 672
13 2 1040 672 1040 720
17 0 7
17 0 inv 1024 624 0
13 0 1120 672 1152 672
13 0 1024 672 1024 704
13 0 1024 704 1040 704
13 0 1040 704 1040 720
13 2 1136 640 1152 640
13 2 1136 704 1152 704
13 0 1136 672 1152 672
13 2 1136 672 1152 672
13 2 1120 672 1136 672
13 0 1168 672 1184 672
13 2 1168 672 1184 672
13 2 1152 672 1168 672
13 0 1120 672 1184 672
