10 1 1
10 1 1
10 1 1
13 8 1152 624 1
13 8 1120 624 1
13 5 1168 624 A
13 5 1232 624 B
13 5 1296 624 C
13 7 1232 624
13 5 1232 624 B
13 8 1232 624 0
13 8 1232 624 0
13 7 1232 624
13 5 1232 624 B
13 8 1232 624 0
13 8 1232 624 0
13 7 1232 624
13 5 1232 608 B
13 8 1232 624 0
13 8 1232 608 0
13 7 1232 608
13 5 1232 624 B
13 8 1232 608 0
13 8 1232 624 0
13 7 1296 624
13 5 1296 624 C
13 8 1296 624 0
13 8 1296 624 0
13 5 1616 688 Le
13 5 1616 752 Ld
13 5 1616 800 Re
13 5 1616 848 Rd
13 7 1616 688
13 7 1616 752
13 7 1616 800
13 7 1616 848
13 5 1632 688 Le
13 5 1632 752 Ld
13 5 1632 800 Re
13 5 1632 848 Rd
13 8 1616 688 0
13 8 1616 752 0
13 8 1616 800 0
13 8 1616 848 0
13 8 1632 688 0
13 8 1632 752 0
13 8 1632 800 0
13 8 1632 848 0
13 7 1632 848
13 5 1632 912 Rd
13 8 1632 848 0
13 8 1632 912 0
13 7 1632 800
13 5 1632 832 Re
13 8 1632 800 0
13 8 1632 832 0
13 7 1632 752
13 5 1632 768 Ld
13 8 1632 752 0
13 8 1632 768 0
17 0 inv 1360 640 0
13 7 1632 688
13 7 1632 768
13 7 1632 832
13 7 1632 912
13 5 1824 720 Le
13 5 1824 800 Ld
13 5 1824 864 Re
13 5 1824 944 Rd
13 8 1632 688 0
13 8 1632 768 0
13 8 1632 832 0
13 8 1632 912 0
13 8 1824 720 0
13 8 1824 800 0
13 8 1824 864 0
13 8 1824 944 0
13 7 1824 720
13 5 1808 640 Le
13 8 1824 720 0
13 8 1808 640 0
13 7 1824 944
13 5 1824 1072 Rd
13 8 1824 944 0
13 8 1824 1072 0
13 7 1824 864
13 5 1792 928 Re
13 8 1824 864 0
13 8 1792 928 0
13 7 1792 928
13 5 1824 928 Re
13 8 1792 928 0
13 8 1824 928 0
13 7 1808 640
13 5 1824 656 Le
13 8 1808 640 0
13 8 1824 656 0
13 7 1824 800
13 5 1824 784 Ld
13 8 1824 800 0
13 8 1824 784 0
17 0 1
17 0 inv 1472 592 0
17 0 or2 1632 592 0
17 0 or2 1632 864 0
17 0 or2 1632 1008 0
13 0 1568 640 1632 640
13 0 1584 640 1584 912
13 0 1584 912 1632 912
13 0 1472 640 1232 640
13 0 1232 640 1232 624
17 0 inv 1312 624 0
13 7 1296 624
13 5 1296 624 C
13 8 1296 624 0
13 8 1296 624 0
13 2 1232 624 1232 640
13 7 1168 624
13 7 1296 624
13 7 1232 624
13 0 1024 624 1232 624
13 0 1232 624 1232 640
13 5 960 624 A
13 5 1088 624 C
13 5 1024 624 B
13 2 1232 624 1232 640
13 2 1024 624 1232 624
13 7 1088 624
13 7 960 624
13 0 1232 624 1232 640
13 5 1232 624 B
13 5 1296 624 C
13 5 1168 624 A
13 8 1232 624 0
13 8 1296 624 0
13 8 1168 624 0
13 7 1168 624
13 5 1056 624 A
13 8 1168 624 0
13 8 1056 624 0
13 7 1056 624
13 5 1056 624 A
13 8 1056 624 0
13 8 1056 624 0
13 7 1296 624
13 5 1184 560 C
13 8 1296 624 0
13 8 1184 560 0
13 7 1056 624
13 5 1184 704 A
13 8 1056 624 0
13 8 1184 704 0
13 0 1312 672 1184 672
13 0 1184 704 1184 672
17 0 and2 1408 720 0
17 0 and2 1312 784 0
17 0 7
17 0 and2 1232 976 0
13 2 1184 672 1312 672
17 0 5
17 0 inv 1232 624 0
13 0 1184 672 1232 672
17 0 6
17 0 and2 1360 640 0
13 2 1184 672 1232 672
17 0 5
17 0 inv 1232 672 0
13 0 1232 720 1232 672
13 0 1184 672 1232 672
13 0 1360 720 1328 720
13 0 1360 688 1360 560
13 0 1360 560 1344 560
13 0 1344 560 1184 560
13 0 1488 704 1632 704
13 0 1488 704 1504 704
13 0 1504 704 1632 704
13 0 1632 704 1632 672
13 2 1184 672 1184 704
13 7 1184 704
13 0 1056 672 1056 688
13 0 1056 672 1184 672
13 5 1056 688 A
13 8 1184 704 0
13 8 1056 688 0
13 2 1056 672 1232 672
13 2 1056 672 1056 688
13 7 1056 688
13 0 1040 688 1056 688
13 0 1056 688 1056 672
13 0 1056 672 1232 672
13 0 1040 688 1040 704
13 5 1040 704 A
13 8 1056 688 0
13 8 1040 704 0
13 0 1088 672 1232 672
13 2 1088 672 1232 672
13 2 1056 672 1088 672
13 0 1088 672 1056 672
13 0 1088 672 1232 672
13 0 1104 672 1232 672
13 2 1104 672 1232 672
13 2 1056 672 1104 672
13 0 1104 720 1056 720
13 0 1056 720 1056 672
13 0 1104 720 1232 720
13 0 1232 720 1232 672
13 0 1232 672 1232 688
13 2 1232 672 1232 688
13 2 1232 688 1232 720
13 2 1056 672 1056 688
13 0 1056 720 1056 688
13 2 1040 688 1040 704
13 7 1040 704
13 0 976 704 976 688
13 0 976 688 1040 688
13 5 976 704 A
13 8 1040 704 0
13 8 976 704 0
13 2 1056 720 1232 720
13 2 1328 720 1360 720
17 0 5
17 0 inv 1136 672 0
13 0 1056 720 1136 720
13 0 1232 720 1360 720
13 2 1184 560 1360 560
13 7 1184 560
13 0 1040 832 1040 560
13 0 1040 560 1360 560
13 5 1040 832 C
13 8 1184 560 0
13 8 1040 832 0
13 0 1184 560 1360 560
13 2 1184 560 1360 560
13 2 1040 560 1184 560
13 0 1184 848 1040 848
13 0 1040 848 1040 560
13 0 1184 848 1360 848
13 0 1360 848 1360 560
13 0 1360 688 1360 720
13 0 1360 720 1360 848
13 2 1040 560 1040 832
13 0 1040 560 1040 832
13 2 1040 560 1040 832
13 0 1040 848 1040 832
13 2 1040 848 1360 848
13 2 1040 832 1040 848
13 7 1040 832
13 0 960 880 960 848
13 0 960 848 1360 848
13 0 960 864 960 880
13 5 960 864 C
13 8 1040 832 0
13 8 960 864 0
13 2 960 864 960 880
13 0 944 848 944 864
13 0 944 864 960 864
13 2 944 848 944 864
13 0 944 848 944 864
13 2 944 864 960 864
13 2 960 848 960 864
13 7 960 864
13 0 976 864 976 848
13 0 976 848 960 848
13 0 976 864 944 864
13 5 976 864 C
13 8 960 864 0
13 8 976 864 0
13 2 944 864 976 864
13 2 976 848 976 864
13 7 976 864
13 0 960 848 960 864
13 0 944 864 960 864
13 5 960 864 C
13 8 976 864 0
13 8 960 864 0
13 8 960 864 0
13 2 944 848 944 864
13 0 944 848 944 864
13 2 944 864 960 864
13 2 944 848 944 864
13 0 960 864 960 880
13 2 960 848 960 864
13 2 960 864 960 880
13 7 960 864
13 0 912 864 912 880
13 0 912 864 960 864
13 0 960 848 960 864
13 0 912 880 912 896
13 5 912 880 C
13 8 960 864 0
13 8 912 880 0
13 2 912 880 912 896
13 2 960 848 960 864
13 2 912 864 960 864
13 2 912 864 912 880
13 7 912 880
13 0 960 864 960 880
13 0 960 848 960 864
13 5 960 864 C
13 8 912 880 0
13 8 960 864 0
13 8 960 864 0
13 2 1360 560 1360 688
13 0 1360 848 1360 688
13 2 960 848 1360 848
13 2 1360 720 1360 848
13 0 1360 848 1360 720
13 0 1360 848 960 848
13 0 1360 800 1360 720
13 2 1360 720 1360 800
13 2 1360 800 1360 848
13 0 1344 800 1344 848
13 0 1344 848 1360 848
13 0 1344 800 1344 720
13 0 1344 720 1360 720
13 2 1488 704 1504 704
13 2 1504 704 1632 704
13 2 1344 720 1360 720
13 2 1360 688 1360 720
17 0 6
17 0 and2 1392 640 0
13 0 1520 704 1536 704
13 0 1536 704 1632 704
13 0 1344 720 1392 720
13 0 1392 688 1392 720
13 2 1392 688 1392 720
13 2 1344 720 1392 720
13 2 1536 704 1632 704
13 2 1520 704 1536 704
17 0 6
17 0 and2 1360 640 0
13 0 1360 688 1360 720
13 0 1344 720 1360 720
13 0 1504 704 1632 704
13 0 1488 704 1504 704
13 0 1344 800 1344 720
13 2 1344 720 1344 800
13 2 1344 800 1344 848
13 0 1360 800 1360 848
13 0 1360 720 1360 800
13 2 960 848 1360 848
13 2 1360 720 1360 848
13 0 1360 720 1360 848
13 0 960 848 1360 848
13 0 1360 560 1360 688
13 2 960 848 1360 848
13 2 960 848 960 880
13 7 960 864
13 0 1040 832 1040 848
13 0 1040 848 1360 848
13 5 1040 832 C
13 8 960 864 0
13 8 1040 832 0
13 8 1040 832 0
13 0 1040 560 1040 832
13 2 1040 560 1040 832
13 0 1040 560 1040 832
13 2 1360 720 1360 848
13 2 1360 688 1360 720
13 0 1184 848 1360 848
13 2 1184 848 1360 848
13 2 1040 832 1040 848
13 2 1040 848 1184 848
13 0 1040 560 1184 560
13 0 1184 560 1360 560
13 0 1360 624 1360 560
13 2 1360 560 1360 624
13 2 1360 624 1360 688
13 0 1360 624 1360 688
13 0 1360 624 1360 560
13 0 1360 608 1360 560
13 2 1360 560 1360 608
13 2 1360 608 1360 688
13 0 1328 608 1328 688
13 0 1328 688 1360 688
13 0 1328 608 1328 560
13 0 1328 560 1360 560
13 0 1232 560 1328 560
13 2 1232 560 1328 560
13 2 1040 560 1232 560
13 0 1216 832 1040 832
13 0 1040 832 1040 560
13 0 1216 832 1328 832
13 0 1328 832 1328 560
13 2 1328 560 1360 560
13 2 1328 560 1328 688
13 0 1328 832 1328 688
13 2 1040 560 1040 832
13 0 1056 832 1040 832
13 2 1040 832 1328 832
13 7 1040 832
13 0 1008 832 1024 832
13 0 1024 832 1328 832
13 5 1008 832 C
13 8 1040 832 0
13 8 1008 832 0
13 2 976 688 1056 688
13 2 976 688 976 704
13 7 976 704
13 0 976 592 976 688
13 0 976 688 1056 688
13 0 976 592 976 608
13 5 976 608 A
13 8 976 704 0
13 8 976 608 0
13 2 1232 624 1232 640
13 7 1232 624
13 0 864 640 1232 640
13 5 864 640 B
13 8 1232 624 0
13 8 864 640 0
17 0 7
17 0 and2 1376 880 0
13 0 1296 720 1296 928
13 0 1296 928 1376 928
13 0 1520 944 1648 944
13 0 1520 944 1632 944
13 0 1632 944 1648 944
13 2 1632 944 1648 944
13 2 1520 944 1632 944
13 0 1520 944 1632 944
13 2 1056 720 1136 720
13 2 1232 720 1296 720
17 0 5
17 0 inv 1136 672 0
13 0 1056 720 1136 720
13 0 1232 720 1296 720
17 0 inv 1136 912 0
13 0 1136 832 1136 992
13 0 1136 832 1136 960
13 0 1136 960 1136 992
13 2 1136 960 1136 992
13 2 1136 832 1136 960
13 0 1136 960 1136 832
13 0 1232 960 1376 960
13 0 1776 928 1824 928
13 0 1776 656 1824 656
13 7 1824 784
13 5 2192 768 Ld
13 8 1824 784 0
13 8 2192 768 0
17 0 and3 1872 640 0
17 0 and3 1872 736 0
17 0 and3 1872 832 0
17 0 or3 2048 736 0
17 0 10
17 0 9
17 0 and3 1872 736 0
17 0 and3 1872 640 0
17 0 10
17 0 and3 1872 640 0
17 0 10
17 0 and3 1920 592 0
17 0 9
17 0 and3 1920 688 0
17 0 11
17 0 and3 1920 784 0
17 0 12
17 0 or3 2096 688 0
13 0 2064 768 2096 768
13 0 2096 736 2096 672
13 0 2096 672 2064 672
13 0 2096 800 2096 864
13 0 2096 864 2064 864
13 2 2064 768 2096 768
13 2 2096 672 2096 736
13 2 2096 800 2096 864
13 7 2192 768
17 0 12
17 0 or3 2096 672 0
13 0 2096 752 2096 768
13 0 2064 768 2096 768
13 0 2096 672 2096 720
13 0 2096 784 2096 864
13 5 2192 752 Ld
13 8 2192 768 0
13 8 2192 752 0
13 2 2096 784 2096 864
13 2 2096 672 2096 720
13 2 2064 768 2096 768
13 2 2096 752 2096 768
13 7 2192 752
17 0 12
17 0 or3 2096 688 0
13 0 2096 800 2096 864
13 0 2096 672 2096 736
13 0 2064 768 2096 768
13 5 2192 768 Ld
13 8 2192 752 0
13 8 2192 768 0
13 8 2192 768 0
17 0 12
17 0 or3 2096 688 0
13 2 2064 768 2096 768
13 2 2096 672 2096 736
13 2 2096 800 2096 864
13 7 2192 768
17 0 12
17 0 or3 2096 688 0
13 0 2064 768 2096 768
13 0 2096 672 2096 736
13 0 2096 800 2096 864
13 5 2192 768 Ld
13 8 2192 768 0
13 8 2192 768 0
13 2 2064 768 2096 768
13 2 2096 672 2096 736
13 2 2096 800 2096 864
13 7 2192 768
17 0 12
17 0 or3 2080 736 0
13 0 2080 816 2080 768
13 0 2080 768 2080 784
13 0 2080 784 2080 816
13 0 2064 768 2080 768
13 0 2080 784 2096 784
13 0 2096 672 2096 784
13 0 2080 848 2096 848
13 0 2096 848 2096 864
13 5 2176 816 Ld
13 8 2192 768 0
13 8 2176 816 0
13 2 2080 784 2096 784
13 2 2080 848 2096 848
13 2 2080 768 2080 784
13 2 2080 784 2080 816
13 2 2096 672 2096 784
13 2 2096 848 2096 864
13 7 2176 816
17 0 12
17 0 or3 2080 736 0
13 0 2080 784 2096 784
13 0 2080 848 2096 848
13 0 2080 768 2080 784
13 0 2080 784 2080 816
13 0 2096 672 2096 784
13 0 2096 848 2096 864
13 5 2176 816 Ld
13 8 2176 816 0
13 8 2176 816 0
13 2 2096 848 2096 864
13 2 2096 672 2096 784
13 2 2080 784 2080 816
13 2 2080 768 2080 784
13 2 2080 848 2096 848
13 2 2080 784 2096 784
13 7 2176 816
17 0 12
17 0 or3 2080 736 0
13 0 2096 848 2096 864
13 0 2096 672 2096 784
13 0 2080 784 2080 816
13 0 2080 768 2080 784
13 0 2080 848 2096 848
13 0 2080 784 2096 784
13 5 2176 816 Ld
13 8 2176 816 0
13 8 2176 816 0
13 8 2176 816 0
13 2 2096 848 2096 864
13 2 2080 848 2096 848
13 2 2096 672 2096 784
13 2 2080 784 2096 784
13 2 2064 768 2080 768
13 2 2080 784 2080 816
13 2 2080 768 2080 784
13 7 2176 816
17 0 12
17 0 or3 2096 688 0
13 0 2096 800 2096 864
13 0 2096 672 2096 736
13 0 2064 768 2096 768
13 5 2192 768 Ld
13 8 2176 816 0
13 8 2192 768 0
13 8 2192 768 0
13 2 2096 800 2096 864
13 2 2096 672 2096 736
13 2 2064 768 2096 768
13 7 2192 768
17 0 12
17 0 or3 2096 688 0
13 0 2096 800 2096 864
13 0 2096 672 2096 736
13 0 2064 768 2096 768
13 5 2192 768 Ld
13 8 2192 768 0
13 8 2192 768 0
13 8 2192 768 0
17 0 12
17 0 or3 2096 688 0
13 2 2064 864 2096 864
13 2 2096 800 2096 864
13 2 2064 672 2096 672
13 2 2096 672 2096 736
13 2 2064 768 2096 768
17 0 12
17 0 or3 2048 736 0
17 0 11
17 0 and3 1872 832 0
17 0 11
17 0 and3 1920 784 0
13 7 2192 768
13 5 2272 768 Ld
13 8 2192 768 0
13 8 2272 768 0
17 0 12
17 0 or3 2096 688 0
13 0 2064 672 2096 672
13 0 2096 672 2096 736
13 0 2096 800 2096 864
13 0 2096 864 2064 864
13 0 2096 768 2064 768
13 0 1584 640 1584 592
13 0 1584 592 1920 592
13 0 1920 592 1920 640
13 0 1296 768 1920 768
13 0 1888 768 1888 672
13 0 1888 672 1920 672
13 0 1856 592 1856 864
13 0 1856 864 1920 864
13 0 1344 960 1344 880
13 0 1344 880 1920 880
13 0 1920 880 1920 896
13 2 1920 880 1920 896
13 2 1344 880 1920 880
13 0 1344 880 1344 816
13 0 1344 816 1824 816
13 0 1824 816 1824 704
13 0 1824 704 1920 704
13 0 1248 640 1248 800
13 0 1248 800 1744 800
13 0 1744 800 1744 736
13 0 1744 736 1920 736
13 0 1328 784 1920 784
13 0 1920 784 1920 800
13 0 1120 720 1120 848
13 0 1120 848 1920 848
13 0 1920 848 1920 832
13 0 1904 784 1904 896
13 0 1904 896 1920 896
13 0 1776 1072 1824 1072
13 2 976 592 976 608
13 2 976 608 976 688
13 0 1008 608 1008 688
13 0 1008 688 976 688
13 0 1008 608 1008 592
13 0 1008 592 976 592
13 2 976 592 1008 592
13 0 864 592 1008 592
13 7 976 608
13 5 832 576 A
13 8 976 608 0
13 8 832 576 0
13 7 832 576
13 5 832 560 A
13 8 832 576 0
13 8 832 560 0
13 2 976 688 1008 688
13 0 1072 688 1008 688
13 2 1056 688 1072 688
13 0 1072 688 1056 688
13 2 1056 688 1072 688
13 2 1008 688 1056 688
13 2 1008 592 1008 688
13 0 1008 688 1008 592
13 0 1008 688 1056 688
13 2 1008 688 1056 688
13 2 1008 592 1008 688
13 0 1056 688 1056 592
13 0 1056 592 1008 592
13 2 864 592 1056 592
13 0 864 592 1056 592
13 7 832 560
13 5 832 576 A
13 8 832 560 0
13 8 832 576 0
13 7 832 576
13 5 848 592 A
13 8 832 576 0
13 8 848 592 0
13 0 864 592 848 592
13 2 864 640 1248 640
13 7 864 640
13 0 848 640 1248 640
13 5 848 640 B
13 8 864 640 0
13 8 848 640 0
13 2 1008 832 1136 832
13 7 1008 832
13 0 944 832 1136 832
13 5 944 832 C
13 8 1008 832 0
13 8 944 832 0
13 2 848 640 1248 640
13 7 848 640
13 0 944 640 1248 640
13 5 944 640 B
13 8 848 640 0
13 8 944 640 0
13 2 848 592 1056 592
13 7 848 592
13 0 944 592 1056 592
13 5 944 592 A
13 8 848 592 0
13 8 944 592 0
13 0 1584 912 1584 1056
13 0 1584 1056 1632 1056
13 2 1584 1056 1632 1056
13 2 1584 912 1584 1056
13 2 1776 1072 1824 1072
13 7 1824 1072
17 0 4
17 0 or2 2064 1024 0
13 0 2208 1088 2256 1088
13 5 2256 1088 Rd
13 8 1824 1072 0
13 8 2256 1088 0
17 0 and2 1632 976 0
17 0 and2 1632 1088 0
13 2 2208 1088 2256 1088
13 7 2256 1088
17 0 4
17 0 or2 1856 1024 0
13 0 2000 1088 2048 1088
13 5 2048 1088 Rd
13 8 2256 1088 0
13 8 2048 1088 0
13 0 1776 1040 1856 1040
13 0 1856 1040 1856 1072
13 0 1856 1104 1856 1152
13 0 1856 1152 1824 1152
13 0 1776 1152 1824 1152
13 0 1584 912 1584 1024
13 0 1584 1024 1632 1024
13 0 1392 960 1392 1056
13 0 1392 1056 1408 1056
13 0 1632 1056 1408 1056
13 0 1296 928 1296 1152
13 0 1296 1152 1408 1152
13 0 1632 1136 1296 1136
13 0 1344 1136 1632 1136
13 2 1344 1136 1632 1136
13 2 1296 1136 1344 1136
13 0 1344 1152 1296 1152
13 0 1296 1152 1296 1136
13 0 1344 1152 1632 1152
13 0 1632 1152 1632 1136
13 0 1344 1152 1632 1152
13 2 1344 1152 1632 1152
13 2 1296 1152 1344 1152
13 0 1344 1136 1296 1136
13 0 1296 1136 1296 1152
13 0 1344 1136 1632 1136
13 0 1632 1136 1632 1152
13 2 1296 1136 1296 1152
13 2 1296 1136 1632 1136
13 2 1776 1152 1856 1152
13 2 1632 1136 1632 1152
17 0 14
17 0 and2 1632 1088 0
13 0 1296 1136 1632 1136
13 0 1776 1152 1856 1152
13 0 1632 1136 1632 1152
13 2 1632 1136 1632 1152
13 0 1632 1152 1632 1136
13 2 1296 1136 1632 1136
13 2 1776 1152 1856 1152
13 2 1632 1136 1632 1152
17 0 14
17 0 and2 1680 1088 0
13 0 1296 1136 1680 1136
13 0 1824 1152 1856 1152
13 0 1680 1136 1680 1152
13 2 1680 1136 1680 1152
13 2 1824 1152 1856 1152
13 2 1296 1136 1680 1136
17 0 14
17 0 and2 1632 1088 0
13 0 1632 1136 1632 1152
13 0 1776 1152 1856 1152
13 0 1296 1136 1632 1136
13 2 1632 1136 1632 1152
13 0 1632 1136 1632 1152
13 2 1632 1136 1632 1152
13 2 1776 1152 1856 1152
13 2 1296 1136 1632 1136
17 0 14
17 0 and2 1632 1088 0
13 0 1632 1136 1632 1152
13 0 1776 1152 1856 1152
13 0 1296 1136 1632 1136
13 0 1296 1136 1296 1152
13 0 1344 1136 1632 1136
13 2 1344 1136 1632 1136
13 2 1296 1136 1344 1136
13 0 1296 1152 1344 1152
13 0 1344 1152 1632 1152
13 2 1632 1136 1632 1152
13 0 1408 1152 1632 1152
13 2 1408 1152 1632 1152
13 0 1296 1136 1344 1136
13 0 1344 1136 1632 1136
13 0 1392 1152 1408 1152
13 2 1392 1152 1408 1152
13 2 1296 1152 1392 1152
13 0 1392 1136 1296 1136
13 0 1296 1136 1296 1152
13 0 1392 1136 1408 1136
13 0 1408 1136 1408 1152
13 2 1408 1136 1408 1152
13 2 1296 1136 1296 1152
13 0 1456 1136 1632 1136
13 2 1456 1136 1632 1136
13 2 1296 1136 1456 1136
13 2 1296 928 1296 1136
13 0 1296 928 1296 1088
13 0 1296 1088 1296 1136
13 0 1296 1088 1296 928
13 2 1296 928 1296 1088
13 2 1296 1088 1296 1136
13 0 1296 1088 1296 1136
13 0 1296 1088 1296 928
13 0 1296 1088 1296 928
13 2 1296 928 1296 1088
13 2 1296 1088 1296 1136
13 2 1120 720 1136 720
13 2 1232 720 1296 720
17 0 5
17 0 inv 1136 544 0
13 0 1136 592 1136 720
13 0 1120 720 1136 720
13 0 1232 592 1232 720
13 0 1232 720 1296 720
13 0 1280 720 1296 720
13 2 1280 720 1296 720
13 2 1232 720 1280 720
13 0 1280 592 1232 592
13 0 1232 592 1232 720
13 0 1280 592 1296 592
13 0 1296 592 1296 720
13 2 1232 592 1232 720
13 0 1248 592 1232 592
13 0 1104 720 1120 720
13 2 1104 720 1120 720
13 2 1056 720 1104 720
13 0 1104 592 1056 592
13 0 1056 592 1056 720
13 0 1104 592 1120 592
13 0 1120 592 1120 720
13 2 1120 720 1136 720
13 0 1120 720 1120 592
13 2 1120 592 1120 720
13 2 1120 720 1120 848
13 0 1120 592 1120 848
13 0 1120 592 1136 592
13 0 1136 592 1136 720
13 2 1136 592 1136 720
13 2 1056 592 1056 720
13 0 1136 880 1136 832
13 2 1136 832 1136 880
13 2 1136 880 1136 960
13 0 1152 896 1152 960
13 0 1152 960 1136 960
13 0 1152 896 1152 832
13 0 1152 832 1136 832
13 2 1136 960 1152 960
13 2 1232 960 1344 960
13 2 1152 832 1152 960
17 0 8
17 0 inv 1152 896 0
13 0 1152 944 1168 944
13 0 1248 944 1248 960
13 0 1248 960 1344 960
13 0 1168 912 1168 944
13 0 1168 912 1152 912
13 0 1152 832 1152 912
13 2 1152 944 1168 944
13 2 1248 960 1344 960
13 2 1168 912 1168 944
13 2 1248 944 1248 960
17 0 8
17 0 inv 1184 896 0
13 0 1184 944 1200 944
13 0 1280 960 1344 960
13 0 1200 912 1200 944
13 0 1280 944 1280 960
13 2 1280 944 1280 960
13 2 1200 912 1200 944
13 2 1280 960 1344 960
13 2 1184 944 1200 944
17 0 8
17 0 inv 1152 896 0
13 0 1248 944 1248 960
13 0 1168 912 1168 944
13 0 1248 960 1344 960
13 0 1152 944 1168 944
13 2 1152 832 1152 912
13 2 1152 912 1168 912
13 2 1168 912 1168 944
13 2 1248 960 1344 960
13 2 1248 944 1248 960
13 2 1152 944 1168 944
17 0 8
17 0 inv 1136 912 0
13 0 1152 832 1152 960
13 0 1232 960 1344 960
13 0 1136 960 1152 960
13 0 1152 896 1152 832
13 2 1152 832 1152 896
13 2 1136 960 1152 960
13 2 1152 896 1152 960
13 0 1136 880 1136 960
13 0 1136 832 1136 880
13 2 1232 960 1344 960
13 2 1136 832 1136 960
17 0 8
17 0 inv 1152 880 0
13 0 1248 928 1248 960
13 0 1248 960 1344 960
13 0 1152 896 1152 928
13 0 1152 896 1136 896
13 0 1136 832 1136 896
13 0 1136 880 1136 832
13 2 1136 832 1136 880
13 2 1136 880 1136 896
13 0 1136 880 1136 896
13 0 1136 880 1136 832
13 0 1136 880 1136 832
13 2 1136 832 1136 880
13 2 1136 880 1136 896
13 0 1152 880 1152 896
13 0 1152 896 1136 896
13 0 1152 880 1152 832
13 0 1152 832 1136 832
13 2 1136 896 1152 896
13 2 1328 784 1904 784
13 0 1328 784 1824 784
13 2 1328 784 1824 784
13 0 1776 784 1328 784
13 0 1776 784 1904 784
13 0 1824 800 1824 704
13 2 1824 704 1824 800
13 2 1824 800 1824 816
13 0 1728 800 1728 816
13 0 1728 816 1824 816
13 0 1728 800 1728 704
13 0 1728 704 1824 704
13 2 1728 816 1824 816
13 0 1728 816 1824 816
13 0 1728 704 1824 704
13 2 1728 704 1824 704
13 2 1728 704 1728 800
13 2 1728 800 1728 816
13 0 1824 800 1824 816
13 0 1824 704 1824 800
13 0 1744 752 1744 736
13 2 1744 736 1744 752
13 2 1744 752 1744 800
13 0 1808 752 1808 800
13 0 1808 800 1744 800
13 0 1808 752 1808 736
13 0 1808 736 1744 736
13 2 1744 736 1808 736
13 0 1584 976 1584 912
13 2 1584 912 1584 976
13 2 1584 976 1584 1024
13 0 1328 832 1328 1024
13 0 1328 1024 1360 1024
13 0 1584 1024 1360 1024
13 0 1584 1024 1360 1024
13 2 1360 1024 1584 1024
13 2 1328 1024 1360 1024
13 2 1328 832 1328 1024
13 0 1584 976 1584 1024
13 0 1584 912 1584 976
13 0 1584 912 1584 976
13 2 1584 912 1584 976
13 2 1584 976 1584 1024
13 0 1296 928 1296 1024
13 0 1296 1024 1360 1024
13 0 1360 1024 1584 1024
13 0 1584 912 1584 1136
13 0 1584 1136 1632 1136
13 0 1552 1056 1552 1168
13 0 1552 1168 1632 1168
13 2 1296 1024 1632 1024
13 2 1776 1040 1856 1040
13 2 1552 1056 1632 1056
17 0 13
17 0 and2 1632 976 0
13 0 1296 1024 1632 1024
13 0 1776 1040 1856 1040
13 0 1616 1056 1632 1056
13 0 1552 1056 1616 1056
17 0 13
13 0 1616 1056 1632 1056
13 2 1616 1056 1632 1056
13 2 1552 1056 1616 1056
13 0 1616 1024 1632 1024
13 2 1616 1024 1632 1024
13 2 1296 1024 1616 1024
13 0 1296 1008 1296 928
13 2 1296 928 1296 1008
13 2 1296 1008 1296 1024
13 0 1616 944 1616 1040
13 0 1616 1040 1680 1040
13 0 1776 1040 1664 1040
13 8 944 592 1
13 8 944 640 1
13 8 928 832 1
13 8 944 832 1
13 8 1824 656 2
13 8 2256 768 2
13 8 2272 768 2
13 8 2048 1088 2
13 8 1840 928 2
13 8 1824 928 2
13 8 1856 928 2
13 0 2240 768 2272 768
17 0 8
17 0 7
17 0 6
17 0 5
17 0 1
13 0 1056 592 1120 592
13 2 1056 592 1120 592
13 2 1120 592 1136 592
13 2 1232 592 1296 592
13 0 1584 592 1776 592
13 2 1584 592 1776 592
13 0 1056 640 1248 640
13 2 1056 640 1248 640
13 2 1248 640 1472 640
13 2 1568 640 1584 640
13 2 1584 640 1632 640
13 2 1328 688 1360 688
13 0 1488 704 1504 704
13 2 1488 704 1504 704
13 2 1504 704 1632 704
13 2 1296 720 1360 720
13 0 1296 768 1776 768
13 2 1296 768 1776 768
13 0 1328 784 1776 784
13 2 1328 784 1776 784
13 0 1248 800 1776 800
13 2 1248 800 1776 800
13 0 1344 816 1776 816
13 2 1344 816 1776 816
13 0 1056 832 1152 832
13 2 1056 832 1152 832
13 2 1152 832 1328 832
13 0 1120 848 1776 848
13 2 1120 848 1776 848
13 2 1584 912 1632 912
13 2 1296 928 1376 928
13 2 1520 944 1616 944
13 2 1616 944 1632 944
13 2 1248 960 1344 960
13 2 1344 960 1376 960
13 0 1616 1040 1776 1040
13 2 1616 1040 1776 1040
13 2 1392 1056 1552 1056
13 2 1584 1136 1632 1136
13 2 1552 1168 1632 1168
13 2 1120 592 1120 848
13 2 1152 832 1152 928
13 2 1248 640 1248 800
13 2 1248 928 1248 960
13 0 1296 592 1296 720
13 2 1296 592 1296 720
13 0 1296 720 1296 768
13 2 1296 720 1296 768
13 2 1296 768 1296 928
13 0 1328 688 1328 784
13 2 1328 688 1328 784
13 2 1328 784 1328 832
13 2 1344 816 1344 960
13 2 1392 960 1392 1056
13 2 1552 1056 1552 1168
13 0 1584 592 1584 640
13 2 1584 592 1584 640
13 0 1584 640 1584 912
13 2 1584 640 1584 912
13 2 1584 912 1584 1136
13 2 1616 944 1616 1040
13 2 1632 672 1632 704
17 0 14
17 0 3
17 0 2
17 0 10
17 0 9
17 0 11
17 0 12
17 0 4
13 2 1776 656 1824 656
13 7 1824 656
13 8 1824 656 0
13 0 2272 720 1776 720
13 0 1776 720 1776 656
13 5 2272 720 Le
13 8 1824 656 2
13 8 2272 720 2
13 2 1776 928 1824 928
13 7 1824 928
13 8 1824 928 0
13 0 2272 816 1776 816
13 0 1776 816 1776 928
13 0 1776 816 1776 848
13 0 1776 848 1776 928
13 5 2272 816 Re
13 8 1824 928 2
13 8 2272 816 2
13 2 2000 1088 2048 1088
13 7 2048 1088
13 8 2048 1088 0
13 0 2272 864 2000 864
13 0 2000 864 2096 864
13 0 2096 864 2272 864
13 0 2000 864 2000 1088
13 5 2272 864 Rd
13 8 2048 1088 2
13 8 2272 864 2
13 2 1776 592 1856 592
13 2 1856 592 1920 592
13 2 1888 672 1920 672
13 2 2064 672 2096 672
13 2 1824 704 1920 704
13 0 1776 720 2224 720
13 2 1776 720 2224 720
13 2 1808 736 1920 736
13 2 1776 768 1888 768
13 2 1888 768 1920 768
13 2 2064 768 2096 768
13 2 1776 784 1904 784
13 2 1904 784 1920 784
13 2 1776 800 1808 800
13 2 1776 816 1824 816
13 0 1824 816 2224 816
13 2 1824 816 2224 816
13 2 1776 848 1920 848
13 2 1856 864 1920 864
13 2 2000 864 2096 864
13 0 2096 864 2224 864
13 2 2096 864 2224 864
13 2 1904 896 1920 896
13 2 1776 1040 1856 1040
13 2 1776 1152 1856 1152
13 2 1776 656 1776 720
13 0 1776 816 1776 848
13 2 1776 816 1776 848
13 2 1776 848 1776 928
13 2 1808 736 1808 800
13 2 1824 704 1824 816
13 2 1856 592 1856 864
13 2 1856 1040 1856 1072
13 2 1856 1104 1856 1152
13 2 1888 672 1888 768
13 2 1904 784 1904 896
13 2 1920 592 1920 640
13 2 1920 784 1920 800
13 2 1920 832 1920 848
13 2 2000 864 2000 1088
13 2 2096 672 2096 736
13 2 2096 800 2096 864
13 2 2240 768 2272 768
13 0 2224 768 2272 768
13 2 944 592 1056 592
13 2 944 640 1056 640
13 7 944 592
13 8 944 592 0
13 7 944 640
13 8 944 640 0
13 0 944 736 1056 736
13 0 944 784 1056 784
13 5 944 736 A
13 5 944 784 B
13 8 944 592 1
13 8 944 640 1
13 8 944 736 1
13 8 944 784 1
17 0 inv 960 624 0
17 0 inv 960 848 0
17 0 inv 960 960 0
13 2 944 784 1056 784
13 2 944 832 1056 832
13 7 944 784
13 8 944 784 0
13 7 944 832
13 8 944 832 0
13 0 1360 928 1472 928
13 0 1360 976 1472 976
13 5 1360 928 B
13 5 1360 976 C
13 8 944 784 1
13 8 944 832 1
13 8 1360 928 1
13 8 1360 976 1
17 0 12
17 0 inv 960 736 0
13 0 960 672 960 736
13 2 1360 928 1472 928
13 7 1360 928
13 8 1360 928 0
13 0 944 864 1472 864
13 0 1472 864 1472 928
13 5 944 864 B
13 8 1360 928 1
13 8 944 864 1
13 2 1472 864 1472 928
13 0 1040 864 1472 864
13 2 944 864 1472 864
13 0 1056 864 944 864
13 2 1360 976 1472 976
13 7 1360 976
13 8 1360 976 0
13 0 1328 1040 1440 1040
13 5 1328 1040 C
13 8 1360 976 1
13 8 1328 1040 1
17 0 11
17 0 inv 960 880 0
17 0 12
17 0 inv 960 752 0
13 2 1328 1040 1440 1040
13 7 1328 1040
13 8 1328 1040 0
13 0 944 1008 1056 1008
13 5 944 1008 C
13 8 1328 1040 1
13 8 944 1008 1
13 0 960 928 960 1008
13 0 960 800 960 864
13 0 1056 928 2224 928
13 0 2224 928 2224 864
17 0 or2 2016 656 0
17 0 or2 2016 752 0
17 0 or3 1744 688 0
13 2 2224 720 2272 720
13 7 2272 720
13 8 2272 720 0
13 0 2224 608 2272 608
13 5 2272 608 Le
13 8 2272 720 2
13 8 2272 608 2
13 2 2224 768 2272 768
13 7 2272 768
13 8 2272 768 0
13 0 2224 704 2272 704
13 5 2272 704 Ld
13 8 2272 768 2
13 8 2272 704 2
13 2 2224 864 2272 864
13 2 1056 928 2224 928
13 2 2224 864 2224 928
13 7 2272 864
13 8 2272 864 0
13 0 2240 1072 2288 1072
13 0 2240 1136 2240 928
13 0 2240 928 2240 1072
13 0 2240 1072 2240 1136
13 0 1056 928 2240 928
13 0 2240 1072 2240 1136
13 5 2288 1072 Rd
13 8 2272 864 2
13 8 2288 1072 2
13 2 2240 1072 2240 1136
13 0 2240 1136 2240 1072
13 2 2240 1072 2240 1136
13 2 1056 928 2240 928
13 2 2240 928 2240 1072
13 0 1152 928 1152 1072
13 0 1152 1072 2240 1072
13 0 1152 928 1056 928
13 2 2224 816 2272 816
13 7 2272 816
13 8 2272 816 0
13 0 2256 960 2288 960
13 0 2256 960 2256 816
13 0 2224 816 2256 816
13 5 2288 960 Re
13 8 2272 816 2
13 8 2288 960 2
13 2 2224 816 2256 816
13 0 2208 960 2256 960
13 0 2256 960 2256 816
13 2 2256 816 2256 960
13 2 2224 704 2272 704
13 7 2272 704
13 8 2272 704 0
13 0 2240 768 2288 768
13 5 2288 768 Ld
13 8 2272 704 2
13 8 2288 768 2
13 2 2224 608 2272 608
13 7 2272 608
13 8 2272 608 0
13 0 2240 608 2288 608
13 5 2288 608 Le
13 8 2272 608 2
13 8 2288 608 2
13 2 2240 768 2288 768
13 7 2288 768
13 8 2288 768 0
13 0 2240 720 2288 720
13 5 2288 720 Ld
13 8 2288 768 2
13 8 2288 720 2
13 2 2208 960 2288 960
13 7 2288 960
13 8 2288 960 0
13 0 2208 912 2288 912
13 5 2288 912 Re
13 8 2288 960 2
13 8 2288 912 2
13 2 2240 720 2288 720
13 7 2288 720
13 8 2288 720 0
13 0 2240 752 2288 752
13 5 2288 752 Ld
13 8 2288 720 2
13 8 2288 752 2
17 0 10
17 0 or2 2064 848 0
17 0 9
17 0 or2 2096 544 0
17 0 2
17 0 or3 2112 672 0
13 2 2240 752 2256 752
13 2 2256 752 2288 752
17 0 2
17 0 or3 2096 672 0
13 0 2224 752 2240 752
13 0 2240 752 2288 752
13 2 2224 752 2240 752
13 2 2240 752 2288 752
17 0 2
17 0 or3 1936 672 0
13 0 2064 752 2080 752
13 0 2080 752 2288 752
13 2 2080 752 2288 752
13 2 2064 752 2080 752
17 0 2
17 0 or3 1936 672 0
17 0 2
17 0 or3 1808 704 0
13 0 2288 752 1952 752
17 0 2
17 0 or3 1808 672 0
13 2 1952 752 2288 752
17 0 2
17 0 or3 2096 672 0
13 0 2240 752 2288 752
13 2 2208 912 2288 912
17 0 10
17 0 or2 2080 848 0
13 0 2224 912 2288 912
13 2 2224 912 2288 912
17 0 10
17 0 or2 2096 848 0
13 0 2240 912 2288 912
17 0 and2 1232 544 0
17 0 and2 1216 736 0
17 0 and2 1216 896 0
17 0 and2 1488 576 0
17 0 and2 1488 672 0
17 0 and2 1456 896 0
17 0 and2 1728 560 0
17 0 and2 1744 752 0
17 0 and2 1712 912 0
17 0 and2 1904 640 0
13 0 1056 672 1232 672
13 0 1232 672 1232 592
13 0 1232 592 1232 624
13 0 1232 624 1232 672
13 0 1152 928 1152 624
13 0 1152 624 1232 624
13 2 1056 672 1232 672
13 2 1232 624 1232 672
13 0 1200 592 1200 624
13 0 1200 624 1232 624
13 0 1200 592 1056 592
13 0 1056 592 1056 672
13 2 1200 624 1232 624
13 2 1152 624 1200 624
13 2 1200 592 1200 624
13 0 1200 640 1200 592
13 0 1200 640 1152 640
13 0 1152 640 1152 624
13 0 1200 640 1232 640
13 0 1232 640 1232 624
13 2 1232 624 1232 640
13 2 1200 640 1232 640
13 2 1152 640 1200 640
13 2 1200 592 1200 640
13 0 1200 592 1200 624
13 0 1152 624 1200 624
13 0 1200 624 1232 624
13 2 1056 592 1056 672
13 2 1056 592 1200 592
13 2 1200 592 1200 624
13 0 1232 624 1232 672
13 0 1056 672 1232 672
13 2 1152 624 1232 624
13 2 1152 624 1152 928
13 2 1232 592 1232 624
13 2 1232 624 1232 672
17 0 3
17 0 and2 1248 544 0
13 0 1248 592 1248 624
13 0 1248 624 1248 640
13 0 1248 640 1232 640
13 0 1232 640 1232 672
13 2 1232 640 1248 640
13 2 1248 624 1248 640
13 2 1232 640 1232 672
13 0 1232 592 1232 672
13 0 1248 608 1248 592
13 2 1248 592 1248 608
13 2 1248 608 1248 624
13 0 1248 592 1232 592
13 0 1248 624 1248 720
13 0 1248 720 1152 720
13 0 1152 720 1152 928
13 2 1232 592 1248 592
13 2 1248 624 1248 720
17 0 3
17 0 and2 1248 544 0
13 0 1232 592 1248 592
13 0 1248 624 1248 640
13 0 1248 640 1248 720
17 0 3
17 0 and2 1248 544 0
17 0 3
17 0 and2 1248 544 0
13 2 1232 592 1248 592
13 2 1248 624 1248 720
17 0 3
17 0 and2 1248 544 0
13 0 1232 592 1248 592
13 0 1248 624 1248 640
13 0 1248 640 1248 720
13 0 1216 784 1056 784
13 0 1056 784 1056 736
13 0 1056 1008 1056 816
13 0 1056 816 1056 928
13 0 1056 816 1056 864
13 0 1056 864 1056 928
13 2 1056 816 1056 864
13 0 1056 816 1216 816
13 2 960 800 960 864
17 0 12
17 0 inv 960 752 0
13 0 960 800 960 832
13 0 960 832 960 864
13 2 960 800 960 864
17 0 12
17 0 inv 960 752 0
13 0 960 800 960 832
13 0 960 832 960 864
13 0 1088 816 1216 816
13 2 1088 816 1216 816
13 2 1056 816 1088 816
13 0 1120 816 1056 816
13 0 1120 816 1216 816
13 2 1056 816 1216 816
13 0 1104 816 1216 816
13 0 1104 816 1104 1008
13 0 1104 1008 1056 1008
13 0 1056 864 2096 864
13 0 2096 864 2096 784
13 0 1360 800 2096 800
13 0 1360 800 1744 800
13 0 1744 800 2096 800
13 0 2096 800 2096 752
13 2 1744 800 2096 800
13 0 2096 800 2096 784
13 2 2096 784 2096 800
13 2 2096 800 2096 864
13 0 2080 800 2080 864
13 0 2080 864 2096 864
13 0 2080 800 2080 784
13 0 2080 784 2096 784
13 0 2080 800 1744 800
13 2 1744 800 2080 800
13 2 2080 784 2096 784
13 0 2080 800 2080 784
13 2 2080 784 2080 800
13 2 2080 800 2080 864
13 0 2096 800 2096 864
13 0 2096 784 2096 800
13 0 1744 800 2096 800
13 2 2096 752 2096 784
13 2 1744 800 2096 800
13 2 1360 800 1744 800
13 0 1360 800 1680 800
13 0 1680 800 1680 768
13 0 1680 768 1920 768
13 0 1920 768 2096 768
13 0 2096 768 2096 752
13 0 1392 608 1680 608
13 0 1680 608 1680 752
13 0 1680 752 2064 752
13 0 2064 752 2064 720
13 0 2064 720 2096 720
13 0 1056 800 1056 896
13 0 1056 896 2096 896
13 0 2064 752 2064 928
13 0 2064 928 2096 928
13 0 2032 896 2032 624
13 0 2032 624 2096 624
17 0 16
17 0 8
17 0 5
17 0 and2 1520 464 0
17 0 6
17 0 and2 1104 464 0
17 0 13
17 0 and2 1712 464 0
17 0 1
17 0 and2 1216 944 0
17 0 7
17 0 and2 1456 944 0
17 0 15
17 0 and2 1712 928 0
17 0 5
17 0 and2 1440 656 0
13 0 1232 672 1440 672
13 0 1440 672 1440 704
13 0 1200 816 1200 752
13 0 1200 752 1440 752
13 0 1440 752 1440 736
13 0 1584 720 1984 720
13 0 1984 720 1984 592
13 0 1984 592 2096 592
17 0 13
17 0 and2 1712 464 0
17 0 6
17 0 13
17 0 15
17 0 7
17 0 1
13 2 1984 592 2096 592
13 2 2240 608 2288 608
13 2 2032 624 2096 624
13 2 1584 720 1984 720
13 2 2064 720 2096 720
13 2 1680 752 2064 752
13 2 2240 752 2288 752
13 2 1680 768 2096 768
13 2 960 864 2096 864
13 2 1056 896 2032 896
13 2 2032 896 2096 896
13 2 2240 912 2288 912
13 2 2064 928 2096 928
13 2 1152 1072 2288 1072
13 2 1984 592 1984 720
13 2 2032 624 2032 896
13 0 2064 720 2064 752
13 2 2064 720 2064 752
13 2 2064 752 2064 928
13 2 2096 752 2096 768
13 2 2096 784 2096 864
13 7 2288 608
13 8 2288 608 0
13 7 2288 752
13 8 2288 752 0
13 7 2288 912
13 8 2288 912 0
13 7 2288 1072
13 8 2288 1072 0
17 0 2
17 0 10
17 0 9
17 0 or3 1904 672 0
17 0 or2 1904 848 0
17 0 or2 1904 544 0
13 0 1792 592 1904 592
13 0 2048 608 2096 608
13 0 1840 624 1904 624
13 0 1584 720 1792 720
13 0 1872 720 1904 720
13 0 1792 752 1872 752
13 0 1776 752 1792 752
13 0 1680 752 1776 752
13 0 2048 752 2096 752
13 0 1792 768 1904 768
13 0 1760 768 1792 768
13 0 1680 768 1760 768
13 0 1792 864 1904 864
13 0 1744 864 1792 864
13 0 960 864 1744 864
13 0 1792 896 1840 896
13 0 1728 896 1792 896
13 0 1056 896 1728 896
13 0 1840 896 1904 896
13 0 2048 912 2096 912
13 0 1872 928 1904 928
13 0 1792 1072 2096 1072
13 0 1712 1072 1792 1072
13 0 1152 1072 1712 1072
13 0 1792 592 1792 720
13 0 1840 624 1840 896
13 0 1872 720 1872 752
13 0 1872 752 1872 928
13 0 1904 752 1904 768
13 0 1904 784 1904 864
13 5 2096 608 Le
13 5 2096 752 Ld
13 5 2096 912 Re
13 5 2096 1072 Rd
13 8 2288 608 2
13 8 2288 752 2
13 8 2288 912 2
13 8 2288 1072 2
13 8 2096 608 2
13 8 2096 752 2
13 8 2096 912 2
13 8 2096 1072 2
13 2 1152 720 1248 720
13 2 1248 624 1248 720
13 0 1248 720 1248 624
13 0 1248 720 1152 720
13 2 1152 720 1248 720
13 2 1248 624 1248 720
13 0 1152 624 1248 624
13 0 1152 624 1152 720
13 0 1232 656 1232 592
13 2 1232 592 1232 656
13 2 1232 656 1232 672
13 0 1104 656 1104 672
13 0 1104 672 1232 672
13 0 1104 656 1104 592
13 0 1104 592 1232 592
13 2 1104 672 1440 672
13 2 1440 672 1440 704
13 0 1328 704 1440 704
13 0 1328 704 1104 704
13 0 1104 704 1104 672
13 2 1104 704 1440 704
13 2 1584 720 1792 720
13 2 1200 752 1440 752
13 2 1440 736 1440 752
17 0 5
17 0 and2 1440 656 0
13 0 1104 704 1440 704
13 0 1584 720 1792 720
13 0 1424 752 1440 752
13 0 1200 752 1424 752
13 0 1440 736 1440 752
13 2 1104 704 1440 704
13 2 1584 720 1792 720
13 2 1200 752 1440 752
13 2 1440 736 1440 752
17 0 5
17 0 and2 1440 656 0
13 0 1104 704 1440 704
13 0 1584 720 1792 720
13 0 1424 752 1440 752
13 0 1200 752 1424 752
13 0 1440 736 1440 752
13 2 1200 752 1440 752
13 2 1440 736 1440 752
13 0 1200 752 1200 736
13 0 1200 736 1440 736
13 2 1104 816 1200 816
13 2 1104 816 1104 1008
13 0 1200 992 1200 1008
13 0 1200 1008 1104 1008
13 0 1200 992 1200 816
13 2 1104 704 1440 704
13 2 1584 720 1792 720
13 2 1200 736 1440 736
17 0 5
17 0 and2 1248 656 0
13 0 1104 704 1248 704
13 0 1392 720 1792 720
13 0 1232 736 1248 736
13 0 1200 736 1232 736
13 2 1056 784 1216 784
13 2 1360 800 1680 800
13 2 1200 816 1216 816
17 0 14
17 0 and2 1248 736 0
13 0 1056 784 1248 784
13 0 1392 800 1680 800
13 0 1232 816 1248 816
13 0 1200 816 1232 816
13 2 1104 592 1248 592
13 2 1392 608 1680 608
13 2 1152 624 1248 624
17 0 3
17 0 and2 1248 544 0
13 0 1104 592 1248 592
13 0 1392 608 1680 608
13 0 1232 624 1248 624
13 0 1152 624 1232 624
13 2 1104 592 1248 592
13 2 1392 608 1680 608
13 2 1152 624 1248 624
17 0 3
17 0 and2 1248 544 0
13 0 1104 592 1248 592
13 0 1392 608 1680 608
13 0 1232 624 1248 624
13 0 1152 624 1232 624
13 2 1104 592 1248 592
13 2 1392 608 1680 608
13 2 1152 624 1248 624
17 0 3
17 0 and2 1248 512 0
13 0 1232 560 1248 560
13 0 1232 560 1232 592
13 0 1104 592 1232 592
13 0 1392 576 1392 608
13 0 1392 608 1680 608
13 0 1248 592 1248 624
13 0 1152 624 1248 624
13 2 1104 592 1232 592
13 2 1232 560 1232 592
13 0 1104 576 1104 560
13 0 1104 560 1232 560
13 0 1104 576 1104 592
13 2 1152 624 1248 624
13 2 1248 592 1248 624
13 0 1152 592 1248 592
13 0 1152 592 1152 624
13 2 1104 704 1248 704
13 2 1392 720 1792 720
13 2 1200 736 1248 736
17 0 5
17 0 and2 1248 624 0
13 0 1232 672 1248 672
13 0 1232 672 1232 704
13 0 1104 704 1232 704
13 0 1392 688 1392 720
13 0 1392 720 1792 720
13 0 1248 704 1248 736
13 0 1200 736 1248 736
13 2 1104 704 1232 704
13 2 1232 672 1232 704
13 0 1232 672 1104 672
13 0 1104 672 1104 704
13 2 1104 672 1104 704
13 2 1200 736 1248 736
13 2 1248 704 1248 736
13 0 1216 704 1248 704
13 0 1216 704 1200 704
13 0 1200 704 1200 736
13 2 1392 720 1792 720
13 2 1392 688 1392 720
13 0 1760 688 1392 688
13 0 1760 688 1792 688
13 0 1792 688 1792 720
13 2 1792 688 1792 720
13 2 1392 608 1680 608
13 2 1392 576 1392 608
13 0 1680 576 1392 576
13 0 1680 576 1680 608
13 2 1680 752 1872 752
13 0 1872 752 1872 720
13 2 1872 720 1872 752
13 2 1872 752 1872 928
13 0 1872 720 1872 928
13 0 1872 720 1680 720
13 0 1680 720 1680 752
13 2 1680 720 1680 752
13 2 1872 720 1904 720
13 2 2048 752 2096 752
13 2 1680 768 1904 768
13 2 1904 752 1904 768
13 2 1904 784 1904 864
17 0 9
17 0 or3 1904 672 0
13 0 1872 720 1904 720
13 0 2048 752 2096 752
13 0 1888 768 1904 768
13 0 1680 768 1888 768
13 0 1904 752 1904 768
13 0 1904 784 1904 864
13 2 1680 768 1904 768
13 2 1904 752 1904 768
13 0 1680 768 1680 752
13 0 1680 752 1904 752
13 2 1680 720 1872 720
13 2 1680 576 1680 720
13 0 1488 720 1488 576
13 0 1488 576 1680 576
13 0 1488 720 1872 720
13 2 1488 576 1680 576
13 2 1392 800 1680 800
13 2 1680 752 1680 800
13 0 1488 800 1488 752
13 0 1488 752 1680 752
13 0 1488 800 1392 800
13 2 1792 592 1904 592
13 2 2048 608 2096 608
13 2 1840 624 1904 624
13 2 1392 688 1792 688
13 2 1488 720 1872 720
13 2 1872 720 1904 720
13 2 1488 752 1904 752
13 2 2048 752 2096 752
13 2 960 864 1904 864
13 2 1056 896 1840 896
13 2 1840 896 1904 896
13 2 2048 912 2096 912
13 2 1872 928 1904 928
13 2 1152 1072 2096 1072
13 2 1792 592 1792 688
13 2 1840 624 1840 896
13 2 1872 720 1872 928
13 2 1904 784 1904 864
13 7 2096 608
13 8 2096 608 0
13 7 2096 752
13 8 2096 752 0
13 7 2096 912
13 8 2096 912 0
13 7 2096 1072
13 8 2096 1072 0
17 0 9
17 0 10
17 0 2
17 0 or3 1712 672 0
17 0 or2 1712 848 0
17 0 or2 1712 544 0
13 0 1600 592 1712 592
13 0 1856 608 1904 608
13 0 1648 624 1712 624
13 0 1584 688 1600 688
13 0 1392 688 1584 688
13 0 1584 720 1680 720
13 0 1568 720 1584 720
13 0 1488 720 1568 720
13 0 1680 720 1712 720
13 0 1584 752 1712 752
13 0 1552 752 1584 752
13 0 1488 752 1552 752
13 0 1856 752 1904 752
13 0 1584 864 1712 864
13 0 1536 864 1584 864
13 0 960 864 1536 864
13 0 1584 896 1648 896
13 0 1520 896 1584 896
13 0 1056 896 1520 896
13 0 1648 896 1712 896
13 0 1856 912 1904 912
13 0 1680 928 1712 928
13 0 1584 1072 1904 1072
13 0 1504 1072 1584 1072
13 0 1152 1072 1504 1072
13 0 1600 592 1600 688
13 0 1648 624 1648 896
13 0 1680 720 1680 928
13 0 1712 784 1712 864
13 5 1904 608 Le
13 5 1904 752 Ld
13 5 1904 912 Re
13 5 1904 1072 Rd
13 8 2096 608 2
13 8 2096 752 2
13 8 2096 912 2
13 8 2096 1072 2
13 8 1904 608 2
13 8 1904 752 2
13 8 1904 912 2
13 8 1904 1072 2
13 2 1712 784 1712 864
13 2 1680 720 1680 928
13 2 1648 624 1648 896
13 2 1600 592 1600 688
13 0 1152 1072 1504 1072
13 2 1152 1072 1504 1072
13 0 1504 1072 1584 1072
13 2 1504 1072 1584 1072
13 2 1584 1072 1904 1072
13 2 1680 928 1712 928
13 2 1856 912 1904 912
13 0 1648 896 1712 896
13 2 1648 896 1712 896
13 0 1056 896 1520 896
13 2 1056 896 1520 896
13 0 1520 896 1584 896
13 2 1520 896 1584 896
13 2 1584 896 1648 896
13 0 960 864 1536 864
13 2 960 864 1536 864
13 0 1536 864 1584 864
13 2 1536 864 1584 864
13 2 1584 864 1712 864
13 2 1856 752 1904 752
13 0 1488 752 1552 752
13 2 1488 752 1552 752
13 0 1552 752 1584 752
13 2 1552 752 1584 752
13 2 1584 752 1712 752
13 0 1680 720 1712 720
13 2 1680 720 1712 720
13 0 1488 720 1568 720
13 2 1488 720 1568 720
13 0 1568 720 1584 720
13 2 1568 720 1584 720
13 2 1584 720 1680 720
13 0 1392 688 1584 688
13 2 1392 688 1584 688
13 2 1584 688 1600 688
13 2 1648 624 1712 624
13 2 1856 608 1904 608
13 2 1600 592 1712 592
13 7 1904 1072
13 8 1904 1072 0
13 7 1904 912
13 8 1904 912 0
13 7 1904 752
13 8 1904 752 0
13 7 1904 608
13 8 1904 608 0
17 0 2
17 0 10
17 0 9
17 0 or3 1904 672 0
17 0 or2 1904 848 0
17 0 or2 1904 544 0
13 0 1904 784 1904 864
13 0 1872 720 1872 928
13 0 1840 624 1840 896
13 0 1792 592 1792 688
13 0 1152 1072 2096 1072
13 0 1872 928 1904 928
13 0 2048 912 2096 912
13 0 1840 896 1904 896
13 0 1056 896 1840 896
13 0 960 864 1904 864
13 0 2048 752 2096 752
13 0 1488 752 1904 752
13 0 1872 720 1904 720
13 0 1488 720 1872 720
13 0 1392 688 1792 688
13 0 1840 624 1904 624
13 0 2048 608 2096 608
13 0 1792 592 1904 592
13 5 2096 1072 Rd
13 5 2096 912 Re
13 5 2096 752 Ld
13 5 2096 608 Le
13 8 1904 1072 2
13 8 1904 912 2
13 8 1904 752 2
13 8 1904 608 2
13 8 2096 1072 2
13 8 2096 912 2
13 8 2096 752 2
13 8 2096 608 2
13 8 2096 1072 2
13 8 2096 912 2
13 8 2096 752 2
13 8 2096 608 2
13 2 1392 800 1488 800
13 0 1488 752 1680 752
13 2 1488 752 1680 752
13 2 1488 752 1488 800
13 0 1680 752 1680 800
13 0 1392 800 1680 800
13 0 1488 576 1680 576
13 2 1488 720 1872 720
13 2 1488 576 1488 720
13 0 1680 576 1680 720
13 0 1680 720 1872 720
13 2 1680 752 1904 752
13 0 1680 768 1680 752
13 2 1680 752 1680 768
13 0 1904 752 1904 768
13 0 1680 768 1904 768
13 2 1904 784 1904 864
13 2 1904 752 1904 768
13 0 1680 768 1888 768
13 2 1680 768 1888 768
13 2 1888 768 1904 768
13 2 2048 752 2096 752
13 2 1872 720 1904 720
17 0 9
17 0 or3 1904 672 0
13 0 1904 784 1904 864
13 0 1904 752 1904 768
13 0 1680 768 1904 768
13 0 2048 752 2096 752
13 0 1872 720 1904 720
13 0 1680 720 1680 752
13 2 1680 720 1872 720
13 2 1872 720 1872 928
13 0 1872 752 1872 928
13 0 1872 720 1872 752
13 0 1680 752 1872 752
13 0 1680 576 1680 608
13 2 1680 576 1680 608
13 2 1392 576 1680 576
13 0 1392 576 1392 608
13 0 1392 608 1680 608
13 0 1792 688 1792 720
13 0 1760 688 1792 688
13 2 1760 688 1792 688
13 2 1392 688 1760 688
13 0 1392 688 1392 720
13 0 1392 720 1792 720
13 0 1200 704 1200 736
13 2 1200 704 1200 736
13 0 1216 704 1200 704
13 2 1200 704 1216 704
13 2 1216 704 1248 704
13 0 1248 704 1248 736
13 0 1200 736 1248 736
13 0 1104 672 1104 704
13 0 1232 672 1104 672
13 2 1104 672 1232 672
13 0 1232 672 1232 704
13 0 1104 704 1232 704
13 2 1200 736 1248 736
13 2 1248 704 1248 736
13 2 1392 720 1792 720
13 2 1392 688 1392 720
13 2 1104 704 1232 704
13 2 1232 672 1232 704
13 2 1232 672 1248 672
17 0 5
17 0 and2 1248 656 0
13 0 1200 736 1248 736
13 0 1392 720 1792 720
13 0 1104 704 1248 704
13 0 1152 592 1152 624
13 2 1152 592 1152 624
13 2 1152 592 1248 592
13 0 1248 592 1248 624
13 0 1152 624 1248 624
13 0 1104 576 1104 592
13 2 1104 576 1104 592
13 0 1104 560 1232 560
13 2 1104 560 1232 560
13 2 1104 560 1104 576
13 0 1232 560 1232 592
13 0 1104 592 1232 592
13 2 1152 624 1248 624
13 2 1248 592 1248 624
13 2 1392 608 1680 608
13 2 1392 576 1392 608
13 2 1104 592 1232 592
13 2 1232 560 1232 592
13 2 1232 560 1248 560
17 0 3
17 0 and2 1248 544 0
13 0 1152 624 1248 624
13 0 1392 608 1680 608
13 0 1104 592 1248 592
13 0 1152 624 1232 624
13 2 1152 624 1232 624
13 2 1232 624 1248 624
13 2 1392 608 1680 608
13 2 1104 592 1248 592
17 0 3
17 0 and2 1248 544 0
13 0 1152 624 1248 624
13 0 1392 608 1680 608
13 0 1104 592 1248 592
13 0 1152 624 1232 624
13 2 1152 624 1232 624
13 2 1232 624 1248 624
13 2 1392 608 1680 608
13 2 1104 592 1248 592
17 0 3
17 0 and2 1248 544 0
13 0 1152 624 1248 624
13 0 1392 608 1680 608
13 0 1104 592 1248 592
13 0 1200 816 1232 816
13 2 1200 816 1232 816
13 2 1232 816 1248 816
13 2 1392 800 1680 800
13 2 1056 784 1248 784
17 0 14
17 0 and2 1216 736 0
13 0 1200 816 1216 816
13 0 1360 800 1680 800
13 0 1056 784 1216 784
13 0 1200 736 1232 736
13 2 1200 736 1232 736
13 2 1232 736 1248 736
13 2 1392 720 1792 720
13 2 1104 704 1248 704
17 0 5
17 0 and2 1440 656 0
13 0 1200 736 1440 736
13 0 1584 720 1792 720
13 0 1104 704 1440 704
13 0 1200 992 1200 816
13 2 1200 816 1200 992
13 0 1200 1008 1104 1008
13 2 1104 1008 1200 1008
13 2 1200 992 1200 1008
13 0 1104 816 1104 1008
13 0 1104 816 1200 816
13 2 1200 736 1440 736
13 0 1200 752 1200 736
13 2 1200 736 1200 752
13 0 1440 736 1440 752
13 0 1200 752 1440 752
13 2 1440 736 1440 752
13 0 1200 752 1424 752
13 2 1200 752 1424 752
13 2 1424 752 1440 752
13 2 1584 720 1792 720
13 2 1104 704 1440 704
17 0 5
17 0 and2 1440 656 0
13 0 1440 736 1440 752
13 0 1200 752 1440 752
13 0 1584 720 1792 720
13 0 1104 704 1440 704
13 2 1440 736 1440 752
13 0 1200 752 1424 752
13 2 1200 752 1424 752
13 2 1424 752 1440 752
13 2 1584 720 1792 720
13 2 1104 704 1440 704
17 0 5
17 0 and2 1440 656 0
13 0 1440 736 1440 752
13 0 1200 752 1440 752
13 0 1584 720 1792 720
13 0 1104 704 1440 704
13 2 1104 672 1104 704
13 0 1328 704 1104 704
13 2 1104 704 1328 704
13 2 1328 704 1440 704
13 0 1440 672 1440 704
13 0 1104 672 1440 672
13 0 1104 592 1232 592
13 2 1104 592 1232 592
13 0 1104 656 1104 592
13 2 1104 592 1104 656
13 2 1104 656 1104 672
13 0 1232 656 1232 672
13 0 1232 592 1232 656
13 0 1152 624 1152 720
13 2 1152 624 1152 720
13 2 1152 624 1248 624
13 0 1248 624 1248 720
13 0 1152 720 1248 720
13 2 1152 720 1248 720
13 2 1248 624 1248 720
13 0 1248 624 1248 720
13 0 1152 720 1248 720
13 2 1904 784 1904 864
13 2 1904 752 1904 768
13 2 1872 752 1872 928
13 2 1872 720 1872 752
13 2 1840 624 1840 896
13 2 1792 592 1792 720
13 0 1152 1072 1712 1072
13 2 1152 1072 1712 1072
13 0 1712 1072 1792 1072
13 2 1712 1072 1792 1072
13 2 1792 1072 2096 1072
13 2 1872 928 1904 928
13 2 2048 912 2096 912
13 0 1840 896 1904 896
13 2 1840 896 1904 896
13 0 1056 896 1728 896
13 2 1056 896 1728 896
13 0 1728 896 1792 896
13 2 1728 896 1792 896
13 2 1792 896 1840 896
13 0 960 864 1744 864
13 2 960 864 1744 864
13 0 1744 864 1792 864
13 2 1744 864 1792 864
13 2 1792 864 1904 864
13 0 1680 768 1760 768
13 2 1680 768 1760 768
13 0 1760 768 1792 768
13 2 1760 768 1792 768
13 2 1792 768 1904 768
13 2 2048 752 2096 752
13 0 1680 752 1776 752
13 2 1680 752 1776 752
13 0 1776 752 1792 752
13 2 1776 752 1792 752
13 2 1792 752 1872 752
13 2 1872 720 1904 720
13 2 1584 720 1792 720
13 2 1840 624 1904 624
13 2 2048 608 2096 608
13 2 1792 592 1904 592
13 7 2096 1072
13 8 2096 1072 0
13 7 2096 912
13 8 2096 912 0
13 7 2096 752
13 8 2096 752 0
13 7 2096 608
13 8 2096 608 0
17 0 9
17 0 10
17 0 2
17 0 or3 2096 672 0
17 0 or2 2096 848 0
17 0 or2 2096 544 0
13 0 2096 784 2096 864
13 0 2096 752 2096 768
13 0 2064 752 2064 928
13 0 2064 720 2064 752
13 0 2032 624 2032 896
13 0 1984 592 1984 720
13 0 1152 1072 2288 1072
13 0 2064 928 2096 928
13 0 2240 912 2288 912
13 0 2032 896 2096 896
13 0 1056 896 2032 896
13 0 960 864 2096 864
13 0 1680 768 2096 768
13 0 2240 752 2288 752
13 0 1680 752 2064 752
13 0 2064 720 2096 720
13 0 1584 720 1984 720
13 0 2032 624 2096 624
13 0 2240 608 2288 608
13 0 1984 592 2096 592
13 5 2288 1072 Rd
13 5 2288 912 Re
13 5 2288 752 Ld
13 5 2288 608 Le
13 8 2096 1072 2
13 8 2096 912 2
13 8 2096 752 2
13 8 2096 608 2
13 8 2288 1072 2
13 8 2288 912 2
13 8 2288 752 2
13 8 2288 608 2
13 8 2288 1072 2
13 8 2288 912 2
13 8 2288 752 2
13 8 2288 608 2
17 0 and2 1216 944 0
17 0 and2 1456 944 0
17 0 and2 1712 928 0
17 0 and2 1712 464 0
17 0 and2 1104 464 0
17 0 13
17 0 and2 1712 464 0
13 2 1984 592 2096 592
13 2 1984 592 1984 720
13 2 1584 720 1984 720
13 2 1440 736 1440 752
13 2 1200 752 1440 752
13 2 1200 752 1200 816
13 2 1440 672 1440 704
13 2 1232 672 1440 672
17 0 5
17 0 and2 1520 464 0
17 0 15
17 0 and2 1712 912 0
17 0 7
17 0 and2 1456 896 0
17 0 1
17 0 and2 1216 896 0
17 0 13
17 0 and2 1744 752 0
17 0 6
17 0 and2 1488 672 0
17 0 5
17 0 and2 1488 576 0
17 0 and2 1728 560 0
17 0 and2 1904 640 0
13 2 2032 624 2096 624
13 2 2032 624 2032 896
13 2 2064 928 2096 928
13 2 2064 752 2064 928
13 2 1056 896 2096 896
13 2 1056 800 1056 896
13 2 2064 720 2096 720
13 2 2064 720 2064 752
13 2 1680 752 2064 752
13 2 1680 608 1680 752
13 2 1392 608 1680 608
13 2 2096 752 2096 768
13 0 1920 768 2096 768
13 2 1920 768 2096 768
13 2 1680 768 1920 768
13 2 1680 768 1680 800
13 2 1360 800 1680 800
13 2 2096 784 2096 864
13 0 1056 864 2096 864
13 2 1056 864 2096 864
13 0 1104 1008 1056 1008
13 2 1056 1008 1104 1008
13 2 1104 816 1104 1008
13 2 1104 816 1216 816
13 0 1056 816 1216 816
13 0 1120 816 1216 816
13 2 1120 816 1216 816
13 2 1056 816 1120 816
13 0 1056 816 1088 816
13 0 1088 816 1216 816
13 0 960 832 960 864
13 2 960 832 960 864
13 2 960 800 960 832
17 0 12
17 0 inv 960 752 0
13 0 960 800 960 864
13 0 960 832 960 864
13 2 960 832 960 864
13 2 960 800 960 832
17 0 12
17 0 inv 960 752 0
13 0 960 800 960 864
13 2 1056 816 1216 816
13 2 1056 736 1056 784
13 2 1056 784 1216 784
13 0 1248 640 1248 720
13 2 1248 640 1248 720
13 2 1248 624 1248 640
13 2 1232 592 1248 592
17 0 3
17 0 and2 1248 544 0
13 0 1248 624 1248 720
13 0 1232 592 1248 592
17 0 3
17 0 and2 1248 544 0
17 0 3
17 0 and2 1248 544 0
13 0 1248 640 1248 720
13 2 1248 640 1248 720
13 2 1248 624 1248 640
13 2 1232 592 1248 592
17 0 3
17 0 and2 1248 544 0
13 0 1248 624 1248 720
13 0 1232 592 1248 592
13 2 1152 720 1152 928
13 2 1152 720 1248 720
13 2 1248 624 1248 720
13 2 1232 592 1248 592
13 0 1248 608 1248 624
13 0 1248 592 1248 608
13 2 1232 592 1232 672
13 0 1232 640 1232 672
13 0 1248 624 1248 640
13 0 1232 640 1248 640
13 2 1232 640 1232 672
13 2 1232 640 1248 640
13 2 1248 624 1248 640
13 2 1248 592 1248 624
17 0 3
17 0 and2 1232 544 0
13 0 1232 624 1232 672
13 0 1232 592 1232 624
13 2 1232 624 1232 672
13 2 1232 592 1232 624
13 2 1056 672 1232 672
17 0 16
17 0 15
17 0 13
17 0 8
17 0 7
17 0 6
17 0 5
17 0 1
17 0 14
17 0 3
13 2 2240 912 2288 912
17 0 10
17 0 or2 2080 848 0
13 0 2224 912 2288 912
13 2 2224 912 2288 912
17 0 10
17 0 or2 2064 848 0
13 0 2208 912 2288 912
13 2 2240 752 2288 752
17 0 2
17 0 or3 1808 672 0
13 0 1952 752 2288 752
17 0 2
17 0 or3 1808 704 0
13 2 1952 752 2288 752
17 0 2
17 0 or3 1936 672 0
17 0 2
17 0 or3 1936 672 0
13 0 2064 752 2080 752
13 0 2080 752 2288 752
13 2 2080 752 2288 752
13 2 2064 752 2080 752
17 0 2
17 0 or3 2096 672 0
13 0 2240 752 2288 752
13 0 2224 752 2240 752
13 2 2240 752 2288 752
13 2 2224 752 2240 752
17 0 2
17 0 or3 2112 672 0
13 0 2256 752 2288 752
13 0 2240 752 2256 752
17 0 2
17 0 or3 1744 688 0
17 0 9
17 0 or2 2016 656 0
17 0 10
17 0 or2 2016 752 0
13 2 2240 752 2288 752
13 7 2288 752
13 8 2288 752 0
13 0 2240 720 2288 720
13 5 2288 720 Ld
13 8 2288 752 2
13 8 2288 720 2
13 8 2288 720 2
13 2 2208 912 2288 912
13 7 2288 912
13 8 2288 912 0
13 0 2208 960 2288 960
13 5 2288 960 Re
13 8 2288 912 2
13 8 2288 960 2
13 8 2288 960 2
13 2 2240 720 2288 720
13 7 2288 720
13 8 2288 720 0
13 0 2240 768 2288 768
13 5 2288 768 Ld
13 8 2288 720 2
13 8 2288 768 2
13 8 2288 768 2
13 2 2240 608 2288 608
13 7 2288 608
13 8 2288 608 0
13 0 2224 608 2272 608
13 5 2272 608 Le
13 8 2288 608 2
13 8 2272 608 2
13 8 2272 608 2
13 2 2240 768 2288 768
13 7 2288 768
13 8 2288 768 0
13 0 2224 704 2272 704
13 5 2272 704 Ld
13 8 2288 768 2
13 8 2272 704 2
13 8 2272 704 2
13 0 2256 816 2256 960
13 2 2208 960 2256 960
13 0 2224 816 2256 816
13 2 2224 816 2256 816
13 2 2256 816 2256 960
13 2 2256 960 2288 960
13 7 2288 960
13 8 2288 960 0
13 0 2224 816 2272 816
13 5 2272 816 Re
13 8 2288 960 2
13 8 2272 816 2
13 8 2272 816 2
13 2 1056 928 1152 928
13 0 1152 1072 2240 1072
13 2 1152 1072 2240 1072
13 2 1152 928 1152 1072
13 0 2240 928 2240 1072
13 0 1056 928 2240 928
13 0 2240 1072 2240 1136
13 2 2240 1072 2240 1136
13 0 2240 1072 2240 1136
13 2 1056 928 2240 928
13 2 2240 1072 2240 1136
13 2 2240 928 2240 1072
13 2 2240 1072 2288 1072
13 7 2288 1072
13 8 2288 1072 0
13 0 2224 864 2224 928
13 0 1056 928 2224 928
13 0 2224 864 2272 864
13 5 2272 864 Rd
13 8 2288 1072 2
13 8 2272 864 2
13 8 2272 864 2
13 2 2224 704 2272 704
13 7 2272 704
13 8 2272 704 0
13 0 2224 768 2272 768
13 5 2272 768 Ld
13 8 2272 704 2
13 8 2272 768 2
13 8 2272 768 2
13 2 2224 608 2272 608
13 7 2272 608
13 8 2272 608 0
13 0 2224 720 2272 720
13 5 2272 720 Le
13 8 2272 608 2
13 8 2272 720 2
13 8 2272 720 2
17 0 2
17 0 10
17 0 9
13 2 2224 864 2224 928
13 2 1056 928 2224 928
13 2 960 800 960 864
13 2 960 928 960 1008
13 2 944 1008 1056 1008
13 7 944 1008
13 8 944 1008 0
13 0 1328 1040 1440 1040
13 5 1328 1040 C
13 8 944 1008 1
13 8 1328 1040 1
13 8 1328 1040 1
17 0 12
17 0 inv 960 736 0
17 0 11
17 0 inv 960 960 0
13 2 1328 1040 1440 1040
13 7 1328 1040
13 8 1328 1040 0
13 0 1360 976 1472 976
13 5 1360 976 C
13 8 1328 1040 1
13 8 1360 976 1
13 8 1360 976 1
13 2 944 864 1056 864
13 0 944 864 1472 864
13 0 1472 864 1472 928
13 2 1472 864 1472 928
13 2 944 864 1472 864
13 7 944 864
13 8 944 864 0
13 0 1360 928 1472 928
13 5 1360 928 B
13 8 944 864 1
13 8 1360 928 1
13 8 1360 928 1
13 2 960 672 960 736
17 0 12
17 0 inv 960 848 0
13 2 1360 976 1472 976
13 2 1360 928 1472 928
13 7 1360 976
13 8 1360 976 0
13 7 1360 928
13 8 1360 928 0
13 0 944 832 1056 832
13 0 944 784 1056 784
13 5 944 832 C
13 5 944 784 B
13 8 1360 976 1
13 8 1360 928 1
13 8 944 832 1
13 8 944 784 1
13 8 944 832 1
13 8 944 784 1
17 0 11
17 0 12
17 0 4
13 2 944 784 1056 784
13 2 944 736 1056 736
13 7 944 784
13 8 944 784 0
13 7 944 736
13 8 944 736 0
13 0 944 640 1056 640
13 0 944 592 1056 592
13 5 944 640 B
13 5 944 592 A
13 8 944 784 1
13 8 944 736 1
13 8 944 640 1
13 8 944 592 1
13 8 944 640 1
13 8 944 592 1
13 2 2224 768 2272 768
13 0 2240 768 2272 768
13 0 2096 800 2096 864
13 0 2096 672 2096 736
13 0 2000 864 2000 1088
13 0 1920 832 1920 848
13 0 1920 784 1920 800
13 0 1920 592 1920 640
13 0 1904 784 1904 896
13 0 1888 672 1888 768
13 0 1856 1104 1856 1152
13 0 1856 1040 1856 1072
13 0 1856 592 1856 864
13 0 1824 704 1824 816
13 0 1808 736 1808 800
13 0 1776 848 1776 928
13 0 1776 816 1776 848
13 0 1776 656 1776 720
13 0 1776 1152 1856 1152
13 0 1776 1040 1856 1040
13 0 1904 896 1920 896
13 0 2096 864 2224 864
13 0 2000 864 2096 864
13 0 1856 864 1920 864
13 0 1776 848 1920 848
13 0 1824 816 2224 816
13 0 1776 816 1824 816
13 0 1776 800 1808 800
13 0 1904 784 1920 784
13 0 1776 784 1904 784
13 0 2064 768 2096 768
13 0 1888 768 1920 768
13 0 1776 768 1888 768
13 0 1808 736 1920 736
13 0 1776 720 2224 720
13 0 1824 704 1920 704
13 0 2064 672 2096 672
13 0 1888 672 1920 672
13 0 1856 592 1920 592
13 0 1776 592 1856 592
13 2 2000 864 2000 1088
13 2 2096 864 2272 864
13 0 2000 864 2064 864
13 2 2000 864 2064 864
13 7 2272 864
13 8 2272 864 0
13 0 2000 1088 2048 1088
13 5 2048 1088 Rd
13 8 2272 864 2
13 8 2048 1088 2
13 8 2048 1088 2
13 2 1776 848 1776 928
13 2 1776 816 1776 848
13 2 1824 816 2272 816
13 7 2272 816
13 8 2272 816 0
13 0 1776 928 1824 928
13 5 1824 928 Re
13 8 2272 816 2
13 8 1824 928 2
13 8 1824 928 2
13 2 1776 656 1776 720
13 2 1776 720 2272 720
13 7 2272 720
13 8 2272 720 0
13 0 1776 656 1824 656
13 5 1824 656 Le
13 8 2272 720 2
13 8 1824 656 2
13 8 1824 656 2
17 0 or2 1856 1024 0
17 0 or3 2096 688 0
17 0 and3 1920 784 0
17 0 and3 1920 688 0
17 0 and3 1920 592 0
17 0 or2 1632 592 0
17 0 or2 1632 864 0
17 0 and2 1632 1088 0
13 0 1632 672 1632 704
13 0 1616 944 1616 1040
13 0 1584 912 1584 1136
13 0 1584 640 1584 912
13 0 1584 592 1584 640
13 0 1552 1056 1552 1168
13 0 1392 960 1392 1056
13 0 1344 816 1344 960
13 0 1328 784 1328 832
13 0 1328 688 1328 784
13 0 1296 768 1296 928
13 0 1296 720 1296 768
13 0 1296 592 1296 720
13 0 1248 928 1248 960
13 0 1248 640 1248 800
13 0 1152 832 1152 928
13 0 1120 592 1120 848
13 0 1552 1168 1632 1168
13 0 1584 1136 1632 1136
13 0 1392 1056 1552 1056
13 0 1616 1040 1776 1040
13 0 1344 960 1376 960
13 0 1248 960 1344 960
13 0 1616 944 1632 944
13 0 1520 944 1616 944
13 0 1296 928 1376 928
13 0 1584 912 1632 912
13 0 1120 848 1776 848
13 0 1152 832 1328 832
13 0 1056 832 1152 832
13 0 1344 816 1776 816
13 0 1248 800 1776 800
13 0 1328 784 1776 784
13 0 1296 768 1776 768
13 0 1296 720 1360 720
13 0 1504 704 1632 704
13 0 1488 704 1504 704
13 0 1328 688 1360 688
13 0 1584 640 1632 640
13 0 1568 640 1584 640
13 0 1248 640 1472 640
13 0 1056 640 1248 640
13 0 1584 592 1776 592
13 0 1232 592 1296 592
13 0 1120 592 1136 592
13 0 1056 592 1120 592
17 0 inv 1152 880 0
17 0 and2 1376 880 0
17 0 and2 1360 640 0
17 0 inv 1136 544 0
17 0 inv 1472 592 0
13 2 2240 768 2272 768
13 0 2240 768 2272 768
17 0 1
17 0 5
17 0 6
17 0 7
17 0 8
13 0 1056 592 1120 592
13 2 1056 592 1120 592
13 2 1120 592 1136 592
13 2 1232 592 1296 592
13 0 1584 592 1776 592
13 2 1584 592 1776 592
13 0 1056 640 1248 640
13 2 1056 640 1248 640
13 2 1248 640 1472 640
13 2 1568 640 1584 640
13 2 1584 640 1632 640
13 2 1328 688 1360 688
13 0 1488 704 1504 704
13 2 1488 704 1504 704
13 2 1504 704 1632 704
13 2 1296 720 1360 720
13 0 1296 768 1776 768
13 2 1296 768 1776 768
13 0 1328 784 1776 784
13 2 1328 784 1776 784
13 0 1248 800 1776 800
13 2 1248 800 1776 800
13 0 1344 816 1776 816
13 2 1344 816 1776 816
13 0 1056 832 1152 832
13 2 1056 832 1152 832
13 2 1152 832 1328 832
13 0 1120 848 1776 848
13 2 1120 848 1776 848
13 2 1584 912 1632 912
13 2 1296 928 1376 928
13 2 1520 944 1616 944
13 2 1616 944 1632 944
13 2 1248 960 1344 960
13 2 1344 960 1376 960
13 0 1616 1040 1776 1040
13 2 1616 1040 1776 1040
13 2 1392 1056 1552 1056
13 2 1584 1136 1632 1136
13 2 1552 1168 1632 1168
13 2 1120 592 1120 848
13 2 1152 832 1152 928
13 2 1248 640 1248 800
13 2 1248 928 1248 960
13 0 1296 592 1296 720
13 2 1296 592 1296 720
13 0 1296 720 1296 768
13 2 1296 720 1296 768
13 2 1296 768 1296 928
13 0 1328 688 1328 784
13 2 1328 688 1328 784
13 2 1328 784 1328 832
13 2 1344 816 1344 960
13 2 1392 960 1392 1056
13 2 1552 1056 1552 1168
13 0 1584 592 1584 640
13 2 1584 592 1584 640
13 0 1584 640 1584 912
13 2 1584 640 1584 912
13 2 1584 912 1584 1136
13 2 1616 944 1616 1040
13 2 1632 672 1632 704
17 0 14
17 0 3
17 0 2
17 0 10
17 0 9
17 0 11
17 0 12
17 0 4
13 2 1776 656 1824 656
13 7 1824 656
13 8 1824 656 0
13 0 2272 720 1776 720
13 0 1776 720 1776 656
13 5 2272 720 Le
13 8 1824 656 2
13 8 1824 656 2
13 8 2272 720 2
13 2 1776 928 1824 928
13 7 1824 928
13 8 1824 928 0
13 0 2272 816 1824 816
13 0 1776 816 1776 848
13 0 1776 848 1776 928
13 5 2272 816 Re
13 8 1824 928 2
13 8 1824 928 2
13 8 2272 816 2
13 2 2000 1088 2048 1088
13 7 2048 1088
13 8 2048 1088 0
13 0 2000 864 2064 864
13 0 2096 864 2272 864
13 0 2000 864 2000 1088
13 5 2272 864 Rd
13 8 2048 1088 2
13 8 2048 1088 2
13 8 2272 864 2
13 2 1776 592 1856 592
13 2 1856 592 1920 592
13 2 1888 672 1920 672
13 2 2064 672 2096 672
13 2 1824 704 1920 704
13 0 1776 720 2224 720
13 2 1776 720 2224 720
13 2 1808 736 1920 736
13 2 1776 768 1888 768
13 2 1888 768 1920 768
13 2 2064 768 2096 768
13 2 1776 784 1904 784
13 2 1904 784 1920 784
13 2 1776 800 1808 800
13 2 1776 816 1824 816
13 0 1824 816 2224 816
13 2 1824 816 2224 816
13 2 1776 848 1920 848
13 2 1856 864 1920 864
13 2 2000 864 2096 864
13 0 2096 864 2224 864
13 2 2096 864 2224 864
13 2 1904 896 1920 896
13 2 1776 1040 1856 1040
13 2 1776 1152 1856 1152
13 2 1776 656 1776 720
13 0 1776 816 1776 848
13 2 1776 816 1776 848
13 2 1776 848 1776 928
13 2 1808 736 1808 800
13 2 1824 704 1824 816
13 2 1856 592 1856 864
13 2 1856 1040 1856 1072
13 2 1856 1104 1856 1152
13 2 1888 672 1888 768
13 2 1904 784 1904 896
13 2 1920 592 1920 640
13 2 1920 784 1920 800
13 2 1920 832 1920 848
13 2 2000 864 2000 1088
13 2 2096 672 2096 736
13 2 2096 800 2096 864
13 2 2240 768 2272 768
13 0 2224 768 2272 768
13 2 944 592 1056 592
13 2 944 640 1056 640
13 7 944 592
13 8 944 592 0
13 7 944 640
13 8 944 640 0
13 0 944 736 1056 736
13 0 944 784 1056 784
13 5 944 736 A
13 5 944 784 B
13 8 944 592 1
13 8 944 640 1
13 8 944 592 1
13 8 944 640 1
13 8 944 736 1
13 8 944 784 1
17 0 inv 960 624 0
17 0 inv 960 848 0
17 0 inv 960 960 0
13 2 944 784 1056 784
13 2 944 832 1056 832
13 7 944 784
13 8 944 784 0
13 7 944 832
13 8 944 832 0
13 0 1360 928 1472 928
13 0 1360 976 1472 976
13 5 1360 928 B
13 5 1360 976 C
13 8 944 784 1
13 8 944 832 1
13 8 944 784 1
13 8 944 832 1
13 8 1360 928 1
13 8 1360 976 1
17 0 12
17 0 inv 960 736 0
13 0 960 672 960 736
13 2 1360 928 1472 928
13 7 1360 928
13 8 1360 928 0
13 0 944 864 1472 864
13 0 1472 864 1472 928
13 5 944 864 B
13 8 1360 928 1
13 8 1360 928 1
13 8 944 864 1
13 2 1472 864 1472 928
13 2 944 864 1472 864
13 0 1056 864 944 864
13 2 1360 976 1472 976
13 7 1360 976
13 8 1360 976 0
13 0 1328 1040 1440 1040
13 5 1328 1040 C
13 8 1360 976 1
13 8 1360 976 1
13 8 1328 1040 1
17 0 11
17 0 inv 960 880 0
17 0 12
17 0 inv 960 752 0
13 2 1328 1040 1440 1040
13 7 1328 1040
13 8 1328 1040 0
13 0 944 1008 1056 1008
13 5 944 1008 C
13 8 1328 1040 1
13 8 1328 1040 1
13 8 944 1008 1
13 0 960 928 960 1008
13 0 960 800 960 864
13 0 1056 928 2224 928
13 0 2224 928 2224 864
17 0 or2 2016 656 0
17 0 or2 2016 752 0
17 0 or3 1744 688 0
13 2 2224 720 2272 720
13 7 2272 720
13 8 2272 720 0
13 0 2224 608 2272 608
13 5 2272 608 Le
13 8 2272 720 2
13 8 2272 720 2
13 8 2272 608 2
13 2 2224 768 2272 768
13 7 2272 768
13 8 2272 768 0
13 0 2224 704 2272 704
13 5 2272 704 Ld
13 8 2272 768 2
13 8 2272 768 2
13 8 2272 704 2
13 2 2224 864 2272 864
13 2 1056 928 2224 928
13 2 2224 864 2224 928
13 7 2272 864
13 8 2272 864 0
13 0 2240 1072 2288 1072
13 0 2240 928 2240 1072
13 0 2240 1072 2240 1136
13 0 1056 928 2240 928
13 5 2288 1072 Rd
13 8 2272 864 2
13 8 2272 864 2
13 8 2288 1072 2
13 2 2240 1072 2240 1136
13 0 2240 1136 2240 1072
13 2 2240 1072 2240 1136
13 2 1056 928 2240 928
13 2 2240 928 2240 1072
13 0 1152 928 1152 1072
13 0 1152 1072 2240 1072
13 0 1152 928 1056 928
13 2 2224 816 2272 816
13 7 2272 816
13 8 2272 816 0
13 0 2256 960 2288 960
13 0 2256 960 2256 816
13 0 2224 816 2256 816
13 5 2288 960 Re
13 8 2272 816 2
13 8 2272 816 2
13 8 2288 960 2
13 2 2224 816 2256 816
13 0 2208 960 2256 960
13 2 2256 816 2256 960
13 2 2224 704 2272 704
13 7 2272 704
13 8 2272 704 0
13 0 2240 768 2288 768
13 5 2288 768 Ld
13 8 2272 704 2
13 8 2272 704 2
13 8 2288 768 2
13 2 2224 608 2272 608
13 7 2272 608
13 8 2272 608 0
13 0 2240 608 2288 608
13 5 2288 608 Le
13 8 2272 608 2
13 8 2272 608 2
13 8 2288 608 2
13 2 2240 768 2288 768
13 7 2288 768
13 8 2288 768 0
13 0 2240 720 2288 720
13 5 2288 720 Ld
13 8 2288 768 2
13 8 2288 768 2
13 8 2288 720 2
13 2 2208 960 2288 960
13 7 2288 960
13 8 2288 960 0
13 0 2208 912 2288 912
13 5 2288 912 Re
13 8 2288 960 2
13 8 2288 960 2
13 8 2288 912 2
13 2 2240 720 2288 720
13 7 2288 720
13 8 2288 720 0
13 0 2240 752 2288 752
13 5 2288 752 Ld
13 8 2288 720 2
13 8 2288 720 2
13 8 2288 752 2
17 0 10
17 0 or2 2064 848 0
17 0 9
17 0 or2 2096 544 0
17 0 2
17 0 or3 2112 672 0
13 2 2240 752 2256 752
13 2 2256 752 2288 752
17 0 2
17 0 or3 2096 672 0
13 0 2224 752 2240 752
13 0 2240 752 2288 752
13 2 2224 752 2240 752
13 2 2240 752 2288 752
17 0 2
17 0 or3 1936 672 0
13 0 2064 752 2080 752
13 0 2080 752 2288 752
13 2 2080 752 2288 752
13 2 2064 752 2080 752
17 0 2
17 0 or3 1936 672 0
17 0 2
17 0 or3 1808 704 0
13 0 2288 752 1952 752
17 0 2
17 0 or3 1808 672 0
13 2 1952 752 2288 752
17 0 2
17 0 or3 2096 672 0
13 0 2240 752 2288 752
13 2 2208 912 2288 912
17 0 10
17 0 or2 2080 848 0
13 0 2224 912 2288 912
13 2 2224 912 2288 912
17 0 10
17 0 or2 2096 848 0
13 0 2240 912 2288 912
17 0 and2 1232 544 0
17 0 and2 1216 736 0
17 0 and2 1216 896 0
17 0 and2 1488 576 0
17 0 and2 1488 672 0
17 0 and2 1456 896 0
17 0 and2 1728 560 0
17 0 and2 1744 752 0
17 0 and2 1712 912 0
17 0 and2 1904 640 0
13 0 1056 672 1232 672
13 0 1232 592 1232 624
13 0 1232 624 1232 672
13 2 1232 592 1232 624
13 2 1232 624 1232 672
17 0 3
17 0 and2 1248 544 0
13 0 1248 592 1248 624
13 0 1248 624 1248 640
13 0 1248 640 1232 640
13 0 1232 640 1232 672
13 2 1232 640 1248 640
13 2 1248 624 1248 640
13 2 1232 640 1232 672
13 0 1232 592 1232 672
13 0 1248 592 1248 608
13 2 1248 592 1248 608
13 2 1248 608 1248 624
13 0 1248 592 1232 592
13 0 1248 624 1248 720
13 0 1248 720 1152 720
13 0 1152 720 1152 928
13 2 1232 592 1248 592
13 2 1248 624 1248 720
17 0 3
17 0 and2 1248 544 0
13 0 1232 592 1248 592
13 0 1248 624 1248 640
13 0 1248 640 1248 720
17 0 3
17 0 and2 1248 544 0
17 0 3
17 0 and2 1248 544 0
13 2 1232 592 1248 592
13 2 1248 624 1248 720
17 0 3
17 0 and2 1248 544 0
13 0 1232 592 1248 592
13 0 1248 624 1248 640
13 0 1248 640 1248 720
13 0 1216 784 1056 784
13 0 1056 784 1056 736
13 0 1056 816 1216 816
13 2 960 800 960 864
17 0 12
17 0 inv 960 752 0
13 0 960 800 960 832
13 0 960 832 960 864
13 2 960 800 960 864
17 0 12
17 0 inv 960 752 0
13 0 960 800 960 832
13 0 960 832 960 864
13 0 1088 816 1216 816
13 2 1088 816 1216 816
13 2 1056 816 1088 816
13 0 1120 816 1056 816
13 0 1120 816 1216 816
13 2 1056 816 1216 816
13 0 1104 816 1216 816
13 0 1104 816 1104 1008
13 0 1104 1008 1056 1008
13 0 1056 864 2096 864
13 0 2096 864 2096 784
13 0 1360 800 1680 800
13 0 1680 800 1680 768
13 0 1680 768 1920 768
13 0 1920 768 2096 768
13 0 2096 768 2096 752
13 0 1392 608 1680 608
13 0 1680 608 1680 752
13 0 1680 752 2064 752
13 0 2064 752 2064 720
13 0 2064 720 2096 720
13 0 1056 800 1056 896
13 0 1056 896 2096 896
13 0 2064 752 2064 928
13 0 2064 928 2096 928
13 0 2032 896 2032 624
13 0 2032 624 2096 624
17 0 16
17 0 1
17 0 7
17 0 and2 1520 464 0
17 0 6
17 0 and2 1104 464 0
17 0 13
17 0 and2 1712 464 0
17 0 8
17 0 and2 1216 944 0
17 0 5
17 0 and2 1456 944 0
17 0 15
17 0 and2 1712 928 0
17 0 7
17 0 and2 1440 656 0
13 0 1232 672 1440 672
13 0 1440 672 1440 704
13 0 1200 816 1200 752
13 0 1200 752 1440 752
13 0 1440 752 1440 736
13 0 1584 720 1984 720
13 0 1984 720 1984 592
13 0 1984 592 2096 592
17 0 13
17 0 and2 1712 464 0
17 0 6
17 0 13
17 0 15
17 0 5
17 0 8
13 2 1984 592 2096 592
13 2 2240 608 2288 608
13 2 2032 624 2096 624
13 2 1584 720 1984 720
13 2 2064 720 2096 720
13 2 1680 752 2064 752
13 2 2240 752 2288 752
13 2 1680 768 2096 768
13 2 960 864 2096 864
13 2 1056 896 2032 896
13 2 2032 896 2096 896
13 2 2240 912 2288 912
13 2 2064 928 2096 928
13 2 1152 1072 2288 1072
13 2 1984 592 1984 720
13 2 2032 624 2032 896
13 0 2064 720 2064 752
13 2 2064 720 2064 752
13 2 2064 752 2064 928
13 2 2096 752 2096 768
13 2 2096 784 2096 864
13 7 2288 608
13 8 2288 608 0
13 7 2288 752
13 8 2288 752 0
13 7 2288 912
13 8 2288 912 0
13 7 2288 1072
13 8 2288 1072 0
17 0 2
17 0 10
17 0 9
17 0 or3 1904 672 0
17 0 or2 1904 848 0
17 0 or2 1904 544 0
13 0 1792 592 1904 592
13 0 2048 608 2096 608
13 0 1840 624 1904 624
13 0 1584 720 1792 720
13 0 1872 720 1904 720
13 0 1792 752 1872 752
13 0 1776 752 1792 752
13 0 1680 752 1776 752
13 0 2048 752 2096 752
13 0 1792 768 1904 768
13 0 1760 768 1792 768
13 0 1680 768 1760 768
13 0 1792 864 1904 864
13 0 1744 864 1792 864
13 0 960 864 1744 864
13 0 1792 896 1840 896
13 0 1728 896 1792 896
13 0 1056 896 1728 896
13 0 1840 896 1904 896
13 0 2048 912 2096 912
13 0 1872 928 1904 928
13 0 1792 1072 2096 1072
13 0 1712 1072 1792 1072
13 0 1152 1072 1712 1072
13 0 1792 592 1792 720
13 0 1840 624 1840 896
13 0 1872 720 1872 752
13 0 1872 752 1872 928
13 0 1904 752 1904 768
13 0 1904 784 1904 864
13 5 2096 608 Le
13 5 2096 752 Ld
13 5 2096 912 Re
13 5 2096 1072 Rd
13 8 2288 608 2
13 8 2288 752 2
13 8 2288 912 2
13 8 2288 1072 2
13 8 2288 608 2
13 8 2288 752 2
13 8 2288 912 2
13 8 2288 1072 2
13 8 2096 608 2
13 8 2096 752 2
13 8 2096 912 2
13 8 2096 1072 2
13 2 1152 720 1248 720
13 2 1248 624 1248 720
13 0 1248 720 1248 624
13 0 1248 720 1152 720
13 2 1152 720 1248 720
13 2 1248 624 1248 720
13 0 1152 624 1248 624
13 0 1152 624 1152 720
13 0 1232 592 1232 656
13 2 1232 592 1232 656
13 2 1232 656 1232 672
13 0 1104 656 1104 672
13 0 1104 656 1104 592
13 0 1104 592 1232 592
13 2 1104 672 1440 672
13 2 1440 672 1440 704
13 0 1328 704 1440 704
13 0 1328 704 1104 704
13 0 1104 704 1104 672
13 2 1104 704 1440 704
13 2 1584 720 1792 720
13 2 1200 752 1440 752
13 2 1440 736 1440 752
17 0 7
17 0 and2 1440 656 0
13 0 1104 704 1440 704
13 0 1584 720 1792 720
13 0 1424 752 1440 752
13 0 1200 752 1424 752
13 0 1440 736 1440 752
13 2 1104 704 1440 704
13 2 1584 720 1792 720
13 2 1200 752 1440 752
13 2 1440 736 1440 752
17 0 7
17 0 and2 1440 656 0
13 0 1104 704 1440 704
13 0 1584 720 1792 720
13 0 1424 752 1440 752
13 0 1200 752 1424 752
13 0 1440 736 1440 752
13 2 1200 752 1440 752
13 2 1440 736 1440 752
13 0 1200 752 1200 736
13 0 1200 736 1440 736
13 2 1104 816 1200 816
13 2 1104 816 1104 1008
13 0 1200 992 1200 1008
13 0 1200 1008 1104 1008
13 0 1200 992 1200 816
13 2 1104 704 1440 704
13 2 1584 720 1792 720
13 2 1200 736 1440 736
17 0 7
17 0 and2 1248 656 0
13 0 1104 704 1248 704
13 0 1392 720 1792 720
13 0 1232 736 1248 736
13 0 1200 736 1232 736
13 2 1056 784 1216 784
13 2 1360 800 1680 800
13 2 1200 816 1216 816
17 0 14
17 0 and2 1248 736 0
13 0 1056 784 1248 784
13 0 1392 800 1680 800
13 0 1232 816 1248 816
13 0 1200 816 1232 816
13 2 1104 592 1248 592
13 2 1392 608 1680 608
13 2 1152 624 1248 624
17 0 3
17 0 and2 1248 544 0
13 0 1104 592 1248 592
13 0 1392 608 1680 608
13 0 1232 624 1248 624
13 0 1152 624 1232 624
13 2 1104 592 1248 592
13 2 1392 608 1680 608
13 2 1152 624 1248 624
17 0 3
17 0 and2 1248 544 0
13 0 1104 592 1248 592
13 0 1392 608 1680 608
13 0 1232 624 1248 624
13 0 1152 624 1232 624
13 2 1104 592 1248 592
13 2 1392 608 1680 608
13 2 1152 624 1248 624
17 0 3
17 0 and2 1248 512 0
13 0 1232 560 1248 560
13 0 1232 560 1232 592
13 0 1104 592 1232 592
13 0 1392 576 1392 608
13 0 1392 608 1680 608
13 0 1248 592 1248 624
13 0 1152 624 1248 624
13 2 1104 592 1232 592
13 2 1232 560 1232 592
13 0 1104 576 1104 560
13 0 1104 560 1232 560
13 0 1104 576 1104 592
13 2 1152 624 1248 624
13 2 1248 592 1248 624
13 0 1152 592 1248 592
13 0 1152 592 1152 624
13 2 1104 704 1248 704
13 2 1392 720 1792 720
13 2 1200 736 1248 736
17 0 7
17 0 and2 1248 624 0
13 0 1232 672 1248 672
13 0 1232 672 1232 704
13 0 1104 704 1232 704
13 0 1392 688 1392 720
13 0 1392 720 1792 720
13 0 1248 704 1248 736
13 0 1200 736 1248 736
13 2 1104 704 1232 704
13 2 1232 672 1232 704
13 0 1232 672 1104 672
13 2 1104 672 1104 704
13 2 1200 736 1248 736
13 2 1248 704 1248 736
13 0 1216 704 1248 704
13 0 1216 704 1200 704
13 0 1200 704 1200 736
13 2 1392 720 1792 720
13 2 1392 688 1392 720
13 0 1760 688 1392 688
13 0 1760 688 1792 688
13 2 1792 688 1792 720
13 0 1792 688 1792 720
13 0 1760 688 1792 688
13 2 1760 688 1792 688
13 2 1392 688 1760 688
13 0 1392 688 1392 720
13 0 1392 720 1792 720
13 0 1200 704 1200 736
13 2 1200 704 1200 736
13 0 1216 704 1200 704
13 2 1200 704 1216 704
13 2 1216 704 1248 704
13 0 1248 704 1248 736
13 0 1200 736 1248 736
13 0 1104 672 1104 704
13 0 1232 672 1104 672
13 2 1104 672 1232 672
13 0 1232 672 1232 704
13 0 1104 704 1232 704
13 2 1200 736 1248 736
13 2 1248 704 1248 736
13 2 1392 720 1792 720
13 2 1392 688 1392 720
13 2 1104 704 1232 704
13 2 1232 672 1232 704
13 2 1232 672 1248 672
17 0 7
17 0 and2 1248 656 0
13 0 1200 736 1248 736
13 0 1392 720 1792 720
13 0 1104 704 1248 704
13 0 1152 592 1152 624
13 2 1152 592 1152 624
13 2 1152 592 1248 592
13 0 1248 592 1248 624
13 0 1152 624 1248 624
13 0 1104 576 1104 592
13 2 1104 576 1104 592
13 0 1104 560 1232 560
13 2 1104 560 1232 560
13 2 1104 560 1104 576
13 0 1232 560 1232 592
13 0 1104 592 1232 592
13 2 1152 624 1248 624
13 2 1248 592 1248 624
13 2 1392 608 1680 608
13 2 1392 576 1392 608
13 2 1104 592 1232 592
13 2 1232 560 1232 592
13 2 1232 560 1248 560
17 0 3
17 0 and2 1248 544 0
13 0 1152 624 1248 624
13 0 1392 608 1680 608
13 0 1104 592 1248 592
13 0 1152 624 1232 624
13 2 1152 624 1232 624
13 2 1232 624 1248 624
13 2 1392 608 1680 608
13 2 1104 592 1248 592
17 0 3
17 0 and2 1248 544 0
13 0 1152 624 1248 624
13 0 1392 608 1680 608
13 0 1104 592 1248 592
13 0 1152 624 1232 624
13 2 1152 624 1232 624
13 2 1232 624 1248 624
13 2 1392 608 1680 608
13 2 1104 592 1248 592
17 0 3
17 0 and2 1248 544 0
13 0 1152 624 1248 624
13 0 1392 608 1680 608
13 0 1104 592 1248 592
13 0 1200 816 1232 816
13 2 1200 816 1232 816
13 2 1232 816 1248 816
13 2 1392 800 1680 800
13 2 1056 784 1248 784
17 0 14
17 0 and2 1216 736 0
13 0 1200 816 1216 816
13 0 1360 800 1680 800
13 0 1056 784 1216 784
13 0 1200 736 1232 736
13 2 1200 736 1232 736
13 2 1232 736 1248 736
13 2 1392 720 1792 720
13 2 1104 704 1248 704
17 0 7
17 0 and2 1440 656 0
13 0 1200 736 1440 736
13 0 1584 720 1792 720
13 0 1104 704 1440 704
13 0 1200 992 1200 816
13 2 1200 816 1200 992
13 0 1200 1008 1104 1008
13 2 1104 1008 1200 1008
13 2 1200 992 1200 1008
13 0 1104 816 1104 1008
13 0 1104 816 1200 816
13 2 1200 736 1440 736
13 0 1200 752 1200 736
13 2 1200 736 1200 752
13 0 1440 736 1440 752
13 0 1200 752 1440 752
13 2 1440 736 1440 752
13 0 1200 752 1424 752
13 2 1200 752 1424 752
13 2 1424 752 1440 752
13 2 1584 720 1792 720
13 2 1104 704 1440 704
17 0 7
17 0 and2 1440 656 0
13 0 1440 736 1440 752
13 0 1200 752 1440 752
13 0 1584 720 1792 720
13 0 1104 704 1440 704
13 2 1440 736 1440 752
13 0 1200 752 1424 752
13 2 1200 752 1424 752
13 2 1424 752 1440 752
13 2 1584 720 1792 720
13 2 1104 704 1440 704
17 0 7
17 0 and2 1440 656 0
13 0 1440 736 1440 752
13 0 1200 752 1440 752
13 0 1584 720 1792 720
13 0 1104 704 1440 704
13 2 1104 672 1104 704
13 0 1328 704 1104 704
13 2 1104 704 1328 704
13 2 1328 704 1440 704
13 0 1440 672 1440 704
13 0 1104 672 1440 672
13 0 1104 592 1232 592
13 2 1104 592 1232 592
13 0 1104 656 1104 592
13 2 1104 592 1104 656
13 2 1104 656 1104 672
13 0 1232 656 1232 672
13 0 1232 592 1232 656
13 0 1152 624 1152 720
13 2 1152 624 1152 720
13 2 1152 624 1248 624
13 0 1248 624 1248 720
13 0 1152 720 1248 720
13 2 1152 720 1248 720
13 2 1248 624 1248 720
13 0 1248 624 1248 720
13 0 1152 720 1248 720
13 2 1904 784 1904 864
13 2 1904 752 1904 768
13 2 1872 752 1872 928
13 2 1872 720 1872 752
13 2 1840 624 1840 896
13 2 1792 592 1792 720
13 0 1152 1072 1712 1072
13 2 1152 1072 1712 1072
13 0 1712 1072 1792 1072
13 2 1712 1072 1792 1072
13 2 1792 1072 2096 1072
13 2 1872 928 1904 928
13 2 2048 912 2096 912
13 0 1840 896 1904 896
13 2 1840 896 1904 896
13 0 1056 896 1728 896
13 2 1056 896 1728 896
13 0 1728 896 1792 896
13 2 1728 896 1792 896
13 2 1792 896 1840 896
13 0 960 864 1744 864
13 2 960 864 1744 864
13 0 1744 864 1792 864
13 2 1744 864 1792 864
13 2 1792 864 1904 864
13 0 1680 768 1760 768
13 2 1680 768 1760 768
13 0 1760 768 1792 768
13 2 1760 768 1792 768
13 2 1792 768 1904 768
13 2 2048 752 2096 752
13 0 1680 752 1776 752
13 2 1680 752 1776 752
13 0 1776 752 1792 752
13 2 1776 752 1792 752
13 2 1792 752 1872 752
13 2 1872 720 1904 720
13 2 1584 720 1792 720
13 2 1840 624 1904 624
13 2 2048 608 2096 608
13 2 1792 592 1904 592
13 7 2096 1072
13 8 2096 1072 0
13 7 2096 912
13 8 2096 912 0
13 7 2096 752
13 8 2096 752 0
13 7 2096 608
13 8 2096 608 0
17 0 9
17 0 10
17 0 2
17 0 or3 2096 672 0
17 0 or2 2096 848 0
17 0 or2 2096 544 0
13 0 2096 784 2096 864
13 0 2096 752 2096 768
13 0 2064 752 2064 928
13 0 2064 720 2064 752
13 0 2032 624 2032 896
13 0 1984 592 1984 720
13 0 1152 1072 2288 1072
13 0 2064 928 2096 928
13 0 2240 912 2288 912
13 0 2032 896 2096 896
13 0 1056 896 2032 896
13 0 960 864 2096 864
13 0 1680 768 2096 768
13 0 2240 752 2288 752
13 0 1680 752 2064 752
13 0 2064 720 2096 720
13 0 1584 720 1984 720
13 0 2032 624 2096 624
13 0 2240 608 2288 608
13 0 1984 592 2096 592
13 5 2288 1072 Rd
13 5 2288 912 Re
13 5 2288 752 Ld
13 5 2288 608 Le
13 8 2096 1072 2
13 8 2096 912 2
13 8 2096 752 2
13 8 2096 608 2
13 8 2288 1072 2
13 8 2288 912 2
13 8 2288 752 2
13 8 2288 608 2
13 8 2288 1072 2
13 8 2288 912 2
13 8 2288 752 2
13 8 2288 608 2
17 0 and2 1216 944 0
17 0 and2 1456 944 0
17 0 and2 1712 928 0
17 0 and2 1712 464 0
17 0 and2 1104 464 0
17 0 13
17 0 and2 1712 464 0
13 2 1984 592 2096 592
13 2 1984 592 1984 720
13 2 1584 720 1984 720
13 2 1440 736 1440 752
13 2 1200 752 1440 752
13 2 1200 752 1200 816
13 2 1440 672 1440 704
13 2 1232 672 1440 672
17 0 7
17 0 and2 1520 464 0
17 0 15
17 0 and2 1712 912 0
17 0 5
17 0 and2 1456 896 0
17 0 8
17 0 and2 1216 896 0
17 0 13
17 0 and2 1744 752 0
17 0 6
17 0 and2 1488 672 0
17 0 7
17 0 and2 1488 576 0
17 0 and2 1728 560 0
17 0 and2 1904 640 0
13 2 2032 624 2096 624
13 2 2032 624 2032 896
13 2 2064 928 2096 928
13 2 2064 752 2064 928
13 2 1056 896 2096 896
13 2 1056 800 1056 896
13 2 2064 720 2096 720
13 2 2064 720 2064 752
13 2 1680 752 2064 752
13 2 1680 608 1680 752
13 2 1392 608 1680 608
13 2 2096 752 2096 768
13 0 1920 768 2096 768
13 2 1920 768 2096 768
13 2 1680 768 1920 768
13 2 1680 768 1680 800
13 2 1360 800 1680 800
13 2 2096 784 2096 864
13 0 1056 864 2096 864
13 2 1056 864 2096 864
13 0 1104 1008 1056 1008
13 2 1056 1008 1104 1008
13 2 1104 816 1104 1008
13 2 1104 816 1216 816
13 0 1056 816 1216 816
13 0 1120 816 1216 816
13 2 1120 816 1216 816
13 2 1056 816 1120 816
13 0 1056 816 1088 816
13 0 1088 816 1216 816
13 0 960 832 960 864
13 2 960 832 960 864
13 2 960 800 960 832
17 0 12
17 0 inv 960 752 0
13 0 960 800 960 864
13 0 960 832 960 864
13 2 960 832 960 864
13 2 960 800 960 832
17 0 12
17 0 inv 960 752 0
13 0 960 800 960 864
13 2 1056 816 1216 816
13 2 1056 736 1056 784
13 2 1056 784 1216 784
13 0 1248 640 1248 720
13 2 1248 640 1248 720
13 2 1248 624 1248 640
13 2 1232 592 1248 592
17 0 3
17 0 and2 1248 544 0
13 0 1248 624 1248 720
13 0 1232 592 1248 592
17 0 3
17 0 and2 1248 544 0
17 0 3
17 0 and2 1248 544 0
13 0 1248 640 1248 720
13 2 1248 640 1248 720
13 2 1248 624 1248 640
13 2 1232 592 1248 592
17 0 3
17 0 and2 1248 544 0
13 0 1248 624 1248 720
13 0 1232 592 1248 592
13 2 1152 720 1152 928
13 2 1152 720 1248 720
13 2 1248 624 1248 720
13 2 1232 592 1248 592
13 0 1248 608 1248 624
13 0 1248 592 1248 608
13 2 1232 592 1232 672
13 0 1232 640 1232 672
13 0 1248 624 1248 640
13 0 1232 640 1248 640
13 2 1232 640 1232 672
13 2 1232 640 1248 640
13 2 1248 624 1248 640
13 2 1248 592 1248 624
17 0 3
17 0 and2 1232 544 0
13 0 1232 624 1232 672
13 0 1232 592 1232 624
13 2 1232 624 1232 672
13 2 1232 592 1232 624
13 2 1056 672 1232 672
17 0 16
17 0 15
17 0 13
17 0 1
17 0 5
17 0 6
17 0 7
17 0 8
17 0 14
17 0 3
13 2 2240 912 2288 912
17 0 10
17 0 or2 2080 848 0
13 0 2224 912 2288 912
13 2 2224 912 2288 912
17 0 10
17 0 or2 2064 848 0
13 0 2208 912 2288 912
13 2 2240 752 2288 752
17 0 2
17 0 or3 1808 672 0
13 0 1952 752 2288 752
17 0 2
17 0 or3 1808 704 0
13 2 1952 752 2288 752
17 0 2
17 0 or3 1936 672 0
17 0 2
17 0 or3 1936 672 0
13 0 2064 752 2080 752
13 0 2080 752 2288 752
13 2 2080 752 2288 752
13 2 2064 752 2080 752
17 0 2
17 0 or3 2096 672 0
13 0 2240 752 2288 752
13 0 2224 752 2240 752
13 2 2240 752 2288 752
13 2 2224 752 2240 752
17 0 2
17 0 or3 2112 672 0
13 0 2256 752 2288 752
13 0 2240 752 2256 752
17 0 2
17 0 or3 1744 688 0
17 0 9
17 0 or2 2016 656 0
17 0 10
17 0 or2 2016 752 0
13 2 2240 752 2288 752
13 7 2288 752
13 8 2288 752 0
13 0 2240 720 2288 720
13 5 2288 720 Ld
13 8 2288 752 2
13 8 2288 720 2
13 8 2288 720 2
13 2 2208 912 2288 912
13 7 2288 912
13 8 2288 912 0
13 0 2208 960 2288 960
13 5 2288 960 Re
13 8 2288 912 2
13 8 2288 960 2
13 8 2288 960 2
13 2 2240 720 2288 720
13 7 2288 720
13 8 2288 720 0
13 0 2240 768 2288 768
13 5 2288 768 Ld
13 8 2288 720 2
13 8 2288 768 2
13 8 2288 768 2
13 2 2240 608 2288 608
13 7 2288 608
13 8 2288 608 0
13 0 2224 608 2272 608
13 5 2272 608 Le
13 8 2288 608 2
13 8 2272 608 2
13 8 2272 608 2
13 2 2240 768 2288 768
13 7 2288 768
13 8 2288 768 0
13 0 2224 704 2272 704
13 5 2272 704 Ld
13 8 2288 768 2
13 8 2272 704 2
13 8 2272 704 2
13 0 2256 816 2256 960
13 2 2208 960 2256 960
13 0 2224 816 2256 816
13 2 2224 816 2256 816
13 2 2256 816 2256 960
13 2 2256 960 2288 960
13 7 2288 960
13 8 2288 960 0
13 0 2224 816 2272 816
13 5 2272 816 Re
13 8 2288 960 2
13 8 2272 816 2
13 8 2272 816 2
13 2 1056 928 1152 928
13 0 1152 1072 2240 1072
13 2 1152 1072 2240 1072
13 2 1152 928 1152 1072
13 0 2240 928 2240 1072
13 0 1056 928 2240 928
13 0 2240 1072 2240 1136
13 2 2240 1072 2240 1136
13 0 2240 1072 2240 1136
13 2 1056 928 2240 928
13 2 2240 1072 2240 1136
13 2 2240 928 2240 1072
13 2 2240 1072 2288 1072
13 7 2288 1072
13 8 2288 1072 0
13 0 2224 864 2224 928
13 0 1056 928 2224 928
13 0 2224 864 2272 864
13 5 2272 864 Rd
13 8 2288 1072 2
13 8 2272 864 2
13 8 2272 864 2
13 2 2224 704 2272 704
13 7 2272 704
13 8 2272 704 0
13 0 2224 768 2272 768
13 5 2272 768 Ld
13 8 2272 704 2
13 8 2272 768 2
13 8 2272 768 2
13 2 2224 608 2272 608
13 7 2272 608
13 8 2272 608 0
13 0 2224 720 2272 720
13 5 2272 720 Le
13 8 2272 608 2
13 8 2272 720 2
13 8 2272 720 2
17 0 2
17 0 10
17 0 9
13 2 2224 864 2224 928
13 2 1056 928 2224 928
13 2 960 800 960 864
13 2 960 928 960 1008
13 2 944 1008 1056 1008
13 7 944 1008
13 8 944 1008 0
13 0 1328 1040 1440 1040
13 5 1328 1040 C
13 8 944 1008 1
13 8 1328 1040 1
13 8 1328 1040 1
17 0 12
17 0 inv 960 736 0
17 0 11
17 0 inv 960 960 0
13 2 1328 1040 1440 1040
13 7 1328 1040
13 8 1328 1040 0
13 0 1360 976 1472 976
13 5 1360 976 C
13 8 1328 1040 1
13 8 1360 976 1
13 8 1360 976 1
13 2 944 864 1056 864
13 0 944 864 1472 864
13 0 1472 864 1472 928
13 2 1472 864 1472 928
13 2 944 864 1472 864
13 7 944 864
13 8 944 864 0
13 0 1360 928 1472 928
13 5 1360 928 B
13 8 944 864 1
13 8 1360 928 1
13 8 1360 928 1
13 2 960 672 960 736
17 0 12
17 0 inv 960 848 0
13 2 1360 976 1472 976
13 2 1360 928 1472 928
13 7 1360 976
13 8 1360 976 0
13 7 1360 928
13 8 1360 928 0
13 0 944 832 1056 832
13 0 944 784 1056 784
13 5 944 832 C
13 5 944 784 B
13 8 1360 976 1
13 8 1360 928 1
13 8 944 832 1
13 8 944 784 1
13 8 944 832 1
13 8 944 784 1
17 0 11
17 0 12
17 0 4
17 0 inv 960 624 0
17 0 inv 960 848 0
17 0 inv 960 960 0
13 2 944 784 1056 784
13 2 944 832 1056 832
13 7 944 784
13 8 944 784 0
13 7 944 832
13 8 944 832 0
13 0 1360 928 1472 928
13 0 1360 976 1472 976
13 5 1360 928 B
13 5 1360 976 C
13 8 944 784 1
13 8 944 832 1
13 8 944 784 1
13 8 944 832 1
13 8 1360 928 1
13 8 1360 976 1
17 0 12
17 0 inv 960 736 0
13 0 960 672 960 736
13 2 1360 928 1472 928
13 7 1360 928
13 8 1360 928 0
13 0 944 864 1472 864
13 0 1472 864 1472 928
13 5 944 864 B
13 8 1360 928 1
13 8 1360 928 1
13 8 944 864 1
13 2 1472 864 1472 928
13 2 944 864 1472 864
13 0 1056 864 944 864
13 2 1360 976 1472 976
13 7 1360 976
13 8 1360 976 0
13 0 1328 1040 1440 1040
13 5 1328 1040 C
13 8 1360 976 1
13 8 1360 976 1
13 8 1328 1040 1
17 0 11
17 0 inv 960 880 0
17 0 12
17 0 inv 960 752 0
13 2 1328 1040 1440 1040
13 7 1328 1040
13 8 1328 1040 0
13 0 944 1008 1056 1008
13 5 944 1008 C
13 8 1328 1040 1
13 8 1328 1040 1
13 8 944 1008 1
13 0 960 928 960 1008
13 0 960 800 960 864
13 0 1056 928 2224 928
13 0 2224 928 2224 864
17 0 or2 2016 656 0
17 0 or2 2016 752 0
17 0 or3 1744 688 0
13 2 2224 720 2272 720
13 7 2272 720
13 8 2272 720 0
13 0 2224 608 2272 608
13 5 2272 608 Le
13 8 2272 720 2
13 8 2272 720 2
13 8 2272 608 2
13 2 2224 768 2272 768
13 7 2272 768
13 8 2272 768 0
13 0 2224 704 2272 704
13 5 2272 704 Ld
13 8 2272 768 2
13 8 2272 768 2
13 8 2272 704 2
13 2 2224 864 2272 864
13 2 1056 928 2224 928
13 2 2224 864 2224 928
13 7 2272 864
13 8 2272 864 0
13 0 2240 1072 2288 1072
13 0 2240 928 2240 1072
13 0 2240 1072 2240 1136
13 0 1056 928 2240 928
13 5 2288 1072 Rd
13 8 2272 864 2
13 8 2272 864 2
13 8 2288 1072 2
13 2 2240 1072 2240 1136
13 0 2240 1136 2240 1072
13 2 2240 1072 2240 1136
13 2 1056 928 2240 928
13 2 2240 928 2240 1072
13 0 1152 928 1152 1072
13 0 1152 1072 2240 1072
13 0 1152 928 1056 928
13 2 2224 816 2272 816
13 7 2272 816
13 8 2272 816 0
13 0 2256 960 2288 960
13 0 2256 960 2256 816
13 0 2224 816 2256 816
13 5 2288 960 Re
13 8 2272 816 2
13 8 2272 816 2
13 8 2288 960 2
13 2 2224 816 2256 816
13 0 2208 960 2256 960
13 2 2256 816 2256 960
13 2 2224 704 2272 704
13 7 2272 704
13 8 2272 704 0
13 0 2240 768 2288 768
13 5 2288 768 Ld
13 8 2272 704 2
13 8 2272 704 2
13 8 2288 768 2
13 2 2224 608 2272 608
13 7 2272 608
13 8 2272 608 0
13 0 2240 608 2288 608
13 5 2288 608 Le
13 8 2272 608 2
13 8 2272 608 2
13 8 2288 608 2
13 2 2240 768 2288 768
13 7 2288 768
13 8 2288 768 0
13 0 2240 720 2288 720
13 5 2288 720 Ld
13 8 2288 768 2
13 8 2288 768 2
13 8 2288 720 2
13 2 2208 960 2288 960
13 7 2288 960
13 8 2288 960 0
13 0 2208 912 2288 912
13 5 2288 912 Re
13 8 2288 960 2
13 8 2288 960 2
13 8 2288 912 2
13 2 2240 720 2288 720
13 7 2288 720
13 8 2288 720 0
13 0 2240 752 2288 752
13 5 2288 752 Ld
13 8 2288 720 2
13 8 2288 720 2
13 8 2288 752 2
17 0 10
17 0 or2 2064 848 0
17 0 9
17 0 or2 2096 544 0
17 0 2
17 0 or3 2112 672 0
13 2 2240 752 2256 752
13 2 2256 752 2288 752
17 0 2
17 0 or3 2096 672 0
13 0 2224 752 2240 752
13 0 2240 752 2288 752
13 2 2224 752 2240 752
13 2 2240 752 2288 752
17 0 2
17 0 or3 1936 672 0
13 0 2064 752 2080 752
13 0 2080 752 2288 752
13 2 2080 752 2288 752
13 2 2064 752 2080 752
17 0 2
17 0 or3 1936 672 0
17 0 2
17 0 or3 1808 704 0
13 0 2288 752 1952 752
17 0 2
17 0 or3 1808 672 0
13 2 1952 752 2288 752
17 0 2
17 0 or3 2096 672 0
13 0 2240 752 2288 752
13 2 2208 912 2288 912
17 0 10
17 0 or2 2080 848 0
13 0 2224 912 2288 912
13 2 2224 912 2288 912
17 0 10
17 0 or2 2096 848 0
13 0 2240 912 2288 912
17 0 and2 1232 544 0
17 0 and2 1216 736 0
17 0 and2 1216 896 0
17 0 and2 1488 576 0
17 0 and2 1488 672 0
17 0 and2 1456 896 0
17 0 and2 1728 560 0
17 0 and2 1744 752 0
17 0 and2 1712 912 0
17 0 and2 1904 640 0
13 0 1056 672 1232 672
13 0 1232 592 1232 624
13 0 1232 624 1232 672
13 2 1232 592 1232 624
13 2 1232 624 1232 672
17 0 3
17 0 and2 1248 544 0
13 0 1248 592 1248 624
13 0 1248 624 1248 640
13 0 1248 640 1232 640
13 0 1232 640 1232 672
13 2 1232 640 1248 640
13 2 1248 624 1248 640
13 2 1232 640 1232 672
13 0 1232 592 1232 672
13 0 1248 592 1248 608
13 2 1248 592 1248 608
13 2 1248 608 1248 624
13 0 1248 592 1232 592
13 0 1248 624 1248 720
13 0 1248 720 1152 720
13 0 1152 720 1152 928
13 2 1232 592 1248 592
13 2 1248 624 1248 720
17 0 3
17 0 and2 1248 544 0
13 0 1232 592 1248 592
13 0 1248 624 1248 640
13 0 1248 640 1248 720
17 0 3
17 0 and2 1248 544 0
17 0 3
17 0 and2 1248 544 0
13 2 1232 592 1248 592
13 2 1248 624 1248 720
17 0 3
17 0 and2 1248 544 0
13 0 1232 592 1248 592
13 0 1248 624 1248 640
13 0 1248 640 1248 720
13 0 1216 784 1056 784
13 0 1056 784 1056 736
13 0 1056 816 1216 816
13 2 960 800 960 864
17 0 12
17 0 inv 960 752 0
13 0 960 800 960 832
13 0 960 832 960 864
13 2 960 800 960 864
17 0 12
17 0 inv 960 752 0
13 0 960 800 960 832
13 0 960 832 960 864
13 0 1088 816 1216 816
13 2 1088 816 1216 816
13 2 1056 816 1088 816
13 0 1120 816 1056 816
13 0 1120 816 1216 816
13 2 1056 816 1216 816
13 0 1104 816 1216 816
13 0 1104 816 1104 1008
13 0 1104 1008 1056 1008
13 0 1056 864 2096 864
13 0 2096 864 2096 784
13 0 1360 800 1680 800
13 0 1680 800 1680 768
13 0 1680 768 1920 768
13 0 1920 768 2096 768
13 0 2096 768 2096 752
13 0 1392 608 1680 608
13 0 1680 608 1680 752
13 0 1680 752 2064 752
13 0 2064 752 2064 720
13 0 2064 720 2096 720
13 0 1056 800 1056 896
13 0 1056 896 2096 896
13 0 2064 752 2064 928
13 0 2064 928 2096 928
13 0 2032 896 2032 624
13 0 2032 624 2096 624
17 0 16
17 0 1
17 0 7
17 0 and2 1520 464 0
17 0 6
17 0 and2 1104 464 0
17 0 13
17 0 and2 1712 464 0
17 0 8
17 0 and2 1216 944 0
17 0 5
17 0 and2 1456 944 0
17 0 15
17 0 and2 1712 928 0
17 0 7
17 0 and2 1440 656 0
13 0 1232 672 1440 672
13 0 1440 672 1440 704
13 0 1200 816 1200 752
13 0 1200 752 1440 752
13 0 1440 752 1440 736
13 0 1584 720 1984 720
13 0 1984 720 1984 592
13 0 1984 592 2096 592
17 0 13
17 0 and2 1712 464 0
17 0 6
17 0 13
17 0 15
17 0 5
17 0 8
13 2 1984 592 2096 592
13 2 2240 608 2288 608
13 2 2032 624 2096 624
13 2 1584 720 1984 720
13 2 2064 720 2096 720
13 2 1680 752 2064 752
13 2 2240 752 2288 752
13 2 1680 768 2096 768
13 2 960 864 2096 864
13 2 1056 896 2032 896
13 2 2032 896 2096 896
13 2 2240 912 2288 912
13 2 2064 928 2096 928
13 2 1152 1072 2288 1072
13 2 1984 592 1984 720
13 2 2032 624 2032 896
13 0 2064 720 2064 752
13 2 2064 720 2064 752
13 2 2064 752 2064 928
13 2 2096 752 2096 768
13 2 2096 784 2096 864
13 7 2288 608
13 8 2288 608 0
13 7 2288 752
13 8 2288 752 0
13 7 2288 912
13 8 2288 912 0
13 7 2288 1072
13 8 2288 1072 0
17 0 2
17 0 10
17 0 9
17 0 or3 1904 672 0
17 0 or2 1904 848 0
17 0 or2 1904 544 0
13 0 1792 592 1904 592
13 0 2048 608 2096 608
13 0 1840 624 1904 624
13 0 1584 720 1792 720
13 0 1872 720 1904 720
13 0 1792 752 1872 752
13 0 1776 752 1792 752
13 0 1680 752 1776 752
13 0 2048 752 2096 752
13 0 1792 768 1904 768
13 0 1760 768 1792 768
13 0 1680 768 1760 768
13 0 1792 864 1904 864
13 0 1744 864 1792 864
13 0 960 864 1744 864
13 0 1792 896 1840 896
13 0 1728 896 1792 896
13 0 1056 896 1728 896
13 0 1840 896 1904 896
13 0 2048 912 2096 912
13 0 1872 928 1904 928
13 0 1792 1072 2096 1072
13 0 1712 1072 1792 1072
13 0 1152 1072 1712 1072
13 0 1792 592 1792 720
13 0 1840 624 1840 896
13 0 1872 720 1872 752
13 0 1872 752 1872 928
13 0 1904 752 1904 768
13 0 1904 784 1904 864
13 5 2096 608 Le
13 5 2096 752 Ld
13 5 2096 912 Re
13 5 2096 1072 Rd
13 8 2288 608 2
13 8 2288 752 2
13 8 2288 912 2
13 8 2288 1072 2
13 8 2288 608 2
13 8 2288 752 2
13 8 2288 912 2
13 8 2288 1072 2
13 8 2096 608 2
13 8 2096 752 2
13 8 2096 912 2
13 8 2096 1072 2
13 2 1152 720 1248 720
13 2 1248 624 1248 720
13 0 1248 720 1248 624
13 0 1248 720 1152 720
13 2 1152 720 1248 720
13 2 1248 624 1248 720
13 0 1152 624 1248 624
13 0 1152 624 1152 720
13 0 1232 592 1232 656
13 2 1232 592 1232 656
13 2 1232 656 1232 672
13 0 1104 656 1104 672
13 0 1104 656 1104 592
13 0 1104 592 1232 592
13 2 1104 672 1440 672
13 2 1440 672 1440 704
13 0 1328 704 1440 704
13 0 1328 704 1104 704
13 0 1104 704 1104 672
13 2 1104 704 1440 704
13 2 1584 720 1792 720
13 2 1200 752 1440 752
13 2 1440 736 1440 752
17 0 7
17 0 and2 1440 656 0
13 0 1104 704 1440 704
13 0 1584 720 1792 720
13 0 1424 752 1440 752
13 0 1200 752 1424 752
13 0 1440 736 1440 752
13 2 1104 704 1440 704
13 2 1584 720 1792 720
13 2 1200 752 1440 752
13 2 1440 736 1440 752
17 0 7
17 0 and2 1440 656 0
13 0 1104 704 1440 704
13 0 1584 720 1792 720
13 0 1424 752 1440 752
13 0 1200 752 1424 752
13 0 1440 736 1440 752
13 2 1200 752 1440 752
13 2 1440 736 1440 752
13 0 1200 752 1200 736
13 0 1200 736 1440 736
13 2 1104 816 1200 816
13 2 1104 816 1104 1008
13 0 1200 992 1200 1008
13 0 1200 1008 1104 1008
13 0 1200 992 1200 816
13 2 1104 704 1440 704
13 2 1584 720 1792 720
13 2 1200 736 1440 736
17 0 7
17 0 and2 1248 656 0
13 0 1104 704 1248 704
13 0 1392 720 1792 720
13 0 1232 736 1248 736
13 0 1200 736 1232 736
13 2 1056 784 1216 784
13 2 1360 800 1680 800
13 2 1200 816 1216 816
17 0 14
17 0 and2 1248 736 0
13 0 1056 784 1248 784
13 0 1392 800 1680 800
13 0 1232 816 1248 816
13 0 1200 816 1232 816
13 2 1104 592 1248 592
13 2 1392 608 1680 608
13 2 1152 624 1248 624
17 0 3
17 0 and2 1248 544 0
13 0 1104 592 1248 592
13 0 1392 608 1680 608
13 0 1232 624 1248 624
13 0 1152 624 1232 624
13 2 1104 592 1248 592
13 2 1392 608 1680 608
13 2 1152 624 1248 624
17 0 3
17 0 and2 1248 544 0
13 0 1104 592 1248 592
13 0 1392 608 1680 608
13 0 1232 624 1248 624
13 0 1152 624 1232 624
13 2 1104 592 1248 592
13 2 1392 608 1680 608
13 2 1152 624 1248 624
17 0 3
17 0 and2 1248 512 0
13 0 1232 560 1248 560
13 0 1232 560 1232 592
13 0 1104 592 1232 592
13 0 1392 576 1392 608
13 0 1392 608 1680 608
13 0 1248 592 1248 624
13 0 1152 624 1248 624
13 2 1104 592 1232 592
13 2 1232 560 1232 592
13 0 1104 576 1104 560
13 0 1104 560 1232 560
13 0 1104 576 1104 592
13 2 1152 624 1248 624
13 2 1248 592 1248 624
13 0 1152 592 1248 592
13 0 1152 592 1152 624
13 2 1104 704 1248 704
13 2 1392 720 1792 720
13 2 1200 736 1248 736
17 0 7
17 0 and2 1248 624 0
13 0 1232 672 1248 672
13 0 1232 672 1232 704
13 0 1104 704 1232 704
13 0 1392 688 1392 720
13 0 1392 720 1792 720
13 0 1248 704 1248 736
13 0 1200 736 1248 736
13 2 1104 704 1232 704
13 2 1232 672 1232 704
13 0 1232 672 1104 672
13 2 1104 672 1104 704
13 2 1200 736 1248 736
13 2 1248 704 1248 736
13 0 1216 704 1248 704
13 0 1216 704 1200 704
13 0 1200 704 1200 736
13 2 1392 720 1792 720
13 2 1392 688 1392 720
13 0 1760 688 1392 688
13 0 1760 688 1792 688
13 2 1792 688 1792 720
13 2 1392 608 1680 608
13 2 1392 576 1392 608
13 0 1680 576 1392 576
13 0 1680 576 1680 608
13 2 1680 752 1872 752
13 0 1872 720 1872 752
13 2 1872 720 1872 752
13 2 1872 752 1872 928
13 0 1872 720 1872 928
13 0 1872 720 1680 720
13 2 1680 720 1680 752
13 2 1872 720 1904 720
13 2 2048 752 2096 752
13 2 1680 768 1904 768
13 2 1904 752 1904 768
13 2 1904 784 1904 864
17 0 9
17 0 or3 1904 672 0
13 0 1872 720 1904 720
13 0 2048 752 2096 752
13 0 1888 768 1904 768
13 0 1680 768 1888 768
13 0 1904 752 1904 768
13 0 1904 784 1904 864
13 2 1680 768 1904 768
13 2 1904 752 1904 768
13 0 1680 768 1680 752
13 0 1680 752 1904 752
13 2 1680 720 1872 720
13 2 1680 576 1680 720
13 0 1488 720 1488 576
13 0 1488 720 1872 720
13 2 1488 576 1680 576
13 2 1392 800 1680 800
13 2 1680 752 1680 800
13 0 1488 800 1488 752
13 0 1488 752 1680 752
13 0 1488 800 1392 800
13 2 1792 592 1904 592
13 2 2048 608 2096 608
13 2 1840 624 1904 624
13 2 1392 688 1792 688
13 2 1488 720 1872 720
13 2 1872 720 1904 720
13 2 1488 752 1904 752
13 2 2048 752 2096 752
13 2 960 864 1904 864
13 2 1056 896 1840 896
13 2 1840 896 1904 896
13 2 2048 912 2096 912
13 2 1872 928 1904 928
13 2 1152 1072 2096 1072
13 2 1792 592 1792 688
13 2 1840 624 1840 896
13 2 1872 720 1872 928
13 2 1904 784 1904 864
13 7 2096 608
13 8 2096 608 0
13 7 2096 752
13 8 2096 752 0
13 7 2096 912
13 8 2096 912 0
13 7 2096 1072
13 8 2096 1072 0
17 0 9
17 0 10
17 0 2
17 0 or3 1712 672 0
17 0 or2 1712 848 0
17 0 or2 1712 544 0
13 0 1600 592 1712 592
13 0 1856 608 1904 608
13 0 1648 624 1712 624
13 0 1584 688 1600 688
13 0 1392 688 1584 688
13 0 1584 720 1680 720
13 0 1568 720 1584 720
13 0 1488 720 1568 720
13 0 1680 720 1712 720
13 0 1584 752 1712 752
13 0 1552 752 1584 752
13 0 1488 752 1552 752
13 0 1856 752 1904 752
13 0 1584 864 1712 864
13 0 1536 864 1584 864
13 0 960 864 1536 864
13 0 1584 896 1648 896
13 0 1520 896 1584 896
13 0 1056 896 1520 896
13 0 1648 896 1712 896
13 0 1856 912 1904 912
13 0 1680 928 1712 928
13 0 1584 1072 1904 1072
13 0 1504 1072 1584 1072
13 0 1152 1072 1504 1072
13 0 1600 592 1600 688
13 0 1648 624 1648 896
13 0 1680 720 1680 928
13 0 1712 784 1712 864
13 5 1904 608 Le
13 5 1904 752 Ld
13 5 1904 912 Re
13 5 1904 1072 Rd
13 8 2096 608 2
13 8 2096 752 2
13 8 2096 912 2
13 8 2096 1072 2
13 8 2096 608 2
13 8 2096 752 2
13 8 2096 912 2
13 8 2096 1072 2
13 8 1904 608 2
13 8 1904 752 2
13 8 1904 912 2
13 8 1904 1072 2
13 2 1152 1072 1904 1072
13 7 1904 1072
13 8 1904 1072 0
13 0 2048 1072 1152 1072
13 5 2048 1072 Rd
13 8 1904 1072 2
13 8 2048 1072 2
17 0 inv 1728 1008 0
17 0 inv 1984 704 0
13 2 1856 752 1904 752
13 7 1904 752
13 8 1904 752 0
13 0 1904 752 1856 752
13 5 1904 752 Ld
13 8 1904 752 2
13 8 1904 752 2
13 0 1888 752 1904 752
13 2 1888 752 1904 752
13 2 1856 752 1888 752
13 0 1888 752 1856 752
13 0 1888 752 1904 752
13 0 1888 752 1904 752
13 2 1888 752 1904 752
13 2 1856 752 1888 752
13 7 1904 752
13 8 1904 752 0
13 5 2144 752 Ld
13 8 1904 752 2
13 8 2144 752 2
17 0 5
17 0 inv 1888 704 0
13 7 2144 752
13 8 2144 752 0
13 5 2032 752 Ld
13 8 2144 752 2
13 8 2032 752 2
13 2 1152 1072 2048 1072
13 7 2048 1072
13 8 2048 1072 0
13 0 1152 1072 2016 1072
13 5 2016 1072 Rd
13 8 2048 1072 2
13 8 2016 1072 2
17 0 8
17 0 inv 1728 1008 0
17 0 8
17 0 inv 1728 1008 0
13 0 1856 1072 2016 1072
13 2 1856 1072 2016 1072
13 2 1152 1072 1856 1072
17 0 8
17 0 inv 1728 1024 0
13 0 1152 1072 1712 1072
13 0 1728 1072 1728 1088
13 0 1728 1088 1712 1088
13 2 1712 1088 1728 1088
13 2 1728 1072 1728 1088
13 0 1728 1072 1712 1072
13 0 1824 1072 2032 1072
13 0 1824 1072 2016 1072
13 0 2016 1072 2032 1072
13 8 2016 1072 2
13 0 2032 752 1984 752
13 2 1984 752 2032 752
13 2 2016 1072 2032 1072
13 2 1824 1072 2016 1072
13 8 2016 1072 2
13 8 2016 1072 2
13 0 1728 1072 1712 1072
13 2 1712 1072 1728 1072
13 2 1152 1072 1712 1072
13 0 1152 1072 1712 1072
13 0 1728 1072 1712 1072
13 0 1824 1072 2016 1072
13 0 2016 1072 2016 1056
13 8 2016 1072 2
13 2 2016 1056 2016 1072
13 2 1824 1072 2016 1072
13 8 2016 1072 2
13 8 2016 1072 2
13 0 2016 1072 1824 1072
13 2 1824 1072 2016 1072
13 0 1824 1072 2016 1072
13 2 1824 1072 2016 1072
13 0 1824 1072 2016 1072
13 0 1984 752 2032 752
13 0 1888 752 1856 752
13 2 1856 752 1888 752
13 2 1984 752 2032 752
17 0 5
17 0 inv 1872 704 0
13 0 1856 752 1872 752
13 0 1968 752 2032 752
13 2 1968 752 2032 752
13 7 2032 752
13 8 2032 752 0
13 0 1968 752 2016 752
13 5 2016 752 Ld
13 8 2032 752 2
13 8 2016 752 2
13 2 1824 1072 2016 1072
13 7 2016 1072
13 8 2016 1072 0
13 0 1824 1072 2000 1072
13 5 2000 1072 Rd
13 8 2016 1072 2
13 8 2000 1072 2
13 2 1968 752 2016 752
13 7 2016 752
13 8 2016 752 0
13 0 1968 752 2000 752
13 5 2000 752 Ld
13 8 2016 752 2
13 8 2000 752 2
13 2 1152 1072 1728 1072
13 2 1824 1072 2000 1072
17 0 8
17 0 inv 1728 1024 0
13 0 1152 1072 1728 1072
13 0 1824 1072 2000 1072
13 2 1824 1072 2000 1072
13 2 1152 1072 1728 1072
17 0 8
17 0 inv 1728 1024 0
13 0 1824 1072 2000 1072
13 0 1152 1072 1728 1072
13 2 1968 752 2000 752
13 7 2000 752
13 8 2000 752 0
13 0 1968 752 2016 752
13 5 2016 752 Ld
13 8 2000 752 2
13 8 2016 752 2
13 8 2016 752 2
13 2 1824 1072 2000 1072
13 7 2000 1072
13 8 2000 1072 0
13 0 1824 1072 2016 1072
13 5 2016 1072 Rd
13 8 2000 1072 2
13 8 2016 1072 2
13 8 2016 1072 2
13 2 1968 752 2016 752
13 7 2016 752
13 8 2016 752 0
13 0 1968 752 2032 752
13 5 2032 752 Ld
13 8 2016 752 2
13 8 2032 752 2
13 8 2032 752 2
13 2 1968 752 2032 752
13 2 1856 752 1872 752
17 0 5
17 0 inv 1888 704 0
13 0 1984 752 2032 752
13 0 1856 752 1888 752
13 2 1856 752 1888 752
13 2 1984 752 2032 752
13 2 1824 1072 2016 1072
13 0 1728 1072 1712 1072
13 2 1712 1072 1728 1072
13 2 1152 1072 1712 1072
17 0 8
17 0 inv 1728 1008 0
13 0 1152 1072 1856 1072
13 0 1856 1072 2016 1072
17 0 8
17 0 inv 1728 1008 0
13 2 1152 1072 2016 1072
13 7 2016 1072
13 8 2016 1072 0
13 0 1152 1072 2048 1072
13 5 2048 1072 Rd
13 8 2016 1072 2
13 8 2048 1072 2
13 8 2048 1072 2
13 7 2032 752
13 8 2032 752 0
13 5 2144 752 Ld
13 8 2032 752 2
13 8 2144 752 2
13 8 2144 752 2
17 0 5
17 0 inv 1984 704 0
13 7 2144 752
13 8 2144 752 0
13 5 1904 752 Ld
13 8 2144 752 2
13 8 1904 752 2
13 8 1904 752 2
13 0 1856 752 1888 752
13 0 1888 752 1904 752
13 0 1888 752 1904 752
13 2 1888 752 1904 752
13 2 1856 752 1888 752
13 0 1856 752 1888 752
13 0 1888 752 1904 752
13 2 1856 752 1904 752
13 7 1904 752
13 8 1904 752 0
13 0 1856 752 1904 752
13 5 1904 752 Ld
13 8 1904 752 2
13 8 1904 752 2
13 8 1904 752 2
17 0 5
17 0 8
13 2 1152 1072 2048 1072
13 7 2048 1072
13 8 2048 1072 0
13 0 1152 1072 1904 1072
13 5 1904 1072 Rd
13 8 2048 1072 2
13 8 1904 1072 2
13 8 1904 1072 2
13 2 1152 1072 1904 1072
13 7 1904 1072
13 8 1904 1072 0
13 0 2048 1072 1152 1072
13 5 2048 1072 Rd
13 8 1904 1072 2
13 8 1904 1072 2
13 8 2048 1072 2
17 0 inv 1728 1008 0
17 0 inv 1984 704 0
13 2 1856 752 1904 752
13 7 1904 752
13 8 1904 752 0
13 0 1904 752 1856 752
13 5 1904 752 Ld
13 8 1904 752 2
13 8 1904 752 2
13 8 1904 752 2
13 0 1888 752 1904 752
13 2 1888 752 1904 752
13 2 1856 752 1888 752
13 0 1888 752 1856 752
13 0 1888 752 1904 752
13 0 1888 752 1904 752
13 2 1888 752 1904 752
13 2 1856 752 1888 752
13 7 1904 752
13 8 1904 752 0
13 5 2144 752 Ld
13 8 1904 752 2
13 8 1904 752 2
13 8 2144 752 2
17 0 5
17 0 inv 1888 704 0
13 7 2144 752
13 8 2144 752 0
13 5 2032 752 Ld
13 8 2144 752 2
13 8 2144 752 2
13 8 2032 752 2
13 2 1152 1072 2048 1072
13 7 2048 1072
13 8 2048 1072 0
13 0 1152 1072 2016 1072
13 5 2016 1072 Rd
13 8 2048 1072 2
13 8 2048 1072 2
13 8 2016 1072 2
17 0 8
17 0 inv 1728 1008 0
13 0 1856 1072 2016 1072
13 2 1856 1072 2016 1072
13 2 1152 1072 1856 1072
17 0 8
17 0 inv 1728 1024 0
13 0 1152 1072 1712 1072
13 0 1728 1072 1712 1072
13 0 1824 1072 2016 1072
13 0 1984 752 2032 752
13 0 1888 752 1856 752
13 2 1856 752 1888 752
13 2 1984 752 2032 752
17 0 5
17 0 inv 1872 704 0
13 0 1856 752 1872 752
13 0 1968 752 2032 752
13 2 1968 752 2032 752
13 7 2032 752
13 8 2032 752 0
13 0 1968 752 2016 752
13 5 2016 752 Ld
13 8 2032 752 2
13 8 2032 752 2
13 8 2016 752 2
13 2 1824 1072 2016 1072
13 7 2016 1072
13 8 2016 1072 0
13 0 1824 1072 2000 1072
13 5 2000 1072 Rd
13 8 2016 1072 2
13 8 2016 1072 2
13 8 2000 1072 2
13 2 1968 752 2016 752
13 7 2016 752
13 8 2016 752 0
13 0 1968 752 2000 752
13 5 2000 752 Ld
13 8 2016 752 2
13 8 2016 752 2
13 8 2000 752 2
13 2 1152 1072 1728 1072
13 2 1824 1072 2000 1072
17 0 8
17 0 inv 1728 1024 0
13 0 1152 1072 1728 1072
13 0 1824 1072 2000 1072
