10 1 1
10 1 1
10 1 1
13 2 1104 560 1248 560
13 2 1392 576 1488 576
13 2 1152 592 1248 592
13 2 1104 672 1248 672
13 2 1392 688 1600 688
13 2 1200 704 1248 704
13 2 1056 784 1248 784
13 2 1392 800 1488 800
13 2 1200 816 1248 816
13 2 960 864 1712 864
13 2 1056 896 1648 896
13 2 960 1008 1200 1008
13 0 1200 704 1200 816
13 2 1200 704 1200 816
13 2 1200 816 1200 1008
17 0 14
17 0 3
17 0 7
17 0 and2 1248 736 0
17 0 and2 1248 512 0
17 0 and2 1248 624 0
13 0 1184 560 1248 560
13 0 1104 560 1184 560
13 0 1392 576 1424 576
13 0 1424 576 1488 576
13 0 1184 592 1248 592
13 0 1152 592 1184 592
13 0 1184 672 1248 672
13 0 1104 672 1184 672
13 0 1392 688 1424 688
13 0 1424 688 1600 688
13 0 1200 704 1248 704
13 0 1184 784 1248 784
13 0 1056 784 1184 784
13 0 1392 800 1424 800
13 0 1424 800 1488 800
13 0 1200 816 1248 816
13 0 1184 864 1424 864
13 0 960 864 1184 864
13 0 1184 864 1424 864
13 0 1424 864 1712 864
13 0 1184 896 1424 896
13 0 1056 896 1184 896
13 0 1184 896 1424 896
13 0 1424 896 1648 896
13 0 1184 1008 1200 1008
13 0 960 1008 1184 1008
13 0 1200 704 1200 816
13 0 1200 816 1200 1008
13 2 1104 560 1248 560
13 2 1392 576 1488 576
13 2 1152 592 1248 592
13 2 1104 672 1248 672
13 2 1392 688 1600 688
13 2 1200 704 1248 704
13 2 1488 720 1680 720
13 2 1488 752 1712 752
13 2 1056 784 1248 784
13 2 1392 800 1488 800
13 2 1200 816 1248 816
13 2 960 864 1712 864
13 2 1056 896 1648 896
13 2 1488 576 1488 720
13 2 1488 752 1488 800
17 0 7
17 0 3
17 0 14
17 0 and2 1248 736 0
17 0 and2 1248 512 0
17 0 and2 1248 624 0
13 0 1216 560 1248 560
13 0 1104 560 1216 560
13 0 1392 576 1488 576
13 0 1216 592 1248 592
13 0 1152 592 1216 592
13 0 1216 672 1248 672
13 0 1104 672 1216 672
13 0 1392 688 1488 688
13 0 1488 688 1600 688
13 0 1216 704 1248 704
13 0 1200 704 1216 704
13 0 1488 720 1680 720
13 0 1488 752 1712 752
13 0 1216 784 1248 784
13 0 1056 784 1216 784
13 0 1392 800 1488 800
13 0 1216 816 1248 816
13 0 1200 816 1216 816
13 0 1216 864 1488 864
13 0 960 864 1216 864
13 0 1216 864 1488 864
13 0 1488 864 1712 864
13 0 1216 896 1488 896
13 0 1056 896 1216 896
13 0 1216 896 1488 896
13 0 1488 896 1648 896
13 0 1488 576 1488 720
13 0 1488 752 1488 800
13 2 1056 672 1104 672
13 2 960 672 960 736
13 2 960 800 960 864
13 2 1056 800 1056 896
13 2 1056 928 1152 928
13 2 960 928 960 1008
17 0 4
17 0 12
17 0 11
17 0 inv 960 640 0
17 0 inv 960 992 0
17 0 inv 960 912 0
13 0 1056 688 1056 672
13 0 1056 672 1104 672
13 0 960 688 960 720
13 0 960 720 960 736
13 0 960 1040 960 1072
13 0 960 1072 960 864
13 0 960 864 960 960
13 0 960 960 960 1040
13 0 1056 1040 1056 1072
13 0 1056 1088 1056 1072
13 0 1056 1088 1056 896
13 0 1056 896 1056 960
13 0 1056 960 1056 1040
13 0 1056 960 1056 928
13 0 1056 928 1152 928
13 0 960 960 960 992
13 0 960 992 960 1008
13 2 1056 928 1152 928
13 2 1056 960 1056 1040
13 2 1056 896 1056 960
13 0 1056 1088 1056 1072
13 2 1056 1072 1056 1088
13 2 1056 1040 1056 1072
13 2 960 960 960 1040
13 2 960 864 960 960
13 2 960 1040 960 1072
13 0 960 720 960 736
13 2 960 720 960 736
13 2 960 688 960 720
13 2 1056 672 1104 672
13 2 1056 672 1056 688
17 0 11
17 0 12
17 0 4
17 0 inv 960 624 0
17 0 inv 960 752 0
17 0 inv 960 880 0
13 0 960 928 960 1008
13 0 1056 928 1152 928
13 0 1056 800 1056 896
13 0 960 800 960 864
13 0 960 672 960 736
13 0 1056 672 1104 672
13 2 1056 928 1152 928
13 2 960 928 960 1008
13 2 960 800 960 864
13 2 1056 800 1056 896
13 2 1056 672 1104 672
13 2 960 672 960 736
17 0 11
17 0 12
17 0 4
17 0 inv 976 880 0
17 0 inv 976 752 0
17 0 inv 976 624 0
13 0 1072 928 1152 928
13 0 976 928 976 960
13 0 976 960 960 960
13 0 960 960 960 1008
13 0 976 800 976 832
13 0 976 832 960 832
13 0 960 832 960 864
13 0 1072 800 1072 832
13 0 1072 848 1072 832
13 0 1072 848 1056 848
13 0 1056 848 1056 896
13 0 1072 672 1104 672
13 0 976 672 976 704
13 0 976 704 960 704
13 0 960 704 960 736
13 2 960 704 960 736
13 2 960 704 976 704
13 2 976 672 976 704
13 2 1072 672 1104 672
13 2 1056 848 1056 896
13 2 1056 848 1072 848
13 0 1072 848 1072 832
13 2 1072 832 1072 848
13 2 1072 800 1072 832
13 2 960 832 960 864
13 2 960 832 976 832
13 2 976 800 976 832
13 2 960 960 960 1008
13 2 960 960 976 960
13 2 976 928 976 960
13 2 1072 928 1152 928
17 0 4
17 0 12
17 0 11
17 0 inv 960 880 0
17 0 inv 960 752 0
17 0 inv 960 624 0
13 0 960 672 960 736
13 0 1056 672 1104 672
13 0 1056 800 1056 896
13 0 960 800 960 864
13 0 960 928 960 1008
13 0 1056 928 1152 928
13 2 1056 928 1152 928
13 2 960 928 960 1008
17 0 11
17 0 inv 960 880 0
13 0 1056 928 1152 928
13 0 960 928 960 960
13 0 960 960 960 1008
13 2 1056 928 1152 928
13 2 960 928 960 1008
17 0 11
17 0 inv 960 880 0
13 0 1056 928 1152 928
13 0 960 928 960 960
13 0 960 960 960 1008
13 2 1056 928 1152 928
13 2 960 928 960 1008
17 0 11
17 0 inv 960 880 0
13 0 1056 928 1152 928
13 0 960 928 960 960
13 0 960 960 960 1008
17 0 11
17 0 inv 960 1024 0
13 0 1120 928 1152 928
13 2 1120 928 1152 928
13 2 1056 928 1120 928
13 0 1104 1072 1040 1072
13 0 1040 1072 1056 1072
13 0 1056 1072 1104 1072
13 0 1104 1072 1136 1072
17 0 11
17 0 inv 944 1024 0
17 0 11
17 0 inv 976 1024 0
13 2 960 928 960 1008
13 0 960 928 960 1008
13 2 960 928 960 1008
13 0 976 992 976 1072
13 2 976 992 976 1072
13 0 976 992 976 1072
13 2 976 992 976 1072
13 0 976 992 976 1072
13 2 976 992 976 1072
13 0 976 1008 976 1088
13 0 976 1008 976 1072
13 0 976 1072 976 1088
17 0 11
17 0 inv 976 1040 0
17 0 11
17 0 inv 976 1024 0
13 0 1120 1072 1136 1072
13 2 1120 1072 1136 1072
13 2 1072 1072 1120 1072
13 0 1120 1072 1072 1072
13 0 1120 1072 1136 1072
13 0 1120 1072 1136 1072
13 2 1120 1072 1136 1072
13 2 1072 1072 1120 1072
13 0 1136 1072 1088 1072
13 0 1136 1072 1152 1072
13 0 1136 1072 1152 1072
13 2 1136 1072 1152 1072
13 2 1088 1072 1136 1072
13 0 1120 1088 1072 1088
13 0 1120 1088 1136 1088
13 0 1104 1088 1136 1088
13 2 1104 1088 1136 1088
13 2 1072 1088 1104 1088
13 0 1120 1072 1088 1072
13 0 1120 1072 1152 1072
13 0 1120 1072 1152 1072
13 2 1120 1072 1152 1072
13 2 1088 1072 1120 1072
13 0 1120 1072 1088 1072
13 0 1120 1072 1152 1072
13 2 1152 1072 1776 1072
13 2 1088 1072 1152 1072
13 2 1152 592 1152 1072
13 0 1152 1072 1152 592
13 0 1152 1072 1088 1072
13 0 1152 1072 1776 1072
13 0 1136 1072 1152 1072
13 2 1136 1072 1152 1072
13 2 1088 1072 1136 1072
13 0 1136 1104 1088 1104
13 0 1136 1104 1152 1104
13 0 1104 1104 1152 1104
13 2 1104 1104 1152 1104
13 2 1088 1104 1104 1104
13 0 1104 1072 1088 1072
13 0 1088 1072 1088 1104
13 0 1104 1072 1152 1072
13 0 1152 1072 1152 1104
13 2 1152 1072 1152 1104
13 0 1184 1072 1152 1072
13 2 1088 1072 1088 1104
13 0 1072 1072 1088 1072
13 2 1040 1072 1072 1072
13 2 1072 1072 1152 1072
13 2 976 1008 976 1072
13 2 976 1072 976 1088
17 0 11
17 0 inv 992 1024 0
13 0 1056 1072 1088 1072
13 0 1088 1072 1152 1072
13 0 992 1040 992 1072
13 0 992 1040 976 1040
13 0 976 1008 976 1040
13 0 992 1072 992 1088
13 0 1104 1072 1152 1072
13 2 1104 1072 1152 1072
13 2 1088 1072 1104 1072
13 0 1104 1072 1088 1072
13 0 1104 1072 1152 1072
13 0 1104 1072 1152 1072
13 2 1104 1072 1152 1072
13 2 1088 1072 1104 1072
13 0 1120 1088 1088 1088
13 0 1088 1088 1088 1072
13 0 1120 1088 1152 1088
13 0 1152 1088 1152 1072
13 2 1152 1072 1152 1088
13 0 1120 1088 1152 1088
13 2 1120 1088 1152 1088
13 2 1088 1072 1088 1088
13 2 1088 1088 1120 1088
13 0 1088 1072 1104 1072
13 0 1104 1072 1152 1072
13 0 1104 1072 1152 1072
13 2 1104 1072 1152 1072
13 2 1088 1072 1104 1072
13 0 1088 1072 1104 1072
13 0 1104 1072 1152 1072
13 2 992 1072 992 1088
13 2 976 1008 976 1040
13 2 976 1040 992 1040
13 2 992 1040 992 1072
13 2 1088 1072 1152 1072
13 2 1056 1072 1088 1072
17 0 11
17 0 inv 976 1024 0
13 0 976 1072 976 1088
13 0 976 1008 976 1072
13 0 1072 1072 1152 1072
13 0 1040 1072 1072 1072
13 0 1072 1072 1088 1072
13 2 1072 1072 1088 1072
13 0 1088 1072 1088 1104
13 0 1152 1072 1152 1104
13 2 1152 1072 1152 1104
13 0 1104 1072 1152 1072
13 2 1104 1072 1152 1072
13 2 1088 1072 1088 1104
13 2 1088 1072 1104 1072
13 0 1088 1104 1104 1104
13 0 1104 1104 1152 1104
13 0 1136 1104 1152 1104
13 2 1136 1104 1152 1104
13 2 1088 1104 1136 1104
13 0 1088 1072 1136 1072
13 0 1136 1072 1152 1072
13 2 1152 1072 1776 1072
13 2 1088 1072 1152 1072
13 2 1152 592 1152 1072
13 0 1152 592 1152 1072
13 0 1088 1072 1152 1072
13 0 1152 1072 1776 1072
13 0 1120 1072 1152 1072
13 2 1120 1072 1152 1072
13 2 1088 1072 1120 1072
13 0 1088 1072 1120 1072
13 0 1120 1072 1152 1072
13 0 1120 1072 1152 1072
13 2 1120 1072 1152 1072
13 2 1088 1072 1120 1072
13 0 1072 1088 1104 1088
13 0 1104 1088 1136 1088
13 0 1120 1088 1136 1088
13 2 1120 1088 1136 1088
13 2 1072 1088 1120 1088
13 0 1088 1072 1136 1072
13 0 1136 1072 1152 1072
13 0 1136 1072 1152 1072
13 2 1136 1072 1152 1072
13 2 1088 1072 1136 1072
13 0 1072 1072 1120 1072
13 0 1120 1072 1136 1072
13 0 1120 1072 1136 1072
13 2 1120 1072 1136 1072
13 2 1072 1072 1120 1072
13 0 1072 1072 1120 1072
13 0 1120 1072 1136 1072
17 0 11
17 0 inv 976 1040 0
17 0 11
17 0 inv 976 1024 0
13 2 976 1072 976 1088
13 2 976 1008 976 1072
13 0 976 992 976 1072
13 2 976 992 976 1072
13 0 976 992 976 1072
13 2 976 992 976 1072
13 0 976 992 976 1072
13 2 976 992 976 1072
13 0 960 928 960 1008
13 2 960 928 960 1008
13 0 960 928 960 1008
17 0 11
17 0 inv 944 1024 0
17 0 11
17 0 inv 960 1024 0
13 0 1104 1072 1136 1072
13 2 1104 1072 1136 1072
13 2 1056 1072 1104 1072
13 2 1040 1072 1056 1072
13 0 1056 928 1120 928
13 0 1120 928 1152 928
17 0 11
17 0 inv 960 880 0
13 2 1056 928 1152 928
13 2 960 928 960 1008
17 0 11
17 0 inv 1040 880 0
13 0 1136 928 1152 928
13 0 1040 928 1040 960
13 0 1040 960 960 960
13 0 960 960 960 1008
13 0 960 976 960 960
13 2 960 960 960 976
13 2 960 976 960 1008
13 0 1008 976 1008 1008
13 0 1008 1008 960 1008
13 0 1008 976 1008 960
13 0 1008 960 960 960
13 2 960 960 1008 960
13 0 1040 960 1008 960
13 0 1008 976 1008 960
13 2 1008 960 1008 976
13 2 1008 976 1008 1008
13 0 1040 976 1040 1008
13 0 1040 1008 1008 1008
13 0 1040 976 1040 960
13 0 1040 960 1008 960
13 2 1008 960 1040 960
13 0 1056 816 1056 800
13 2 1056 800 1056 816
13 2 1056 816 1056 896
13 0 1056 816 1056 896
13 0 1056 816 1056 800
13 2 960 800 960 864
13 2 1056 800 1056 896
17 0 12
17 0 inv 1040 752 0
13 0 1040 800 1040 832
13 0 1040 832 960 832
13 0 960 832 960 864
13 0 1136 800 1136 832
13 0 1136 848 1136 832
13 0 1136 848 1056 848
13 0 1056 848 1056 896
13 0 1056 880 1056 848
13 2 1056 848 1056 880
13 2 1056 880 1056 896
13 0 1136 880 1136 896
13 0 1136 896 1056 896
13 0 1136 880 1136 848
13 0 1136 848 1056 848
13 2 1136 928 1152 928
13 2 1040 928 1040 1008
17 0 11
17 0 inv 1072 880 0
13 0 1168 928 1152 928
13 0 1072 928 1072 960
13 0 1072 960 1040 960
13 0 1040 960 1040 1008
13 2 1056 896 1136 896
13 0 1120 896 1136 896
13 2 1056 848 1136 848
13 2 1120 896 1136 896
13 2 1152 928 1168 928
13 2 1040 960 1072 960
13 2 1072 928 1072 960
13 0 1152 592 1152 928
13 2 1152 592 1152 928
13 2 1152 928 1152 1072
17 0 11
17 0 inv 1056 880 0
13 0 1136 928 1152 928
13 0 1040 960 1056 960
13 0 1056 928 1056 960
13 0 1136 896 1136 928
13 0 1136 896 1152 896
13 0 1152 592 1152 896
13 0 1136 928 1136 960
13 0 1136 976 1136 960
13 0 1136 976 1152 976
13 0 1152 976 1152 1072
13 2 1152 976 1152 1072
13 2 1136 976 1152 976
13 0 1136 976 1136 960
13 2 1136 960 1136 976
13 2 1136 928 1136 960
13 2 1152 592 1152 896
13 2 1136 896 1136 928
13 2 1056 928 1056 960
13 2 1040 960 1056 960
13 2 1136 928 1152 928
17 0 11
17 0 inv 1072 880 0
13 0 1152 928 1152 1072
13 0 1152 592 1152 928
13 0 1072 928 1072 960
13 0 1040 960 1072 960
13 0 1152 928 1168 928
13 0 1120 896 1136 896
13 2 1152 928 1168 928
13 2 1040 960 1072 960
13 2 1072 928 1072 960
13 0 1152 592 1152 928
13 2 1152 592 1152 928
13 2 1152 928 1152 1072
17 0 11
17 0 inv 1056 880 0
13 0 1136 928 1152 928
13 0 1040 960 1056 960
13 0 1056 928 1056 960
13 0 1136 896 1136 928
13 0 1136 896 1152 896
13 0 1152 592 1152 896
13 0 1136 928 1136 960
13 0 1136 976 1136 960
13 0 1136 976 1152 976
13 0 1152 976 1152 1072
13 2 1136 928 1152 928
13 2 1040 960 1056 960
13 2 1056 928 1056 960
13 0 1136 896 1136 928
13 2 1136 896 1136 928
13 2 1136 928 1136 976
17 0 11
17 0 inv 1072 864 0
13 0 1152 912 1168 912
13 0 1072 944 1072 960
13 0 1040 960 1072 960
13 0 1072 912 1072 944
13 0 1152 880 1152 912
13 0 1152 912 1152 944
13 0 1152 944 1136 944
13 0 1136 944 1136 976
13 2 1136 944 1136 976
13 2 1136 944 1152 944
13 2 1152 912 1152 944
13 2 1152 896 1152 912
13 0 1072 912 1072 944
13 2 1072 912 1072 944
13 2 1040 960 1072 960
13 2 1072 944 1072 960
13 2 1152 912 1168 912
17 0 11
17 0 inv 1056 880 0
13 0 1136 928 1136 976
13 0 1136 896 1136 928
13 0 1056 928 1056 960
13 0 1040 960 1056 960
13 0 1136 928 1152 928
13 2 1152 976 1152 1072
13 2 1136 976 1152 976
13 0 1136 976 1136 960
13 2 1136 960 1136 976
13 2 1136 928 1136 960
13 2 1152 592 1152 896
13 2 1136 896 1136 928
13 2 1056 928 1056 960
13 2 1040 960 1056 960
13 2 1136 928 1152 928
17 0 11
17 0 inv 1072 880 0
13 0 1152 928 1152 1072
13 0 1152 592 1152 928
13 0 1072 928 1072 960
13 0 1040 960 1072 960
13 0 1152 928 1168 928
13 0 1056 848 1136 848
13 2 1120 896 1136 896
13 0 1056 896 1136 896
13 2 1040 960 1040 1008
13 2 1040 960 1072 960
13 2 1072 928 1072 960
13 2 1152 928 1168 928
17 0 11
17 0 inv 1040 880 0
13 0 1040 928 1040 1008
13 0 1136 928 1152 928
13 0 1136 880 1136 848
13 2 1136 848 1136 880
13 2 1136 880 1136 896
13 0 1056 880 1056 896
13 0 1056 848 1056 880
13 2 1056 848 1056 896
13 2 1056 848 1136 848
13 0 1136 848 1136 832
13 2 1136 832 1136 848
13 2 1136 800 1136 832
13 2 960 832 960 864
13 2 960 832 1040 832
13 2 1040 800 1040 832
17 0 12
17 0 inv 960 752 0
13 0 1056 800 1056 896
13 0 960 800 960 864
13 2 960 800 960 864
13 2 1056 800 1056 896
17 0 12
17 0 inv 1040 752 0
13 0 1040 800 1040 832
13 0 1040 832 960 832
13 0 960 832 960 864
13 0 1136 800 1136 832
13 0 1136 848 1136 832
13 0 1136 848 1056 848
13 0 1056 848 1056 896
13 2 1136 928 1152 928
13 2 1040 928 1040 1008
17 0 11
17 0 inv 1040 880 0
13 0 1136 928 1152 928
13 0 1040 928 1040 960
13 0 1040 960 1040 1008
13 0 960 848 960 832
13 2 960 832 960 848
13 2 960 848 960 864
13 0 1040 848 1040 864
13 0 1040 864 960 864
13 0 1040 848 1040 832
13 0 1040 832 960 832
13 2 960 832 1040 832
13 2 1056 672 1104 672
13 2 960 672 960 736
17 0 4
17 0 inv 992 624 0
13 0 1088 672 1104 672
13 0 992 672 992 704
13 0 992 704 960 704
13 0 960 704 960 736
13 0 1104 640 1104 560
13 2 1104 560 1104 640
13 2 1104 640 1104 672
13 0 1184 640 1184 672
13 0 1184 672 1104 672
13 0 1184 640 1184 560
13 0 1184 560 1104 560
13 2 1104 560 1184 560
13 2 1088 672 1184 672
13 2 960 704 992 704
13 2 992 672 992 704
17 0 4
17 0 inv 1056 624 0
13 0 1152 672 1184 672
13 0 960 704 1056 704
13 0 1056 672 1056 704
13 2 1152 672 1184 672
13 2 960 704 1056 704
13 2 1056 672 1056 704
13 2 1152 592 1152 672
13 2 1152 672 1152 928
17 0 4
17 0 inv 1056 624 0
13 0 1152 672 1184 672
13 0 960 704 1056 704
13 0 1056 672 1056 704
13 0 1152 640 1152 672
13 0 1152 592 1152 640
13 0 1152 672 1152 704
13 0 1152 704 1152 928
13 2 1040 800 1040 864
13 2 1136 800 1136 848
17 0 12
17 0 inv 960 736 0
13 0 960 784 960 816
13 0 960 832 960 816
13 0 960 832 1040 832
13 0 1040 832 1040 864
13 0 1056 784 1056 816
13 0 1056 816 1136 816
13 0 1136 816 1136 848
13 2 1136 816 1136 848
13 2 1056 816 1136 816
13 2 1056 784 1056 816
13 2 1040 832 1040 864
13 2 960 832 1040 832
13 0 960 832 960 816
13 2 960 816 960 832
13 2 960 784 960 816
17 0 12
17 0 inv 1040 752 0
13 0 1136 800 1136 848
13 0 1040 800 1040 864
13 2 1040 800 1040 864
13 2 1136 800 1136 848
17 0 12
17 0 inv 1056 736 0
17 0 inv 1040 752 0
17 0 12
17 0 inv 1040 752 0
13 0 1136 800 1136 848
13 0 1040 800 1040 864
13 0 1056 880 1056 848
13 2 1056 848 1056 880
13 2 1056 880 1056 896
13 0 1136 880 1136 896
13 0 1136 896 1056 896
13 0 1136 880 1136 848
13 0 1136 848 1056 848
13 2 1056 848 1136 848
13 2 1136 928 1152 928
13 2 1040 928 1040 1008
17 0 11
17 0 inv 1040 912 0
13 0 1136 960 1136 928
13 0 1136 928 1152 928
13 0 1040 960 1040 992
13 0 1040 992 1040 1008
13 2 1056 896 1136 896
13 2 1152 672 1184 672
13 2 960 704 1056 704
13 2 1056 672 1056 704
13 2 1152 592 1152 672
13 2 1152 672 1152 928
17 0 4
17 0 inv 1040 624 0
13 0 1136 672 1184 672
13 0 960 704 1040 704
13 0 1040 672 1040 704
13 0 1136 640 1136 672
13 0 1136 640 1152 640
13 0 1152 592 1152 640
13 0 1136 672 1136 704
13 0 1136 720 1136 704
13 0 1136 720 1152 720
13 0 1152 720 1152 928
13 0 1136 704 1136 672
13 2 1136 672 1136 704
13 2 1136 704 1136 720
13 0 1152 704 1152 720
13 0 1152 720 1136 720
13 0 1152 704 1152 672
13 0 1152 672 1136 672
13 2 1136 640 1152 640
13 2 1136 672 1152 672
13 2 960 704 1040 704
13 2 1040 672 1040 704
13 2 1136 640 1136 672
17 0 4
17 0 inv 1024 624 0
13 0 1120 640 1152 640
13 0 1136 672 1120 672
13 0 1136 672 1152 672
13 0 960 704 1024 704
13 0 1024 672 1024 704
13 0 1120 640 1120 672
13 2 1120 640 1120 672
13 2 1024 672 1024 704
13 2 960 704 1024 704
13 0 1136 672 1152 672
13 2 1136 672 1152 672
13 2 1120 672 1136 672
13 2 1120 640 1152 640
17 0 4
17 0 inv 1040 624 0
13 0 1136 640 1136 672
13 0 1040 672 1040 704
13 0 960 704 1040 704
13 0 1136 672 1152 672
13 0 1136 640 1152 640
13 0 1152 704 1152 672
13 2 1152 672 1152 704
13 2 1152 704 1152 720
13 0 1136 704 1136 720
13 0 1136 672 1136 704
13 2 1152 720 1152 928
13 2 1136 720 1152 720
13 0 1136 720 1136 704
13 2 1136 704 1136 720
13 2 1136 672 1136 704
13 2 1152 592 1152 640
13 2 1136 640 1152 640
13 2 1136 640 1136 672
13 2 1040 672 1040 704
13 2 960 704 1040 704
13 2 1136 672 1184 672
17 0 4
17 0 inv 1056 624 0
13 0 1152 672 1152 928
13 0 1152 592 1152 672
13 0 1056 672 1056 704
13 0 960 704 1056 704
13 0 1152 672 1184 672
13 0 1024 704 1056 704
13 2 1024 704 1056 704
13 2 960 704 1024 704
13 0 1024 672 960 672
13 0 960 672 960 704
13 0 1024 672 1056 672
13 0 1056 672 1056 704
13 2 960 672 1056 672
13 2 1152 672 1184 672
13 2 1056 672 1056 704
13 2 1152 592 1152 672
13 2 1152 672 1152 928
17 0 4
17 0 inv 1056 624 0
13 0 960 672 1056 672
13 0 1152 672 1184 672
13 0 1056 672 1056 704
13 0 1152 640 1152 672
13 0 1152 592 1152 640
13 0 1152 672 1152 704
13 0 1152 704 1152 928
13 2 1056 672 1056 704
13 0 960 704 960 672
13 2 960 672 960 704
13 2 960 704 960 736
13 0 1056 704 1056 736
13 0 1056 736 960 736
13 0 1056 704 1056 672
13 0 1056 672 960 672
13 2 960 672 1056 672
13 0 1056 688 1056 672
13 2 1680 720 1680 928
13 0 1600 832 1680 832
13 0 1680 720 1680 832
13 0 1600 832 1680 832
13 0 1680 832 1680 928
13 2 1680 832 1680 928
13 2 1680 720 1680 832
13 2 1600 832 1680 832
13 0 1680 720 1680 928
13 0 1680 832 1680 720
13 2 1680 720 1680 832
13 2 1680 832 1680 928
13 0 1616 832 1616 928
13 0 1616 928 1680 928
13 0 1616 832 1616 720
13 0 1616 720 1680 720
13 0 1648 816 1648 624
13 2 1648 624 1648 816
13 2 1648 816 1648 896
13 0 1680 816 1680 896
13 0 1680 896 1648 896
13 0 1680 816 1680 624
13 0 1680 624 1648 624
13 2 1648 624 1680 624
13 0 1616 784 1616 720
13 2 1616 720 1616 784
13 2 1616 784 1616 928
13 0 1648 784 1648 928
13 0 1648 928 1616 928
13 0 1648 784 1648 720
13 0 1648 720 1616 720
13 2 1616 928 1648 928
13 2 1600 592 1712 592
13 2 1856 608 1904 608
13 2 2000 608 2032 608
13 2 1680 624 1712 624
13 2 1392 688 1600 688
13 2 1488 720 1648 720
13 2 1648 720 1712 720
13 2 1488 752 1712 752
13 2 1856 752 1920 752
13 2 1040 864 1712 864
13 2 1136 896 1680 896
13 2 1680 896 1712 896
13 2 1856 912 1904 912
13 2 2000 912 2032 912
13 2 1648 928 1712 928
13 2 1600 592 1600 688
13 2 1648 720 1648 928
13 2 1680 624 1680 896
13 2 1712 784 1712 864
13 7 2032 608
13 8 2032 608 0
13 7 1920 752
13 8 1920 752 0
13 7 2032 912
13 8 2032 912 0
17 0 5
17 0 8
17 0 10
17 0 9
17 0 2
17 0 inv 1920 864 0
17 0 inv 1920 560 0
17 0 or2 1728 848 0
17 0 or2 1728 544 0
17 0 or3 1728 672 0
13 0 1616 592 1728 592
13 0 1872 608 1920 608
13 0 2016 608 2048 608
13 0 1696 624 1728 624
13 0 1568 688 1616 688
13 0 1392 688 1568 688
13 0 1568 720 1664 720
13 0 1552 720 1568 720
13 0 1488 720 1552 720
13 0 1664 720 1728 720
13 0 1568 752 1728 752
13 0 1536 752 1568 752
13 0 1488 752 1536 752
13 0 1872 752 1936 752
13 0 1568 864 1728 864
13 0 1520 864 1568 864
13 0 1040 864 1520 864
13 0 1568 896 1696 896
13 0 1504 896 1568 896
13 0 1136 896 1504 896
13 0 1696 896 1728 896
13 0 1872 912 1920 912
13 0 2016 912 2048 912
13 0 1664 928 1728 928
13 0 1616 592 1616 688
13 0 1664 720 1664 928
13 0 1696 624 1696 896
13 0 1728 784 1728 864
13 5 2048 608 Le
13 5 1936 752 Ld
13 5 2048 912 Re
13 8 2032 608 2
13 8 1920 752 2
13 8 2032 912 2
13 8 2048 608 2
13 8 1936 752 2
13 8 2048 912 2
13 2 1040 800 1040 864
13 2 1136 800 1136 896
17 0 12
17 0 inv 1040 784 0
13 0 1040 832 1040 864
13 0 1136 832 1136 864
13 0 1136 880 1136 864
13 0 1136 880 1136 896
13 2 944 864 1040 864
13 2 1040 864 1136 864
13 2 1136 864 1728 864
13 2 1040 832 1040 864
13 0 1136 832 1136 864
13 2 1136 832 1136 864
13 2 1136 864 1136 896
17 0 12
17 0 inv 1056 768 0
13 0 1040 848 1056 848
13 0 1040 848 1040 864
13 0 944 864 1040 864
13 0 1056 848 1152 848
13 2 944 864 1040 864
13 2 1040 848 1040 864
13 2 1040 848 1056 848
17 0 12
17 0 inv 1040 784 0
13 0 1136 864 1136 896
13 0 1136 832 1136 864
13 0 1040 832 1040 864
13 0 1136 864 1728 864
13 0 1040 864 1136 864
13 0 944 864 1040 864
13 2 944 864 1040 864
13 2 1040 864 1136 864
13 2 1136 864 1728 864
13 2 1040 832 1040 864
13 0 1136 832 1136 864
13 2 1136 832 1136 864
13 2 1136 864 1136 896
17 0 12
17 0 inv 1072 768 0
13 0 1056 848 1072 848
13 0 1056 848 1056 864
13 0 944 864 1056 864
13 0 1072 848 1168 848
13 0 1184 848 1168 848
13 0 1184 848 1184 864
13 0 1184 864 1728 864
13 0 1072 816 1072 848
13 0 1168 816 1168 848
13 0 1168 848 1136 848
13 0 1136 848 1136 896
13 2 1136 848 1136 896
13 2 1168 816 1168 848
13 2 1072 816 1072 848
13 2 1184 864 1728 864
13 2 1184 848 1184 864
13 0 1184 848 1168 848
13 2 1168 848 1184 848
13 0 1072 848 1168 848
13 2 1072 848 1168 848
13 2 944 864 1056 864
13 2 1056 848 1056 864
13 2 1056 848 1072 848
17 0 12
17 0 inv 1040 784 0
13 0 1136 864 1136 896
13 0 1136 832 1136 864
13 0 1040 832 1040 864
13 0 1136 864 1728 864
13 0 1040 864 1136 864
13 0 944 864 1040 864
13 0 1136 880 1136 896
13 2 1136 880 1136 896
13 2 1136 864 1136 880
13 2 1136 832 1136 864
13 2 1040 832 1040 864
17 0 12
17 0 inv 1040 752 0
13 0 1136 800 1136 896
13 0 1040 800 1040 864
13 2 1040 800 1040 864
13 2 1136 800 1136 896
17 0 12
17 0 inv 1040 768 0
13 0 1040 816 1040 848
13 0 1040 848 1040 864
13 0 1136 816 1136 848
13 0 1136 864 1136 848
13 0 1136 864 1136 896
13 2 1616 592 1728 592
13 2 1872 608 1920 608
13 2 2016 608 2048 608
13 2 1696 624 1728 624
13 2 1392 688 1616 688
13 2 1488 720 1664 720
13 2 1664 720 1728 720
13 2 1488 752 1728 752
13 2 1872 752 1936 752
13 2 1136 864 1728 864
13 2 1136 896 1696 896
13 2 1696 896 1728 896
13 2 1872 912 1920 912
13 2 2016 912 2048 912
13 2 1664 928 1728 928
13 2 1616 592 1616 688
13 2 1664 720 1664 928
13 2 1696 624 1696 896
13 2 1728 784 1728 864
13 7 2048 608
13 8 2048 608 0
13 7 1936 752
13 8 1936 752 0
13 7 2048 912
13 8 2048 912 0
17 0 2
17 0 9
17 0 10
17 0 8
17 0 5
17 0 inv 1888 864 0
17 0 inv 1888 560 0
17 0 or2 1696 848 0
17 0 or2 1696 544 0
17 0 or3 1696 672 0
13 0 1584 592 1696 592
13 0 1840 608 1888 608
13 0 1984 608 2016 608
13 0 1664 624 1696 624
13 0 1568 688 1584 688
13 0 1392 688 1568 688
13 0 1568 720 1632 720
13 0 1552 720 1568 720
13 0 1488 720 1552 720
13 0 1632 720 1696 720
13 0 1568 752 1696 752
13 0 1536 752 1568 752
13 0 1488 752 1536 752
13 0 1840 752 1904 752
13 0 1568 864 1696 864
13 0 1520 864 1568 864
13 0 1136 864 1520 864
13 0 1568 896 1664 896
13 0 1504 896 1568 896
13 0 1136 896 1504 896
13 0 1664 896 1696 896
13 0 1840 912 1888 912
13 0 1984 912 2016 912
13 0 1632 928 1696 928
13 0 1584 592 1584 688
13 0 1632 720 1632 928
13 0 1664 624 1664 896
13 0 1696 784 1696 864
13 5 2016 608 Le
13 5 1904 752 Ld
13 5 2016 912 Re
13 8 2048 608 2
13 8 1936 752 2
13 8 2048 912 2
13 8 2016 608 2
13 8 1904 752 2
13 8 2016 912 2
13 2 1584 592 1696 592
13 2 1840 608 1888 608
13 2 1984 608 2016 608
13 2 1664 624 1696 624
13 2 1392 688 1584 688
13 2 1488 720 1632 720
13 2 1632 720 1696 720
13 2 1488 752 1696 752
13 2 1840 752 1904 752
13 2 1136 864 1696 864
13 2 1136 896 1664 896
13 2 1664 896 1696 896
13 2 1840 912 1888 912
13 2 1984 912 2016 912
13 2 1632 928 1696 928
13 2 1584 592 1584 688
13 2 1632 720 1632 928
13 2 1664 624 1664 896
13 2 1696 784 1696 864
13 7 2016 608
13 8 2016 608 0
13 7 1904 752
13 8 1904 752 0
13 7 2016 912
13 8 2016 912 0
17 0 5
17 0 8
17 0 10
17 0 9
17 0 2
17 0 inv 1824 864 0
17 0 inv 1824 560 0
17 0 or2 1632 848 0
17 0 or2 1632 544 0
17 0 or3 1632 672 0
13 0 1520 592 1632 592
13 0 1776 608 1824 608
13 0 1920 608 1952 608
13 0 1600 624 1632 624
13 0 1504 688 1520 688
13 0 1392 688 1504 688
13 0 1504 720 1568 720
13 0 1488 720 1504 720
13 0 1568 720 1632 720
13 0 1504 752 1632 752
13 0 1472 752 1504 752
13 0 1472 752 1488 752
13 0 1488 752 1504 752
13 0 1488 752 1472 752
13 0 1776 752 1840 752
13 0 1504 864 1632 864
13 0 1456 864 1504 864
13 0 1136 864 1456 864
13 0 1504 896 1600 896
13 0 1440 896 1504 896
13 0 1136 896 1440 896
13 0 1600 896 1632 896
13 0 1776 912 1824 912
13 0 1920 912 1952 912
13 0 1568 928 1632 928
13 0 1520 592 1520 688
13 0 1568 720 1568 928
13 0 1600 624 1600 896
13 0 1632 784 1632 864
13 5 1952 608 Le
13 5 1840 752 Ld
13 5 1952 912 Re
13 8 2016 608 2
13 8 1904 752 2
13 8 2016 912 2
13 8 1952 608 2
13 8 1840 752 2
13 8 1952 912 2
13 2 1472 752 1488 752
13 0 1568 832 1568 720
13 2 1568 720 1568 832
13 2 1568 832 1568 928
13 0 1568 832 1568 928
13 0 1568 832 1568 720
13 2 1520 592 1632 592
13 2 1776 608 1824 608
13 2 1920 608 1952 608
13 2 1600 624 1632 624
13 2 1488 720 1568 720
13 2 1568 720 1632 720
13 2 1488 752 1632 752
13 2 1776 752 1840 752
13 2 1136 864 1632 864
13 2 1136 896 1600 896
13 2 1600 896 1632 896
13 2 1776 912 1824 912
13 2 1920 912 1952 912
13 2 1568 928 1632 928
13 2 1568 720 1568 928
13 2 1600 624 1600 896
13 2 1632 784 1632 864
13 7 1952 608
13 8 1952 608 0
13 7 1840 752
13 8 1840 752 0
13 7 1952 912
13 8 1952 912 0
17 0 2
17 0 9
17 0 10
17 0 8
17 0 5
17 0 inv 1872 848 0
17 0 inv 1872 544 0
17 0 or2 1680 832 0
17 0 or2 1680 528 0
17 0 or3 1680 656 0
13 0 1600 576 1680 576
13 0 1536 576 1600 576
13 0 1536 576 1536 592
13 0 1520 592 1536 592
13 0 1824 592 1872 592
13 0 1968 592 2000 592
13 0 1648 608 1680 608
13 0 1600 704 1616 704
13 0 1552 704 1600 704
13 0 1552 704 1552 720
13 0 1488 720 1552 720
13 0 1616 704 1680 704
13 0 1600 736 1680 736
13 0 1568 736 1600 736
13 0 1568 736 1568 752
13 0 1488 752 1568 752
13 0 1824 736 1888 736
13 0 1600 848 1680 848
13 0 1584 848 1600 848
13 0 1584 848 1584 864
13 0 1136 864 1584 864
13 0 1600 880 1648 880
13 0 1600 880 1600 896
13 0 1136 896 1600 896
13 0 1648 880 1680 880
13 0 1824 896 1872 896
13 0 1968 896 2000 896
13 0 1616 912 1680 912
13 0 1616 704 1616 912
13 0 1648 608 1648 880
13 0 1680 768 1680 848
13 5 2000 592 Le
13 5 1888 736 Ld
13 5 2000 896 Re
13 8 1952 608 2
13 8 1840 752 2
13 8 1952 912 2
13 8 2000 592 2
13 8 1888 736 2
13 8 2000 896 2
13 2 1680 768 1680 848
13 2 1648 608 1648 880
13 2 1616 704 1616 912
13 2 1616 912 1680 912
13 2 1968 896 2000 896
13 2 1824 896 1872 896
13 0 1648 880 1680 880
13 2 1648 880 1680 880
13 2 1136 896 1600 896
13 2 1600 880 1600 896
13 2 1600 880 1648 880
13 2 1136 864 1584 864
13 2 1584 848 1584 864
13 0 1584 848 1600 848
13 2 1584 848 1600 848
13 2 1600 848 1680 848
13 2 1824 736 1888 736
13 2 1488 752 1568 752
13 2 1568 736 1568 752
13 0 1568 736 1600 736
13 2 1568 736 1600 736
13 2 1600 736 1680 736
13 0 1616 704 1680 704
13 2 1616 704 1680 704
13 2 1488 720 1552 720
13 2 1552 704 1552 720
13 0 1552 704 1600 704
13 2 1552 704 1600 704
13 2 1600 704 1616 704
13 2 1648 608 1680 608
13 2 1968 592 2000 592
13 2 1824 592 1872 592
13 2 1520 592 1536 592
13 2 1536 576 1536 592
13 0 1536 576 1600 576
13 2 1536 576 1600 576
13 2 1600 576 1680 576
13 7 2000 896
13 8 2000 896 0
13 7 1888 736
13 8 1888 736 0
13 7 2000 592
13 8 2000 592 0
17 0 5
17 0 8
17 0 10
17 0 9
17 0 2
17 0 inv 1824 864 0
17 0 inv 1824 560 0
17 0 or2 1632 848 0
17 0 or2 1632 544 0
17 0 or3 1632 672 0
13 0 1632 784 1632 864
13 0 1600 624 1600 896
13 0 1568 720 1568 928
13 0 1568 928 1632 928
13 0 1920 912 1952 912
13 0 1776 912 1824 912
13 0 1600 896 1632 896
13 0 1136 896 1600 896
13 0 1136 864 1632 864
13 0 1776 752 1840 752
13 0 1488 752 1632 752
13 0 1568 720 1632 720
13 0 1488 720 1568 720
13 0 1600 624 1632 624
13 0 1920 608 1952 608
13 0 1776 608 1824 608
13 0 1520 592 1632 592
13 5 1952 912 Re
13 5 1840 752 Ld
13 5 1952 608 Le
13 8 2000 896 2
13 8 1888 736 2
13 8 2000 592 2
13 8 1952 912 2
13 8 1840 752 2
13 8 1952 608 2
13 8 1952 912 2
13 8 1840 752 2
13 8 1952 608 2
13 0 1392 1072 1776 1072
13 2 1392 1072 1776 1072
13 2 1152 1072 1392 1072
13 0 1392 1040 1152 1040
13 0 1152 1040 1152 1072
13 0 1392 1040 1776 1040
13 0 1776 1040 1776 1072
13 2 1776 1040 1776 1072
13 7 1776 1072
13 8 1776 1072 0
13 0 1808 1056 1776 1056
13 0 1776 1040 1776 1056
13 5 1808 1056 Rd
13 8 1776 1072 2
13 8 1808 1056 2
13 0 1792 1056 1808 1056
13 2 1792 1056 1808 1056
13 2 1776 1056 1792 1056
13 0 1808 1040 1776 1040
13 0 1776 1040 1776 1056
13 0 1808 1040 1808 1056
13 2 1776 1040 1776 1056
13 2 1808 1040 1808 1056
13 7 1808 1056
13 8 1808 1056 0
13 0 1824 1040 1808 1040
13 5 1824 1040 Rd
13 8 1808 1056 2
13 8 1824 1040 2
13 2 1152 1040 1152 1072
13 0 1152 1056 1152 1040
13 2 1152 1040 1152 1056
13 0 1488 640 1488 576
13 2 1488 576 1488 640
13 2 1488 640 1488 720
13 0 1456 640 1456 720
13 0 1456 720 1488 720
13 0 1456 640 1456 576
13 0 1456 576 1488 576
13 2 1456 576 1488 576
13 0 1472 576 1456 576
13 0 1488 784 1488 752
13 2 1488 752 1488 784
13 2 1488 784 1488 800
13 0 1456 784 1456 800
13 0 1456 800 1488 800
13 0 1456 784 1456 752
13 0 1456 752 1488 752
13 2 1456 800 1488 800
13 0 1440 800 1456 800
13 0 1456 800 1440 800
13 2 1456 576 1472 576
13 0 1520 640 1520 592
13 2 1520 592 1520 640
13 2 1520 640 1520 688
13 0 1568 640 1568 688
13 0 1568 688 1520 688
13 0 1568 640 1568 592
13 0 1568 592 1520 592
13 2 1520 592 1568 592
