10 1 1
10 1 1
10 1 1
10 1 101
17 0 11
17 0 4
17 0 12
17 0 2
17 0 9
17 0 10
17 0 8
17 0 14
17 0 3
17 0 7
17 0 5
13 2 1184 560 1248 560
13 2 1392 576 1456 576
13 2 1152 592 1248 592
13 2 1568 592 1632 592
13 2 1776 608 1824 608
13 2 1920 608 1952 608
13 2 1600 624 1632 624
13 2 1152 672 1184 672
13 2 1184 672 1248 672
13 2 1392 688 1568 688
13 2 1200 704 1248 704
13 2 1456 720 1568 720
13 2 1568 720 1632 720
13 2 944 736 1056 736
13 2 1456 752 1632 752
13 2 1776 752 1840 752
13 2 1056 784 1248 784
13 2 1392 800 1456 800
13 2 1200 816 1248 816
13 2 944 864 1040 864
13 2 1040 864 1136 864
13 2 1136 864 1632 864
13 2 1136 896 1600 896
13 2 1600 896 1632 896
13 2 1776 912 1824 912
13 2 1920 912 1952 912
13 2 1136 928 1152 928
13 2 1568 928 1632 928
13 2 944 1008 1040 1008
13 2 1040 1008 1200 1008
13 2 1152 1040 1824 1040
13 2 1040 816 1040 864
13 2 1040 960 1040 1008
13 0 1056 672 1056 736
13 2 1056 672 1056 736
13 2 1056 736 1056 784
13 0 1136 816 1136 864
13 2 1136 816 1136 864
13 2 1136 864 1136 896
13 2 1136 928 1136 960
13 0 1152 592 1152 672
13 2 1152 592 1152 672
13 0 1152 672 1152 928
13 2 1152 672 1152 928
13 2 1152 928 1152 1040
13 2 1184 560 1184 672
13 0 1200 704 1200 816
13 2 1200 704 1200 816
13 2 1200 816 1200 1008
13 2 1456 576 1456 720
13 2 1456 752 1456 800
13 2 1568 592 1568 688
13 2 1568 720 1568 928
13 2 1600 624 1600 896
13 2 1632 784 1632 864
13 7 1952 608
13 8 1952 608 0
13 7 944 736
13 8 944 736 0
13 7 1840 752
13 8 1840 752 0
13 7 944 864
13 8 944 864 0
13 7 1952 912
13 8 1952 912 0
13 7 944 1008
13 8 944 1008 0
13 7 1824 1040
13 8 1824 1040 0
13 8 1952 608 2
13 8 944 736 1
13 8 1840 752 2
13 8 944 864 1
13 8 1952 912 2
13 8 944 1008 1
13 8 1824 1040 2
10 1 1
10 1 1
10 3 1
13 0 1632 784 1632 864
13 0 1600 624 1600 896
13 0 1568 720 1568 928
13 0 1568 592 1568 688
13 0 1456 752 1456 800
13 0 1456 576 1456 720
13 0 1200 816 1200 1008
13 0 1200 704 1200 816
13 0 1184 560 1184 672
13 0 1152 928 1152 1040
13 0 1152 672 1152 928
13 0 1152 592 1152 672
13 0 1136 928 1136 960
13 0 1136 864 1136 896
13 0 1136 816 1136 864
13 0 1056 736 1056 784
13 0 1056 672 1056 736
13 0 1040 960 1040 1008
13 0 1040 816 1040 864
13 0 1152 1040 1824 1040
13 0 1040 1008 1200 1008
13 0 944 1008 1040 1008
13 0 1568 928 1632 928
13 0 1136 928 1152 928
13 0 1920 912 1952 912
13 0 1776 912 1824 912
13 0 1600 896 1632 896
13 0 1136 896 1600 896
13 0 1136 864 1632 864
13 0 1040 864 1136 864
13 0 944 864 1040 864
13 0 1200 816 1248 816
13 0 1392 800 1456 800
13 0 1056 784 1248 784
13 0 1776 752 1840 752
13 0 1456 752 1632 752
13 0 944 736 1056 736
13 0 1568 720 1632 720
13 0 1456 720 1568 720
13 0 1200 704 1248 704
13 0 1392 688 1568 688
13 0 1184 672 1248 672
13 0 1152 672 1184 672
13 0 1600 624 1632 624
13 0 1920 608 1952 608
13 0 1776 608 1824 608
13 0 1568 592 1632 592
13 0 1152 592 1248 592
13 0 1392 576 1456 576
13 0 1184 560 1248 560
13 5 1824 1040 Rd
13 5 944 1008 C
13 5 1952 912 Re
13 5 944 864 B
13 5 1840 752 Ld
13 5 944 736 A
13 5 1952 608 Le
13 8 1824 1040 2
13 8 944 1008 1
13 8 1952 912 2
13 8 944 864 1
13 8 1840 752 2
13 8 944 736 1
13 8 1952 608 2
17 0 inv 1040 912 0
17 0 inv 1056 624 0
17 0 inv 1040 768 0
17 0 inv 1824 864 0
17 0 inv 1824 560 0
17 0 or2 1632 848 0
17 0 or2 1632 544 0
17 0 and2 1248 736 0
17 0 and2 1248 512 0
17 0 and2 1248 624 0
17 0 or3 1632 672 0
10 1 1
10 1 1
