designverincludedir -clear
designverlibrarysim -PL -clear
designverlibrarysim -L -clear
designverlibrarysim -PL pmi_work
designverlibrarysim ovi_machxo2
designverdefinemacro -clear
addfile C:/lscc/diamond/3.1_x64/bin/nt64/Lab5_TekBotSM/Section5_SM.v
# Adding file C:\lscc\diamond\3.1_x64\bin\nt64\Lab5_TekBotSM\Section5_SM.v ... Done
addfile C:/lscc/diamond/3.1_x64/bin/nt64/Lab5_TekBotSM/clock_counter.v
# Adding file C:\lscc\diamond\3.1_x64\bin\nt64\Lab5_TekBotSM\clock_counter.v ... Done
addfile C:/lscc/diamond/3.1_x64/bin/nt64/Lab5_TekBotSM/Section5_Top.v
# Adding file C:\lscc\diamond\3.1_x64\bin\nt64\Lab5_TekBotSM\Section5_Top.v ... Done
addfile C:/lscc/diamond/3.1_x64/bin/nt64/Lab5_TekBotSM/Section5_Top_tf.v
# Adding file C:\lscc\diamond\3.1_x64\bin\nt64\Lab5_TekBotSM\Section5_Top_tf.v ... Done
vlib C:/lscc/diamond/3.1_x64/bin/nt64/Lab5_TekBotSM/sec5sim/work
# Warning: Library work already exists
adel -all
# Library contents cleared.
vlog -dbg -work work C:/lscc/diamond/3.1_x64/bin/nt64/Lab5_TekBotSM/Section5_SM.v
# Compile...
# Pass 1. Scanning modules hierarchy.
# Pass 2. Processing instantiations.
# Pass 3. Processing behavioral statements.
# Parameters in case labels, will not check for overlapping labels (C:/lscc/diamond/3.1_x64/bin/nt64/Lab5_TekBotSM/Section5_SM.v, ln 39).
# Parameters in case labels, will not check for overlapping labels (C:/lscc/diamond/3.1_x64/bin/nt64/Lab5_TekBotSM/Section5_SM.v, ln 61).
# ELB/DAG code generating.
# Unit top modules: Sec5_SM.
# $root top modules: Sec5_SM.
# Compile success 0 Errors 0 Warnings  Analysis time: 0[s].
# done
vlog -dbg -work work C:/lscc/diamond/3.1_x64/bin/nt64/Lab5_TekBotSM/clock_counter.v
# Compile...
# Pass 1. Scanning modules hierarchy.
# Info: VCP2113 Module \$root found in current working library.
# Pass 2. Processing instantiations.
# Pass 3. Processing behavioral statements.
# ELB/DAG code generating.
# Info: VCP2113 Module \$root found in current working library.
# Info: VCP2113 Module Sec5_SM found in current working library.
# Unit top modules: clock_counter.
# $root top modules: Sec5_SM clock_counter.
# Compile success 0 Errors 0 Warnings  Analysis time: 0[s].
# done
vlog -dbg -work work C:/lscc/diamond/3.1_x64/bin/nt64/Lab5_TekBotSM/Section5_Top.v
# Compile...
# Pass 1. Scanning modules hierarchy.
# Info: VCP2113 Module \$root found in current working library.
# Info: VCP2113 Module clock_counter found in current working library.
# Info: VCP2113 Module Sec5_SM found in current working library.
# Pass 2. Processing instantiations.
# Pass 3. Processing behavioral statements.
# ELB/DAG code generating.
# Info: VCP2113 Module \$root found in current working library.
# Unit top modules: Section5_Top.
# $root top modules: Section5_Top.
# Compile success 0 Errors 0 Warnings  Analysis time: 0[s].
# done
vlog -dbg -work work C:/lscc/diamond/3.1_x64/bin/nt64/Lab5_TekBotSM/Section5_Top_tf.v
# Compile...
# Pass 1. Scanning modules hierarchy.
# Info: VCP2113 Module \$root found in current working library.
# Info: VCP2113 Module Section5_Top found in current working library.
# Info: VCP2113 Module clock_counter found in current working library.
# Info: VCP2113 Module Sec5_SM found in current working library.
# Info: VCP2113 Module clock_counter found in current working library.
# Info: VCP2113 Module Sec5_SM found in current working library.
# Pass 2. Processing instantiations.
# Pass 3. Processing behavioral statements.
# ELB/DAG code generating.
# Info: VCP2113 Module \$root found in current working library.
# Unit top modules: Section5_Top_tf.
# $root top modules: Section5_Top_tf.
# Compile success 0 Errors 0 Warnings  Analysis time: 0[s].
# done
module Section5_Top_tf
# ELBREAD: Elaboration process.
# ELBREAD: Warning: Module 'Section5_Top' does not have a `timescale directive, but previous modules do.
# ELBREAD: Warning: Module 'clock_counter' does not have a `timescale directive, but previous modules do.
# ELBREAD: Warning: Module 'Sec5_SM' does not have a `timescale directive, but previous modules do.
# ELBREAD: Elaboration time 0.0 [s].
vsim +access +r Section5_Top_tf -PL pmi_work -L ovi_machxo2
# ELBREAD: Elaboration process.
# ELBREAD: Warning: Module 'Section5_Top' does not have a `timescale directive, but previous modules do.
# ELBREAD: Warning: Module 'clock_counter' does not have a `timescale directive, but previous modules do.
# ELBREAD: Warning: Module 'Sec5_SM' does not have a `timescale directive, but previous modules do.
# ELBREAD: Elaboration time 0.0 [s].
# vsim: Stack memory: 32MB
# vsim: Retval memory: 32MB
# 
# KERNEL: Main thread initiated.
# KERNEL: Kernel process initialization phase.
# KERNEL: Time resolution set to 1ps.
# ELAB2: Elaboration final pass...
# ELAB2: Create instances ...
# ELAB2: Create instances complete.
# SLP: Started
# SLP: Elaboration phase ...
# SLP: Elaboration phase ... done : 0.0 [s]
# SLP: Generation phase ...
# SLP: Generation phase ... done : 0.8 [s]
# SLP: Finished : 0.9 [s]
# SLP: 3 (30.00%) primitives and 7 (70.00%) other processes in SLP
# SLP: 29 (100.00%) signals in SLP and 0 interface signals
# ELAB2: Elaboration final pass complete - time: 1.0 [s].
# KERNEL: SLP loading done - time: 0.0 [s].
# KERNEL: Warning: You are using the Active-HDL Lattice Edition. The performance of simulation is running at a reduced rate.
# KERNEL: Warning: Contact Aldec for available upgrade options - sales@aldec.com.
# KERNEL: SLP simulation initialization done - time: 0.0 [s].
# KERNEL: Kernel process initialization done.
# Allocation: Simulator allocated 5315 kB (elbread=1023 elab2=4146 kernel=144 sdf=0)
# KERNEL: ASDB file was created in location C:\lscc\diamond\3.1_x64\bin\nt64\Lab5_TekBotSM\sec5sim\src\wave.asdb
#  3:12 PM, Wednesday, May 28, 2014
#  Simulation has been initialized
#  Selected Top-Level: Section5_Top_tf (Section5_Top_tf)
add wave *
# 4 signal(s) traced.
run 1000ns
# Waveform file 'untitled.awc' connected to 'C:/lscc/diamond/3.1_x64/bin/nt64/Lab5_TekBotSM/sec5sim/src/wave.asdb'.
# KERNEL: stopped at time: 1 us
run 100 ns
# KERNEL: stopped at time: 1100 ns
run @3s
# KERNEL: stopped at time: 3 sec
#  Simulation has been stopped
