-- all messages logged in file synthesis.log
INFO:                                                           
INFO: ##########################################################
INFO: ### Lattice Family : MachXO2A
INFO: ### Device  : LCMXO2-7000HE
INFO: ### Package : FTBGA256
INFO: ### Speed   : 4
INFO: ##########################################################
INFO:                                                           
INFO: fix_gated_clocks = 1
-- Technology check ok...
-- Technology check ok...
c:/lscc/diamond/3.1_x64/bin/nt64/lab6_finaldesign/section6_top.v(1): INFO: compiling module Sec6_Top (VERI-1018)
C:/lscc/diamond/3.1_x64/ispfpga/userware/NT/SYNTHESIS_HEADERS/machxo2.v(1793): INFO: compiling module OSCH(NOM_FREQ="2.08") (VERI-1018)
c:/lscc/diamond/3.1_x64/bin/nt64/lab6_finaldesign/section6_finaldesign/source/clock_counter.v(1): INFO: compiling module clock_counter (VERI-1018)
c:/lscc/diamond/3.1_x64/bin/nt64/lab6_finaldesign/section6_sm.v(1): INFO: compiling module Sec6_SM (VERI-1018)
c:/lscc/diamond/3.1_x64/bin/nt64/lab6_finaldesign/determinenum.v(1): INFO: compiling module determineNum (VERI-1018)
c:/lscc/diamond/3.1_x64/bin/nt64/lab6_finaldesign/sevenseg.v(1): INFO: compiling module sevenSeg (VERI-1018)
Software Tool error
Please contact Lattice Semiconductor Corporation
