
map -a "MachXO2" -p LCMXO2-7000HE -t TQFP144 -s 4 -oc Commercial   "Lab4_SmartTekbotRemote_Lab4_SmartTekbotRemote.ngd" -o "Lab4_SmartTekbotRemote_Lab4_SmartTekbotRemote_map.ncd" -pr "Lab4_SmartTekbotRemote_Lab4_SmartTekbotRemote.prf" -mp "Lab4_SmartTekbotRemote_Lab4_SmartTekbotRemote.mrp" "C:/lscc/diamond/3.1_x64/bin/nt64/Lab4_SmartTekbotRemote/Lab4_SmartTekbotRemote.lpf" -c 0            
map:  version Diamond (64-bit) 3.1.0.96

Copyright (c) 1991-1994 by NeoCAD Inc. All rights reserved.
Copyright (c) 1995 AT&T Corp.   All rights reserved.
Copyright (c) 1995-2001 Lucent Technologies Inc.  All rights reserved.
Copyright (c) 2001 Agere Systems   All rights reserved.
Copyright (c) 2002-2014 Lattice Semiconductor Corporation,  All rights reserved.
   Process the file: Lab4_SmartTekbotRemote_Lab4_SmartTekbotRemote.ngd
   Picdevice="LCMXO2-7000HE"

   Pictype="TQFP144"

   Picspeed=4

   Remove unused logic

   Do not produce over sized NCDs.

Part used: LCMXO2-7000HETQFP144, Performance used: 4.

    <postMsg mid="1100679" type="Warning" dynamic="2" navigation="2" arg0="C:/lscc/diamond/3.1_x64/bin/nt64/Lab4_SmartTekbotRemote/Lab4_SmartTekbotRemote.lpf(6): Semantic error in &quot;LOCATE COMP &quot;Le&quot; SITE &quot;140&quot; ;&quot;: " arg1="Le" arg2="C:/lscc/diamond/3.1_x64/bin/nt64/Lab4_SmartTekbotRemote/Lab4_SmartTekbotRemote.lpf" arg3="6"  />
    <postMsg mid="1100679" type="Warning" dynamic="2" navigation="2" arg0="C:/lscc/diamond/3.1_x64/bin/nt64/Lab4_SmartTekbotRemote/Lab4_SmartTekbotRemote.lpf(7): Semantic error in &quot;LOCATE COMP &quot;Ld&quot; SITE &quot;141&quot; ;&quot;: " arg1="Ld" arg2="C:/lscc/diamond/3.1_x64/bin/nt64/Lab4_SmartTekbotRemote/Lab4_SmartTekbotRemote.lpf" arg3="7"  />
    <postMsg mid="1100679" type="Warning" dynamic="2" navigation="2" arg0="C:/lscc/diamond/3.1_x64/bin/nt64/Lab4_SmartTekbotRemote/Lab4_SmartTekbotRemote.lpf(8): Semantic error in &quot;LOCATE COMP &quot;Rd&quot; SITE &quot;142&quot; ;&quot;: " arg1="Rd" arg2="C:/lscc/diamond/3.1_x64/bin/nt64/Lab4_SmartTekbotRemote/Lab4_SmartTekbotRemote.lpf" arg3="8"  />
    <postMsg mid="1100679" type="Warning" dynamic="2" navigation="2" arg0="C:/lscc/diamond/3.1_x64/bin/nt64/Lab4_SmartTekbotRemote/Lab4_SmartTekbotRemote.lpf(9): Semantic error in &quot;LOCATE COMP &quot;Re&quot; SITE &quot;143&quot; ;&quot;: " arg1="Re" arg2="C:/lscc/diamond/3.1_x64/bin/nt64/Lab4_SmartTekbotRemote/Lab4_SmartTekbotRemote.lpf" arg3="9"  />
    <postMsg mid="1104062" type="Warning" dynamic="2" navigation="0" arg0="" arg1="4 semantic errors"  />
Loading device for application map from file 'xo2c7000.nph' in environment: C:/lscc/diamond/3.1_x64/ispfpga.
Package Status:                     Final          Version 1.36

Running general design DRC...

Removing unused logic...

Optimizing...




Design Summary:
   Number of registers:      0 out of  7209 (0%)
      PFU registers:            0 out of  6864 (0%)
      PIO registers:            0 out of   345 (0%)
   Number of SLICEs:         3 out of  3432 (0%)
      SLICEs as Logic/ROM:      3 out of  3432 (0%)
      SLICEs as RAM:            0 out of  2574 (0%)
      SLICEs as Carry:          0 out of  3432 (0%)
   Number of LUT4s:          6 out of  6864 (0%)
      Number of logic LUTs:        6
      Number of distributed RAM:   0 (0 LUT4s)
      Number of ripple logic:      0 (0 LUT4s)
      Number of shift registers:   0
   Number of PIO sites used: 9 + 4(JTAG) out of 115 (11%)
   Number of block RAMs:  0 out of 26 (0%)
   Number of GSRs:  0 out of 1 (0%)
   EFB used :       No
   JTAG used :      No
   Readback used :  No
   Oscillator used :  No
   Startup used :   No
   POR :            On
   Bandgap :        On
   Number of Power Controller:  0 out of 1 (0%)
   Number of Dynamic Bank Controller (BCINRD):  0 out of 6 (0%)
   Number of Dynamic Bank Controller (BCLVDSO):  0 out of 1 (0%)
   Number of DCCA:  0 out of 8 (0%)
   Number of DCMA:  0 out of 2 (0%)
   Number of PLLs:  0 out of 2 (0%)
   Number of DQSDLLs:  0 out of 2 (0%)
   Number of CLKDIVC:  0 out of 4 (0%)
   Number of ECLKSYNCA:  0 out of 4 (0%)
   Number of ECLKBRIDGECS:  0 out of 2 (0%)
   Notes:-
      1. Total number of LUT4s = (Number of logic LUT4s) + 2*(Number of distributed RAMs) + 2*(Number of ripple logic)
      2. Number of logic LUT4s does not include count of distributed RAM and ripple logic.
   Number of clocks:  0
   Number of Clock Enables:  0
   Number of LSRs:  0
   Number of nets driven by tri-state buffers:  0
   Top 10 highest fanout non-clock nets:
     Net AnalogLDir_c: 4 loads
     Net AnalogRDir_c: 4 loads
     Net A_c: 3 loads
     Net C_c: 3 loads
     Net B_c: 2 loads
     Net Ldir_c: 1 loads
     Net Len_int: 1 loads
     Net Rdir_c: 1 loads
     Net Ren_c: 1 loads
     Net Ren_int: 1 loads
    <postMsg mid="51001230" type="Warning" dynamic="1" navigation="0" arg0="C:/lscc/diamond/3.1_x64/bin/nt64/Lab4_SmartTekbotRemote/Lab4_SmartTekbotRemote.lpf"  />
 

   Number of warnings:  6
   Number of errors:    0



Total CPU Time: 0 secs  
Total REAL Time: 0 secs  
Peak Memory Usage: 60 MB

Dumping design to file Lab4_SmartTekbotRemote_Lab4_SmartTekbotRemote_map.ncd.

mpartrce -p "Lab4_SmartTekbotRemote_Lab4_SmartTekbotRemote.p2t" -f "Lab4_SmartTekbotRemote_Lab4_SmartTekbotRemote.p3t" -tf "Lab4_SmartTekbotRemote_Lab4_SmartTekbotRemote.pt" "Lab4_SmartTekbotRemote_Lab4_SmartTekbotRemote_map.ncd" "Lab4_SmartTekbotRemote_Lab4_SmartTekbotRemote.ncd"

---- MParTrce Tool ----
Removing old design directory at request of -rem command line option to this program.
Running par. Please wait . . .

Lattice Place and Route Report for Design "Lab4_SmartTekbotRemote_Lab4_SmartTekbotRemote_map.ncd"
Wed May 14 14:58:59 2014

PAR: Place And Route Diamond (64-bit) 3.1.0.96.
Command Line: par -w -l 5 -i 6 -t 1 -c 0 -e 0 -gui -exp parUseNBR=1:parCDP=0:parCDR=0:parPathBased=OFF Lab4_SmartTekbotRemote_Lab4_SmartTekbotRemote_map.ncd Lab4_SmartTekbotRemote_Lab4_SmartTekbotRemote.dir/5_1.ncd Lab4_SmartTekbotRemote_Lab4_SmartTekbotRemote.prf
Preference file: Lab4_SmartTekbotRemote_Lab4_SmartTekbotRemote.prf.
Placement level-cost: 5-1.
Routing Iterations: 6

Loading design for application par from file Lab4_SmartTekbotRemote_Lab4_SmartTekbotRemote_map.ncd.
Design name: Lolhi
NCD version: 3.2
Vendor:      LATTICE
Device:      LCMXO2-7000HE
Package:     TQFP144
Performance: 4
Loading device for application par from file 'xo2c7000.nph' in environment: C:/lscc/diamond/3.1_x64/ispfpga.
Package Status:                     Final          Version 1.36
Performance Hardware Data Status:   Final)         Version 23.4
License checked out.


Ignore Preference Error(s):  True
Device utilization summary:

   PIO (prelim)    9+4(JTAG)/336     4% used
                   9+4(JTAG)/115     11% bonded

   SLICE              3/3432         <1% used



Number of Signals: 11
Number of Connections: 22

Pin Constraint Summary:
   9 out of 9 pins locked (100% locked).

No signal is selected as primary clock.


No signal is selected as secondary clock.

No signal is selected as Global Set/Reset.
Starting Placer Phase 0.

Finished Placer Phase 0.  REAL time: 0 secs 

Starting Placer Phase 1.
...............
Placer score = 7816.
Finished Placer Phase 1.  REAL time: 2 secs 

Starting Placer Phase 2.
.
Placer score =  7816
Finished Placer Phase 2.  REAL time: 2 secs 


------------------ Clock Report ------------------

Global Clock Resources:
  CLK_PIN    : 0 out of 8 (0%)
  PLL        : 0 out of 2 (0%)
  DCM        : 0 out of 2 (0%)
  DCC        : 0 out of 8 (0%)

Quadrants All (TL, TR, BL, BR) - Global Clocks:

  PRIMARY  : 0 out of 8 (0%)
  SECONDARY: 0 out of 8 (0%)

Edge Clocks:
  No edge clock selected.

--------------- End of Clock Report ---------------


I/O Usage Summary (final):
   9 + 4(JTAG) out of 336 (3.9%) PIO sites used.
   9 + 4(JTAG) out of 115 (11.3%) bonded PIO sites used.
   Number of PIO comps: 9; differential: 0
   Number of Vref pins used: 0

I/O Bank Usage Summary:
+----------+---------------+------------+-----------+
| I/O Bank | Usage         | Bank Vccio | Bank Vref |
+----------+---------------+------------+-----------+
| 0        | 4 / 28 ( 14%) | 2.5V       | -         |
| 1        | 0 / 29 (  0%) | -          | -         |
| 2        | 0 / 29 (  0%) | -          | -         |
| 3        | 0 / 9 (  0%)  | -          | -         |
| 4        | 2 / 10 ( 20%) | 2.5V       | -         |
| 5        | 3 / 10 ( 30%) | 2.5V       | -         |
+----------+---------------+------------+-----------+

Total placer CPU time: 1 secs 

Dumping design to file Lab4_SmartTekbotRemote_Lab4_SmartTekbotRemote.dir/5_1.ncd.


-----------------------------------------------------------------
INFO - par: ASE feature is off due to non timing-driven settings.  
-----------------------------------------------------------------

0 connections routed; 22 unrouted.
Starting router resource preassignment

Completed router resource preassignment. Real time: 3 secs 

Start NBR router at 14:59:02 05/14/14

*****************************************************************
Info: NBR allows conflicts(one node used by more than one signal)
      in the earlier iterations. In each iteration, it tries to  
      solve the conflicts while keeping the critical connections 
      routed as short as possible. The routing process is said to
      be completed when no conflicts exist and all connections   
      are routed.                                                
Note: NBR uses a different method to calculate timing slacks. The
      worst slack and total negative slack may not be the same as
      that in TRCE report. You should always run TRCE to verify  
      your design. Thanks.                                       
*****************************************************************

Start NBR special constraint process at 14:59:02 05/14/14

Start NBR section for initial routing
Level 4, iteration 1
0(0.00%) conflict; 0(0.00%) untouched conn; 0 (nbr) score; real time: 3 secs 

Info: Initial congestion level at 75% usage is 0
Info: Initial congestion area  at 75% usage is 0 (0.00%)

Start NBR section for normal routing
Level 4, iteration 1
0(0.00%) conflict; 0(0.00%) untouched conn; 0 (nbr) score; real time: 3 secs 

Start NBR section for re-routing
Level 4, iteration 1
0(0.00%) conflict; 0(0.00%) untouched conn; 0 (nbr) score; real time: 3 secs 

Start NBR section for post-routing

End NBR router with 0 unrouted connection

NBR Summary
-----------
  Number of unrouted connections : 0 (0.00%)
  Number of connections with timing violations : 0 (0.00%)
  Estimated worst slack<setup> : <n/a>
  Timing score<setup> : 0
-----------
Notes: The timing info is calculated for SETUP only and all PAR_ADJs are ignored.


Total CPU time 3 secs 
Total REAL time: 3 secs 
Completely routed.
End of route.  22 routed (100.00%); 0 unrouted.
Checking DRC ... 
No errors found.

Hold time timing score: 0, hold timing errors: 0

Timing score: 0 

Dumping design to file Lab4_SmartTekbotRemote_Lab4_SmartTekbotRemote.dir/5_1.ncd.

PAR_SUMMARY::Number of errors = 0

Total CPU  time to completion: 3 secs 
Total REAL time to completion: 4 secs 

par done!

Copyright (c) 1991-1994 by NeoCAD Inc. All rights reserved.
Copyright (c) 1995 AT&T Corp.   All rights reserved.
Copyright (c) 1995-2001 Lucent Technologies Inc.  All rights reserved.
Copyright (c) 2001 Agere Systems   All rights reserved.
Copyright (c) 2002-2014 Lattice Semiconductor Corporation,  All rights reserved.
Exiting par with exit code 0
Exiting mpartrce with exit code 0

bitgen -f "Lab4_SmartTekbotRemote_Lab4_SmartTekbotRemote.t2b" -w "Lab4_SmartTekbotRemote_Lab4_SmartTekbotRemote.ncd" -jedec "Lab4_SmartTekbotRemote_Lab4_SmartTekbotRemote.prf"


BITGEN: Bitstream Generator Diamond (64-bit) 3.1.0.96
Copyright (c) 1991-1994 by NeoCAD Inc. All rights reserved.
Copyright (c) 1995 AT&T Corp.   All rights reserved.
Copyright (c) 1995-2001 Lucent Technologies Inc.  All rights reserved.
Copyright (c) 2001 Agere Systems   All rights reserved.
Copyright (c) 2002-2014 Lattice Semiconductor Corporation,  All rights reserved.


Loading design for application Bitgen from file Lab4_SmartTekbotRemote_Lab4_SmartTekbotRemote.ncd.
Design name: Lolhi
NCD version: 3.2
Vendor:      LATTICE
Device:      LCMXO2-7000HE
Package:     TQFP144
Performance: 4
Loading device for application Bitgen from file 'xo2c7000.nph' in environment: C:/lscc/diamond/3.1_x64/ispfpga.
Package Status:                     Final          Version 1.36
Performance Hardware Data Status:   Final)         Version 23.4

Running DRC.
DRC detected 0 errors and 0 warnings.
Reading Preference File from Lab4_SmartTekbotRemote_Lab4_SmartTekbotRemote.prf...

Preference Summary:
+---------------------------------+---------------------------------+
|  Preference                     |  Current Setting                |
+---------------------------------+---------------------------------+
|                         RamCfg  |                        Reset**  |
+---------------------------------+---------------------------------+
|                     MCCLK_FREQ  |                         2.08**  |
+---------------------------------+---------------------------------+
|                  CONFIG_SECURE  |                          OFF**  |
+---------------------------------+---------------------------------+
|                      JTAG_PORT  |                       ENABLE**  |
+---------------------------------+---------------------------------+
|                       SDM_PORT  |                      DISABLE**  |
+---------------------------------+---------------------------------+
|                 SLAVE_SPI_PORT  |                      DISABLE**  |
+---------------------------------+---------------------------------+
|                MASTER_SPI_PORT  |                      DISABLE**  |
+---------------------------------+---------------------------------+
|                       I2C_PORT  |                      DISABLE**  |
+---------------------------------+---------------------------------+
|        MUX_CONFIGURATION_PORTS  |                      DISABLE**  |
+---------------------------------+---------------------------------+
|                  CONFIGURATION  |                          CFG**  |
+---------------------------------+---------------------------------+
|                COMPRESS_CONFIG  |                           ON**  |
+---------------------------------+---------------------------------+
|                        MY_ASSP  |                          OFF**  |
+---------------------------------+---------------------------------+
|               ONE_TIME_PROGRAM  |                          OFF**  |
+---------------------------------+---------------------------------+
|                 ENABLE_TRANSFR  |                      DISABLE**  |
+---------------------------------+---------------------------------+
|                  SHAREDEBRINIT  |                      DISABLE**  |
+---------------------------------+---------------------------------+
 *  Default setting.
 ** The specified setting matches the default setting.


Creating bit map...
 
Bitstream Status:   Final           Version 1.83
 
Saving bit stream in "Lab4_SmartTekbotRemote_Lab4_SmartTekbotRemote.jed".
 
===========
UFM Summary
===========
UFM Size:        2046 Pages (128*2046 Bits)
UFM Utilization: General Purpose Flash Memory
 
Available General Purpose Flash Memory: 2046 Pages (Page 0 to Page 2045)
Initialized UFM Pages:                     0 Page
 
